1. Get-Content -LiteralPath 'C:\Users\ASUS\Dev\Menu AI Cowork\pipeline\task-260420-141453-003.prompt' -Raw
   Result: timed out

2. Get-Content -LiteralPath 'C:\Users\ASUS\Dev\Menu AI Cowork\pipeline\task-260420-141453-003.prompt' -Raw

3. git fetch origin 2>$null; git reset --hard origin/main

4. Get-Date -Format o
   Result: timed out

5. Get-Date -Format o

6. $c = Get-Content -LiteralPath '.\pages\StaffOrdersMobile\staffordersmobile.jsx'; $c[535..560]
   Result: timed out

7. $c = Get-Content -LiteralPath '.\pages\StaffOrdersMobile\staffordersmobile.jsx'; $c[3538..3565]
   Result: timed out

8. $c = Get-Content -LiteralPath '.\pages\StaffOrdersMobile\staffordersmobile.jsx'; $c[3768..3845]
   Result: timed out

9. $c = Get-Content -LiteralPath '.\pages\StaffOrdersMobile\staffordersmobile.jsx'; $c[3880..3945]
   Result: timed out

10. [System.IO.File]::ReadLines((Resolve-Path '.\pages\StaffOrdersMobile\staffordersmobile.jsx')) | Select-Object -Skip 535 -First 26
    Result: timed out

11. [System.IO.File]::ReadLines((Resolve-Path '.\pages\StaffOrdersMobile\staffordersmobile.jsx')) | Select-Object -Skip 3538 -First 28
    Result: timed out

12. [System.IO.File]::ReadLines((Resolve-Path '.\pages\StaffOrdersMobile\staffordersmobile.jsx')) | Select-Object -Skip 3768 -First 78
    Result: timed out

13. [System.IO.File]::ReadLines((Resolve-Path '.\pages\StaffOrdersMobile\staffordersmobile.jsx')) | Select-Object -Skip 3880 -First 66
    Result: timed out

14. Get-Item -LiteralPath '.\pages\StaffOrdersMobile\staffordersmobile.jsx' | Format-List FullName,Length

15. @'
from pathlib import Path
start=536
end=561
p=Path(r'pages/StaffOrdersMobile/staffordersmobile.jsx')
with p.open('r', encoding='utf-8') as f:
    for i,line in enumerate(f, start=1):
        if i < start:
            continue
        if i > end:
            break
        print(f'{i}: {line.rstrip()}')
'@ | python -

16. @'
from pathlib import Path
start=3539
end=3566
p=Path(r'pages/StaffOrdersMobile/staffordersmobile.jsx')
with p.open('r', encoding='utf-8') as f:
    for i,line in enumerate(f, start=1):
        if i < start:
            continue
        if i > end:
            break
        print(f'{i}: {line.rstrip()}')
'@ | python -

17. @'
from pathlib import Path
start=3769
end=3846
p=Path(r'pages/StaffOrdersMobile/staffordersmobile.jsx')
with p.open('r', encoding='utf-8') as f:
    for i,line in enumerate(f, start=1):
        if i < start:
            continue
        if i > end:
            break
        print(f'{i}: {line.rstrip()}')
'@ | python -
   Result: failed due to console encoding

18. @'
from pathlib import Path
start=3881
end=3946
p=Path(r'pages/StaffOrdersMobile/staffordersmobile.jsx')
with p.open('r', encoding='utf-8') as f:
    for i,line in enumerate(f, start=1):
        if i < start:
            continue
        if i > end:
            break
        print(f'{i}: {line.rstrip()}')
'@ | python -
   Result: failed due to console encoding

19. @'
from pathlib import Path
import sys
sys.stdout.reconfigure(encoding='utf-8')
start=3769
end=3846
p=Path(r'pages/StaffOrdersMobile/staffordersmobile.jsx')
with p.open('r', encoding='utf-8') as f:
    for i,line in enumerate(f, start=1):
        if i < start:
            continue
        if i > end:
            break
        print(f'{i}: {line.rstrip()}')
'@ | python -

20. @'
from pathlib import Path
import sys
sys.stdout.reconfigure(encoding='utf-8')
start=3881
end=3946
p=Path(r'pages/StaffOrdersMobile/staffordersmobile.jsx')
with p.open('r', encoding='utf-8') as f:
    for i,line in enumerate(f, start=1):
        if i < start:
            continue
        if i > end:
            break
        print(f'{i}: {line.rstrip()}')
'@ | python -

21. @'
from pathlib import Path
import sys
sys.stdout.reconfigure(encoding='utf-8')
p=Path(r'pages/StaffOrdersMobile/staffordersmobile.jsx')
terms=['closed_date','total_amount','TableSession','guest','guest_count','displayName','dish']
with p.open('r', encoding='utf-8') as f:
    for i,line in enumerate(f, start=1):
        if any(t in line for t in terms):
            print(f'{i}: {line.rstrip()}')
'@ | python -

22. @'
from pathlib import Path
import sys
sys.stdout.reconfigure(encoding='utf-8')
p=Path(r'pages/StaffOrdersMobile/staffordersmobile.jsx')
terms=['group.displayName','orders.length','dishes','guestCount','guest_count','guest count','closed']
with p.open('r', encoding='utf-8') as f:
    for i,line in enumerate(f, start=1):
        if any(t in line for t in terms):
            print(f'{i}: {line.rstrip()}')
'@ | python -

23. @'
from pathlib import Path
import sys
sys.stdout.reconfigure(encoding='utf-8')
start=1868
end=1910
p=Path(r'pages/StaffOrdersMobile/staffordersmobile.jsx')
with p.open('r', encoding='utf-8') as f:
    for i,line in enumerate(f, start=1):
        if i < start:
            continue
        if i > end:
            break
        print(f'{i}: {line.rstrip()}')
'@ | python -

24. @'
from pathlib import Path
import sys
sys.stdout.reconfigure(encoding='utf-8')
start=2310
end=2410
p=Path(r'pages/StaffOrdersMobile/staffordersmobile.jsx')
with p.open('r', encoding='utf-8') as f:
    for i,line in enumerate(f, start=1):
        if i < start:
            continue
        if i > end:
            break
        print(f'{i}: {line.rstrip()}')
'@ | python -

25. @'
from pathlib import Path
import sys
sys.stdout.reconfigure(encoding='utf-8')
p=Path(r'pages/StaffOrdersMobile/staffordersmobile.jsx')
for i,line in enumerate(p.open('r', encoding='utf-8'), start=1):
    if 'isCurrentOpenSession' in line or 'openSessionId' in line and 1700 <= i <= 2400:
        print(f'{i}: {line.rstrip()}')
'@ | python -

26. @'
from pathlib import Path
import sys
sys.stdout.reconfigure(encoding='utf-8')
start=2148
end=2185
p=Path(r'pages/StaffOrdersMobile/staffordersmobile.jsx')
with p.open('r', encoding='utf-8') as f:
    for i,line in enumerate(f, start=1):
        if i < start:
            continue
        if i > end:
            break
        print(f'{i}: {line.rstrip()}')
'@ | python -

27. @'
from pathlib import Path
import sys
sys.stdout.reconfigure(encoding='utf-8')
start=1740
end=1795
p=Path(r'pages/StaffOrdersMobile/staffordersmobile.jsx')
with p.open('r', encoding='utf-8') as f:
    for i,line in enumerate(f, start=1):
        if i < start:
            continue
        if i > end:
            break
        print(f'{i}: {line.rstrip()}')
'@ | python -

28. @'
from pathlib import Path
import sys
sys.stdout.reconfigure(encoding='utf-8')
p=Path(r'pages/StaffOrdersMobile/staffordersmobile.jsx')
for i,line in enumerate(p.open('r', encoding='utf-8'), start=1):
    if 'function computeTableStatus' in line or 'const computeTableStatus' in line:
        print(i)
'@ | python -

29. @'
from pathlib import Path
import sys
sys.stdout.reconfigure(encoding='utf-8')
start=1129
end=1165
p=Path(r'pages/StaffOrdersMobile/staffordersmobile.jsx')
with p.open('r', encoding='utf-8') as f:
    for i,line in enumerate(f, start=1):
        if i < start:
            continue
        if i > end:
            break
        print(f'{i}: {line.rstrip()}')
'@ | python -

30. @'
from pathlib import Path
p=Path(r'pages/StaffOrdersMobile/staffordersmobile.jsx')
for i,line in enumerate(p.open('r', encoding='utf-8'), start=1):
    if "status: 'closed'" in line or 'closedSessions' in line or 'table_session' in line and i>3740 and i<3805:
        print(f'{i}: {line.rstrip()}')
'@ | python -

31. Get-ChildItem -LiteralPath '.\pages\StaffOrdersMobile' | Select-Object Name,Length

32. @'
from pathlib import Path
import sys
sys.stdout.reconfigure(encoding='utf-8')
start=400
end=430
p=Path(r'pages/StaffOrdersMobile/BUGS.md')
with p.open('r', encoding='utf-8') as f:
    for i,line in enumerate(f, start=1):
        if i < start:
            continue
        if i > end:
            break
        print(f'{i}: {line.rstrip()}')
'@ | python -

33. rg -n "closed_date|total_amount|TableSession|session" ".\pages\StaffOrdersMobile\StaffOrdersMobile README.md"

34. @'
from pathlib import Path
import sys
sys.stdout.reconfigure(encoding='utf-8')
start=1
end=90
p=Path(r'pages/StaffOrdersMobile/StaffOrdersMobile README.md')
with p.open('r', encoding='utf-8') as f:
    for i,line in enumerate(f, start=1):
        if i < start:
            continue
        if i > end:
            break
        print(f'{i}: {line.rstrip()}')
'@ | python -

35. rg -n "BUG-SM-015|BUG-SM-019" .\pages\StaffOrdersMobile\BUGS.md ".\pages\StaffOrdersMobile\StaffOrdersMobile README.md"

36. rg -n --glob '!pages/StaffOrdersMobile/staffordersmobile.jsx' "TableSession|closed_date|total_amount" .
    Result: timed out after partial output

37. rg -n "closed_date|total_amount|created_date|status" .\components\sessionHelpers.js .\components\*.js .\pages\*\*.jsx .\pages\*\*.js
    Result: partial output plus wildcard path errors

38. @'
from pathlib import Path
import sys
sys.stdout.reconfigure(encoding='utf-8')
start=150
end=172
p=Path(r'components/sessionHelpers.js')
with p.open('r', encoding='utf-8') as f:
    for i,line in enumerate(f, start=1):
        if i < start:
            continue
        if i > end:
            break
        print(f'{i}: {line.rstrip()}')
'@ | python -

39. @'
from pathlib import Path
import sys
sys.stdout.reconfigure(encoding='utf-8')
start=68
end=90
p=Path(r'components/sessionHelpers.js')
with p.open('r', encoding='utf-8') as f:
    for i,line in enumerate(f, start=1):
        if i < start:
            continue
        if i > end:
            break
        print(f'{i}: {line.rstrip()}')
'@ | python -

40. rg -n "closed_at|opened_at|totalAmount|total_amount" .\pages\partnertables\versions\partnertables_v1.6_RELEASE.js

41. @'
from pathlib import Path
import sys
sys.stdout.reconfigure(encoding='utf-8')
start=545
end=620
p=Path(r'pages/partnertables/versions/partnertables_v1.6_RELEASE.js')
with p.open('r', encoding='utf-8') as f:
    for i,line in enumerate(f, start=1):
        if i < start:
            continue
        if i > end:
            break
        print(f'{i}: {line.rstrip()}')
'@ | python -

42. @'
from pathlib import Path
import sys
sys.stdout.reconfigure(encoding='utf-8')
start=2190
end=2310
p=Path(r'pages/StaffOrdersMobile/staffordersmobile.jsx')
with p.open('r', encoding='utf-8') as f:
    for i,line in enumerate(f, start=1):
        if i < start:
            continue
        if i > end:
            break
        print(f'{i}: {line.rstrip()}')
'@ | python -

43. @'
from pathlib import Path
import sys
sys.stdout.reconfigure(encoding='utf-8')
start=2050
end=2147
p=Path(r'pages/StaffOrdersMobile/staffordersmobile.jsx')
with p.open('r', encoding='utf-8') as f:
    for i,line in enumerate(f, start=1):
        if i < start:
            continue
        if i > end:
            break
        print(f'{i}: {line.rstrip()}')
'@ | python -

44. @'
from pathlib import Path
import sys
sys.stdout.reconfigure(encoding='utf-8')
start=4448
end=4495
p=Path(r'pages/StaffOrdersMobile/staffordersmobile.jsx')
with p.open('r', encoding='utf-8') as f:
    for i,line in enumerate(f, start=1):
        if i < start:
            continue
        if i > end:
            break
        print(f'{i}: {line.rstrip()}')
'@ | python -

45. @'
from pathlib import Path
import sys
sys.stdout.reconfigure(encoding='utf-8')
start=4495
end=4545
p=Path(r'pages/StaffOrdersMobile/staffordersmobile.jsx')
with p.open('r', encoding='utf-8') as f:
    for i,line in enumerate(f, start=1):
        if i < start:
            continue
        if i > end:
            break
        print(f'{i}: {line.rstrip()}')
'@ | python -

46. Get-Content -LiteralPath '.\pages\StaffOrdersMobile\commands_2026-04-16_task-260416-210136-013.log' -TotalCount 40

47. Get-Content -LiteralPath '.\pages\StaffOrdersMobile\review_2026-04-16_task-260416-210136-013.md' -TotalCount 80

48. Get-Content -LiteralPath '.\pages\StaffOrdersMobile\round1_2026-04-16_task-260416-210136-013.md' -TotalCount 80

49. rg -n "function formatClockTime|const formatClockTime|formatClockTime\(" .\pages\StaffOrdersMobile\staffordersmobile.jsx

50. @'
from pathlib import Path
import sys
sys.stdout.reconfigure(encoding='utf-8')
start=370
end=388
p=Path(r'pages/StaffOrdersMobile/staffordersmobile.jsx')
with p.open('r', encoding='utf-8') as f:
    for i,line in enumerate(f, start=1):
        if i < start:
            continue
        if i > end:
            break
        print(f'{i}: {line.rstrip()}')
'@ | python -

51. @'
from pathlib import Path
import sys
sys.stdout.reconfigure(encoding='utf-8')
start=3588
end=3620
p=Path(r'pages/StaffOrdersMobile/staffordersmobile.jsx')
with p.open('r', encoding='utf-8') as f:
    for i,line in enumerate(f, start=1):
        if i < start:
            continue
        if i > end:
            break
        print(f'{i}: {line.rstrip()}')
'@ | python -

52. @'
from pathlib import Path
import sys
sys.stdout.reconfigure(encoding='utf-8')
start=3620
end=3695
p=Path(r'pages/StaffOrdersMobile/staffordersmobile.jsx')
with p.open('r', encoding='utf-8') as f:
    for i,line in enumerate(f, start=1):
        if i < start:
            continue
        if i > end:
            break
        print(f'{i}: {line.rstrip()}')
'@ | python -

53. @'
from pathlib import Path
import sys
sys.stdout.reconfigure(encoding='utf-8')
start=3696
end=3768
p=Path(r'pages/StaffOrdersMobile/staffordersmobile.jsx')
with p.open('r', encoding='utf-8') as f:
    for i,line in enumerate(f, start=1):
        if i < start:
            continue
        if i > end:
            break
        print(f'{i}: {line.rstrip()}')
'@ | python -

54. Get-Date -Format 'HH:mm|o'

55. "$(Get-Date -Format HH:mm)|$(Get-Date -Format o)"
