Get-ChildItem -Path .\pages\StaffOrdersMobile -Force | Select-Object Name,Length,LastWriteTime
Get-ChildItem -Path .\components -Filter sessionHelpers.js -Recurse | Select-Object FullName,Length,LastWriteTime
git status --short
Get-ChildItem -Path .\pages\StaffOrdersMobile -Force | Format-Table -AutoSize Name,Length,LastWriteTime
Get-ChildItem -Path .\components -Filter sessionHelpers.js -Recurse | Format-Table -AutoSize FullName,Length,LastWriteTime
git status --short
rg -n -C 4 "closeSession|Table\.update|TableSession\.update|Order\.update|Order\.bulkUpdate" .\components\sessionHelpers.js
$i=0; Get-Content '.\components\sessionHelpers.js' | ForEach-Object { $i++; if($i -ge 150 -and $i -le 175){ '{0}:{1}' -f $i, $_ } }
rg -n -C 2 "Completed|completed|closed|archived|activeTab|status\s*===\s*['\"]closed['\"]|status\s*!==\s*['\"]closed['\"]|Table\.status|table\.status" ".\pages\StaffOrdersMobile\260414-02 StaffOrdersMobile RELEASE.jsx"
rg -n -C 2 Completed ".\pages\StaffOrdersMobile\260414-02 StaffOrdersMobile RELEASE.jsx"
rg -n -C 2 completed ".\pages\StaffOrdersMobile\260414-02 StaffOrdersMobile RELEASE.jsx"
rg -n -C 2 closed ".\pages\StaffOrdersMobile\260414-02 StaffOrdersMobile RELEASE.jsx"
rg -n -C 2 archived ".\pages\StaffOrdersMobile\260414-02 StaffOrdersMobile RELEASE.jsx"
rg -n -C 4 "closeSession\(|handleClose|close table|closeTable|Table\.update|table\.update" ".\pages\StaffOrdersMobile\260414-02 StaffOrdersMobile RELEASE.jsx"
$i=0; Get-Content '.\pages\StaffOrdersMobile\260414-02 StaffOrdersMobile RELEASE.jsx' | ForEach-Object { $i++; if($i -ge 3828 -and $i -le 3868){ '{0}:{1}' -f $i, $_ } }
$i=0; Get-Content '.\pages\StaffOrdersMobile\260414-02 StaffOrdersMobile RELEASE.jsx' | ForEach-Object { $i++; if($i -ge 4128 -and $i -le 4165){ '{0}:{1}' -f $i, $_ } }
rg -n "useMutation|\.mutate\(|\.mutateAsync\(|base44\.entities\.[A-Za-z]+\.(update|create|delete)\(" ".\pages\StaffOrdersMobile\260414-02 StaffOrdersMobile RELEASE.jsx"
$i=0; Get-Content '.\pages\StaffOrdersMobile\260414-02 StaffOrdersMobile RELEASE.jsx' | ForEach-Object { $i++; if($i -ge 1588 -and $i -le 1645){ '{0}:{1}' -f $i, $_ } }
$i=0; Get-Content '.\pages\StaffOrdersMobile\260414-02 StaffOrdersMobile RELEASE.jsx' | ForEach-Object { $i++; if($i -ge 1898 -and $i -le 2010){ '{0}:{1}' -f $i, $_ } }
$i=0; Get-Content '.\pages\StaffOrdersMobile\260414-02 StaffOrdersMobile RELEASE.jsx' | ForEach-Object { $i++; if($i -ge 3078 -and $i -le 3270){ '{0}:{1}' -f $i, $_ } }
$i=0; Get-Content '.\pages\StaffOrdersMobile\260414-02 StaffOrdersMobile RELEASE.jsx' | ForEach-Object { $i++; if($i -ge 3540 -and $i -le 3575){ '{0}:{1}' -f $i, $_ } }
rg -n -C 18 "const updateStatusMutation = useMutation|updateStatusMutation\.mutate\(" ".\pages\StaffOrdersMobile\260414-02 StaffOrdersMobile RELEASE.jsx"
rg -n -C 24 "const advanceMutation = useMutation|advanceMutation\.mutate\(|advanceMutation\.mutateAsync\(" ".\pages\StaffOrdersMobile\260414-02 StaffOrdersMobile RELEASE.jsx"
rg -n -C 24 "const updateLinkMutation = useMutation|updateLinkMutation\.mutate\(|base44\.entities\.StaffAccessLink\.update\(" ".\pages\StaffOrdersMobile\260414-02 StaffOrdersMobile RELEASE.jsx"
rg -n -C 18 "const updateRequestMutation = useMutation|updateRequestMutation\.mutate\(|updateRequestMutation\.mutateAsync\(|base44\.entities\.ServiceRequest\.update\(" ".\pages\StaffOrdersMobile\260414-02 StaffOrdersMobile RELEASE.jsx"
rg -n -C 8 "const advanceMutation = useMutation|advanceMutation\.mutate\(|advanceMutation\.mutateAsync\(" ".\pages\StaffOrdersMobile\260414-02 StaffOrdersMobile RELEASE.jsx"
rg -n -C 14 "const advanceMutation = useMutation|onSuccess:|onSettled:|onError:|mutationFn:" ".\pages\StaffOrdersMobile\260414-02 StaffOrdersMobile RELEASE.jsx" | Select-String -Pattern "1904-|1905-|1906-|1907-|1908-|1909-|1910-|1911-|1912-|1913-|1914-|1915-|1916-|1917-|1918-|1919-|1920-|1921-|1922-|1923-|1924-|1925-|1926-|1927-|1928-|1929-|1930-"
rg -n -C 14 "const updateRequestMutation = useMutation|mutationFn: \(payload\)|onMutate:|onError:|onSuccess:|updateRequestMutation\.mutate\(|updateRequestMutation\.mutateAsync\(" ".\pages\StaffOrdersMobile\260414-02 StaffOrdersMobile RELEASE.jsx"
rg -n -C 8 "const handleAction =|updateStatusMutation\.mutate\(|const updateStatusMutation = useMutation" ".\pages\StaffOrdersMobile\260414-02 StaffOrdersMobile RELEASE.jsx"
rg -n -C 10 "const toggleFavorite =|const handleBindCurrentDevice =|const handleUnbindDevice =|const handleUnbindOtherDevice =|const handleRevokeLink =|updateLinkMutation\.mutate\(|base44\.entities\.StaffAccessLink\.update\(" ".\pages\StaffOrdersMobile\260414-02 StaffOrdersMobile RELEASE.jsx"
rg -n -C 10 "const handleCloseAllOrders =|base44\.entities\.Order\.update\(|Promise\.all\(|closeSession\(" ".\pages\StaffOrdersMobile\260414-02 StaffOrdersMobile RELEASE.jsx"
rg -n -C 10 "onAction=\{|onCloseRequest=|onBatchCloseRequestAsync=|updateRequestMutation\.mutate\(|updateRequestMutation\.mutateAsync\(" ".\pages\StaffOrdersMobile\260414-02 StaffOrdersMobile RELEASE.jsx"
rg -n "Table\.status|tableMap\[.*\]\.status|group\.[A-Za-z_]+\.status|table\.status|status\s*===\s*['\"]closed['\"]|status\s*!==\s*['\"]closed['\"]" ".\pages\StaffOrdersMobile\260414-02 StaffOrdersMobile RELEASE.jsx"
rg -n -C 3 "const filteredGroups = useMemo|const tabCounts = useMemo|activeTab === 'active'|completed\+\+|setActiveTab\('completed'\)" ".\pages\StaffOrdersMobile\260414-02 StaffOrdersMobile RELEASE.jsx"
rg -n "__batch" ".\pages\StaffOrdersMobile\260414-02 StaffOrdersMobile RELEASE.jsx"
rg -n "useQuery\(|queryKey: \[\"orders\"\]|queryKey: \[\"serviceRequests\"\]|queryKey: \[\"staffLink\"|invalidateQueries\(|refetchOrders\(|refetchRequests\(" ".\pages\StaffOrdersMobile\260414-02 StaffOrdersMobile RELEASE.jsx"
rg -n "Table\.status|table\.status|tableMap\[.*status|group\.[A-Za-z_]+\.status" ".\pages\StaffOrdersMobile\260414-02 StaffOrdersMobile RELEASE.jsx"
rg -n "queryKey: \[\"orders\"\]|queryKey: \[\"serviceRequests\"\]|queryKey: \[\"staffLink\"|invalidateQueries\(|refetchOrders\(|refetchRequests\(" ".\pages\StaffOrdersMobile\260414-02 StaffOrdersMobile RELEASE.jsx"
rg -n "const shouldRetry|429|Too Many Requests|isRateLimitError" ".\pages\StaffOrdersMobile\260414-02 StaffOrdersMobile RELEASE.jsx"
rg -n 'Table\.status|table\.status|tableMap\[.*status|group\.[A-Za-z_]+\.status' ".\pages\StaffOrdersMobile\260414-02 StaffOrdersMobile RELEASE.jsx"
rg -n 'queryKey: \["orders"\]|queryKey: \["serviceRequests"\]|queryKey: \["staffLink"\]|invalidateQueries\(|refetchOrders\(|refetchRequests\(' ".\pages\StaffOrdersMobile\260414-02 StaffOrdersMobile RELEASE.jsx"
rg -n -C 4 'function isRateLimitError|function shouldRetry|const shouldRetry|retry: shouldRetry|retry\s*:' ".\pages\StaffOrdersMobile\260414-02 StaffOrdersMobile RELEASE.jsx"
rg -n -C 4 "const \{ data: tables \}|queryFn: \(\) => \(partnerId \? base44\.entities\.Table\.filter|const tableMap = useMemo|zone_name" ".\pages\StaffOrdersMobile\260414-02 StaffOrdersMobile RELEASE.jsx"
rg -n -C 3 "TableSession\.get|table_session|table:|Table\.filter|Table\.update|closeSession\(|openSession\(|getOrCreateSession\(" .\components\sessionHelpers.js
rg -n -C 4 "const handleCloseTableClick = useCallback|onCloseTable\(sessionId, identifier\)|setCloseTableConfirm\(|const handleCloseTable = \(|const confirmCloseTable = async" ".\pages\StaffOrdersMobile\260414-02 StaffOrdersMobile RELEASE.jsx"
rg -n "Table\.update\(|status:\s*\"open\"|status:\s*\"closed\"|table:\s*tableId" .\components\sessionHelpers.js
rg -n "Table\.update\(|base44\.entities\.Table\.update\(|status:\s*['\"]open['\"]|status:\s*['\"]closed['\"]" .
rg -n 'Table\.update\(' .\components\sessionHelpers.js
rg -n 'status:\s*"open"|status:\s*"closed"|table:\s*tableId' .\components\sessionHelpers.js
rg -n 'Table\.update\(' .
rg -n 'Table\.update\(' .\pages .\components
rg -n 'status:\s*"open"|status:\s*"closed"' .\pages\StaffOrdersMobile .\components
rg -n -C 6 "4062|queryClient\.invalidateQueries\(\{ queryKey: \['orders'\] \}\)|handleCloseBanner|dismiss|banner" ".\pages\StaffOrdersMobile\260414-02 StaffOrdersMobile RELEASE.jsx"
rg -n -C 3 "effectivePollingInterval|refetchInterval" ".\pages\StaffOrdersMobile\260414-02 StaffOrdersMobile RELEASE.jsx"
rg -n -C 3 "const \[pollingInterval|pollingInterval =|loadSettings\(|setPollingInterval" ".\pages\StaffOrdersMobile\260414-02 StaffOrdersMobile RELEASE.jsx"
rg -n -C 3 "function loadPollingInterval|const loadPollingInterval|POLLING|polling interval" ".\pages\StaffOrdersMobile\260414-02 StaffOrdersMobile RELEASE.jsx"
rg -n -C 6 "runBatchSequential|SOM-BUG-S270-01|delayMs|batch" ".\pages\StaffOrdersMobile\260414-02 StaffOrdersMobile RELEASE.jsx"
rg -n -C 4 "function .*OrderCard|const .*OrderCard|updateStatusMutation|handleAction = \(|return \(|export default" ".\pages\StaffOrdersMobile\260414-02 StaffOrdersMobile RELEASE.jsx"
rg -n "advanceMutation\.mutate\(|advanceMutation\.mutateAsync\(|handleSingleAction|handleOrdersAction|updateStatusMutation\.mutate\(" ".\pages\StaffOrdersMobile\260414-02 StaffOrdersMobile RELEASE.jsx"
rg -n "<OrderCard|<LegacyOrderCard|<RequestCard|<OrderGroupCard|<Hall|renderLegacyOrderCard|renderHallRows" ".\pages\StaffOrdersMobile\260414-02 StaffOrdersMobile RELEASE.jsx"
rg -n -C 6 "const handleSingleAction = useCallback|handleSingleAction\(|advanceMutation\.mutate\(" ".\pages\StaffOrdersMobile\260414-02 StaffOrdersMobile RELEASE.jsx"
rg -n -C 6 "const orderGroups|const finalGroups|const v2SortedGroups|filteredGroups = useMemo|activeOrders = useMemo|visibleOrders" ".\pages\StaffOrdersMobile\260414-02 StaffOrdersMobile RELEASE.jsx"
rg -n -C 4 "return !\[\"done\", \"cancelled\"\]\.includes\(r\.status\)|return !config\.isFinishStage && o\.status !== 'cancelled'|o\.status !== 'closed' && o\.status !== 'cancelled'|status !== \"closed\"|status !== 'closed'" ".\pages\StaffOrdersMobile\260414-02 StaffOrdersMobile RELEASE.jsx"
rg -n -C 6 "groupOrdersByEntity|finalGroups|roleFilteredOrders|filteredGroups" ".\pages\StaffOrdersMobile\260414-02 StaffOrdersMobile RELEASE.jsx"
rg -n -C 8 "const activeOrders = useMemo|return orders\.filter|\[\"new\", \"accepted\", \"in_progress\", \"ready\"\]\.includes\(o\.status\)|o\.status\)|require table_session" ".\pages\StaffOrdersMobile\260414-02 StaffOrdersMobile RELEASE.jsx"
rg -n -C 6 'const activeOrders = useMemo' ".\pages\StaffOrdersMobile\260414-02 StaffOrdersMobile RELEASE.jsx"
rg -n -C 6 'return \["new", "accepted", "in_progress", "ready"\]\.includes\(o\.status\)' ".\pages\StaffOrdersMobile\260414-02 StaffOrdersMobile RELEASE.jsx"
rg -n -C 6 'table_session' ".\pages\StaffOrdersMobile\260414-02 StaffOrdersMobile RELEASE.jsx"
rg -n -C 4 'Existing status filter \(unchanged\)|includes\(o\.status\)' ".\pages\StaffOrdersMobile\260414-02 StaffOrdersMobile RELEASE.jsx"
