git fetch origin 2>$null; git reset --hard origin/main

Get-Content -Path 'C:/Users/ASUS/Dev/Menu AI Cowork/menuapp-code-review/ux-concepts/StaffOrdersMobile/260406-00 StaffOrdersMobile UX S225 FINAL.md' -TotalCount 260

Get-Content -Path 'C:/Users/ASUS/Dev/Menu AI Cowork/menuapp-code-review/ux-concepts/StaffOrdersMobile/260406-00 StaffOrdersMobile Mockup S225 FINAL.html' -TotalCount 260

Get-Content -Path 'C:/Users/ASUS/Dev/Menu AI Cowork/menuapp-code-review/BUGS_MASTER.md' -TotalCount 260

Get-Content -Path 'C:/Users/ASUS/Dev/Menu AI Cowork/menuapp-code-review/pages/StaffOrdersMobile/260413-00 StaffOrdersMobile RELEASE.jsx' -TotalCount 850

$p='C:/Users/ASUS/Dev/Menu AI Cowork/menuapp-code-review/pages/StaffOrdersMobile/260413-00 StaffOrdersMobile RELEASE.jsx'; $ranges=@(@(650,735),@(2238,2268),@(3785,3815),@(2828,2842)); $lines=Get-Content -Path $p; foreach($r in $ranges){$start=$r[0];$end=$r[1]; for($i=$start;$i -le $end;$i++){ if($i -le $lines.Length){ '{0,5}: {1}' -f $i,$lines[$i-1] } }; '-----' }

$files=@('C:/Users/ASUS/Dev/Menu AI Cowork/menuapp-code-review/pages/StaffOrdersMobile/staffordersmobile.jsx','C:/Users/ASUS/Dev/Menu AI Cowork/menuapp-code-review/BUGS_MASTER.md','C:/Users/ASUS/Dev/Menu AI Cowork/menuapp-code-review/ux-concepts/StaffOrdersMobile/260406-00 StaffOrdersMobile UX S225 FINAL.md','C:/Users/ASUS/Dev/Menu AI Cowork/menuapp-code-review/ux-concepts/StaffOrdersMobile/260406-00 StaffOrdersMobile Mockup S225 FINAL.html'); foreach($f in $files){ '{0}`t{1}' -f (Test-Path $f), $f }

$p='C:/Users/ASUS/Dev/Menu AI Cowork/menuapp-code-review/pages/StaffOrdersMobile/staffordersmobile.jsx'; $ranges=@(@(650,735),@(2238,2268),@(3785,3815)); $lines=Get-Content -Path $p; 'LINES=' + $lines.Length; foreach($r in $ranges){$start=$r[0];$end=$r[1]; for($i=$start;$i -le $end;$i++){ if($i -le $lines.Length){ '{0,5}: {1}' -f $i,$lines[$i-1] } }; '-----' }

$p='C:/Users/ASUS/Dev/Menu AI Cowork/menuapp-code-review/pages/StaffOrdersMobile/260413-00 StaffOrdersMobile RELEASE.jsx'; $lines=Get-Content -Path $p; 'LINES=' + $lines.Length

$p='C:/Users/ASUS/Dev/Menu AI Cowork/menuapp-code-review/pages/StaffOrdersMobile/staffordersmobile.jsx'; Select-String -Path $p -Pattern 'countRows|inProgressSections|inProgressExpanded|tableSession|ALL_SERVED|computeTableStatus|getStatusConfig|HALL_UI_TEXT\\.guests' | ForEach-Object { '{0,5}: {1}' -f $_.LineNumber, $_.Line.Trim() }

$p='C:/Users/ASUS/Dev/Menu AI Cowork/menuapp-code-review/pages/StaffOrdersMobile/staffordersmobile.jsx'; $lines=Get-Content -Path $p; $ranges=@(@(520,645),@(1280,1365),@(1760,1845),@(2050,2145),@(3450,3535)); foreach($r in $ranges){$start=$r[0];$end=$r[1]; for($i=$start;$i -le $end;$i++){ if($i -le $lines.Length){ '{0,5}: {1}' -f $i,$lines[$i-1] } }; '-----' }

$p='C:/Users/ASUS/Dev/Menu AI Cowork/menuapp-code-review/pages/StaffOrdersMobile/staffordersmobile.jsx'; $lines=Get-Content -Path $p; for($i=1988;$i -le 2048;$i++){ if($i -le $lines.Length){ '{0,5}: {1}' -f $i,$lines[$i-1] } }

$p='C:/Users/ASUS/Dev/Menu AI Cowork/menuapp-code-review/pages/StaffOrdersMobile/staffordersmobile.jsx'; $lines=Get-Content -Path $p; for($i=1098;$i -le 1142;$i++){ if($i -le $lines.Length){ '{0,5}: {1}' -f $i,$lines[$i-1] } }

$p='C:/Users/ASUS/Dev/Menu AI Cowork/menuapp-code-review/pages/StaffOrdersMobile/staffordersmobile.jsx'; Select-String -Path $p -Pattern '\\btableSession\\b|table_session' | ForEach-Object { '{0,5}: {1}' -f $_.LineNumber, $_.Line.Trim() }

$p='C:/Users/ASUS/Dev/Menu AI Cowork/menuapp-code-review/pages/StaffOrdersMobile/staffordersmobile.jsx'; Select-String -Path $p -Pattern 'const orderGroups|const finalGroups|groupedOrders|table_session' | ForEach-Object { '{0,5}: {1}' -f $_.LineNumber, $_.Line.Trim() }

$p='C:/Users/ASUS/Dev/Menu AI Cowork/menuapp-code-review/pages/StaffOrdersMobile/staffordersmobile.jsx'; $lines=Get-Content -Path $p; for($i=3688;$i -le 3840;$i++){ if($i -le $lines.Length){ '{0,5}: {1}' -f $i,$lines[$i-1] } }

$p='C:/Users/ASUS/Dev/Menu AI Cowork/menuapp-code-review/pages/StaffOrdersMobile/staffordersmobile.jsx'; Select-String -Path $p -Pattern 'TableSession|tableSessions|session.*status|closeSession|SessionGuest|table_session' | ForEach-Object { '{0,5}: {1}' -f $_.LineNumber, $_.Line.Trim() }

$p='C:/Users/ASUS/Dev/Menu AI Cowork/menuapp-code-review/pages/StaffOrdersMobile/staffordersmobile.jsx'; $lines=Get-Content -Path $p; for($i=4080;$i -le 4115;$i++){ if($i -le $lines.Length){ '{0,5}: {1}' -f $i,$lines[$i-1] } }

$p='C:/Users/ASUS/Dev/Menu AI Cowork/menuapp-code-review/pages/StaffOrdersMobile/staffordersmobile.jsx'; $lines=Get-Content -Path $p; for($i=2318;$i -le 2352;$i++){ if($i -le $lines.Length){ '{0,5}: {1}' -f $i,$lines[$i-1] } }

$p='C:/Users/ASUS/Dev/Menu AI Cowork/menuapp-code-review/pages/StaffOrdersMobile/staffordersmobile.jsx'; $lines=Get-Content -Path $p; for($i=540;$i -le 780;$i+=20){ $start=$i; $end=[Math]::Min($i+19,$lines.Length); for($j=$start;$j -le $end;$j++){ '{0,5}: {1}' -f $j,$lines[$j-1] }; '-----' }

$p='C:/Users/ASUS/Dev/Menu AI Cowork/menuapp-code-review/pages/StaffOrdersMobile/staffordersmobile.jsx'; $lines=Get-Content -Path $p; for($i=1248;$i -le 1336;$i++){ '{0,5}: {1}' -f $i,$lines[$i-1] }

$p='C:/Users/ASUS/Dev/Menu AI Cowork/menuapp-code-review/pages/StaffOrdersMobile/staffordersmobile.jsx'; Select-String -Path $p -Pattern 'function OrderGroupCard|const OrderGroupCard' | ForEach-Object { '{0,5}: {1}' -f $_.LineNumber, $_.Line.Trim() }

$p='C:/Users/ASUS/Dev/Menu AI Cowork/menuapp-code-review/pages/StaffOrdersMobile/staffordersmobile.jsx'; $lines=Get-Content -Path $p; for($i=1142;$i -le 1168;$i++){ '{0,5}: {1}' -f $i,$lines[$i-1] }

$p='C:/Users/ASUS/Dev/Menu AI Cowork/menuapp-code-review/pages/StaffOrdersMobile/staffordersmobile.jsx'; $lines=Get-Content -Path $p; for($i=3520;$i -le 3575;$i++){ '{0,5}: {1}' -f $i,$lines[$i-1] }

$p='C:/Users/ASUS/Dev/Menu AI Cowork/menuapp-code-review/pages/StaffOrdersMobile/staffordersmobile.jsx'; Select-String -Path $p -Pattern '\\border\\.guest\\b|guest_id|SessionGuest|getGuestDisplayName|guestMarker|guestsMap' | ForEach-Object { '{0,5}: {1}' -f $_.LineNumber, $_.Line.Trim() }

$p='C:/Users/ASUS/Dev/Menu AI Cowork/menuapp-code-review/pages/StaffOrdersMobile/staffordersmobile.jsx'; $lines=Get-Content -Path $p; for($i=1958;$i -le 1992;$i++){ '{0,5}: {1}' -f $i,$lines[$i-1] }

$paths=@('C:/Users/ASUS/Dev/Menu AI Cowork/menuapp-code-review/pipeline/chain-state','C:/Users/ASUS/Dev/Menu AI Cowork/menuapp-code-review/pages/StaffOrdersMobile'); foreach($p in $paths){ '{0}`t{1}' -f (Test-Path $p), $p }
