# Commands executed for review of:
# C:\Dev\worktrees\task-260414-191537\pages\StaffOrdersMobile\staffordersmobile.jsx

Get-Item 'C:\Dev\worktrees\task-260414-191537\pages\StaffOrdersMobile\staffordersmobile.jsx' | Select-Object FullName,Length,LastWriteTime; Get-ChildItem 'C:\Dev\worktrees\task-260414-191537\pages\StaffOrdersMobile' -Force | Select-Object Name,Length,LastWriteTime,Mode

Get-Content 'C:\Dev\worktrees\task-260414-191537\pages\StaffOrdersMobile\staffordersmobile.jsx'

if (Test-Path 'C:\Dev\worktrees\task-260414-191537\pages\StaffOrdersMobile\README.md') { Get-Content 'C:\Dev\worktrees\task-260414-191537\pages\StaffOrdersMobile\README.md' }

if (Test-Path 'C:\Dev\worktrees\task-260414-191537\pages\StaffOrdersMobile\BUGS.md') { Get-Content 'C:\Dev\worktrees\task-260414-191537\pages\StaffOrdersMobile\BUGS.md' }

$p='C:\Dev\worktrees\task-260414-191537\pages\StaffOrdersMobile'; if (Test-Path $p) { Get-ChildItem $p -Force | Select-Object Name,Length,LastWriteTime,Mode | Format-Table -AutoSize | Out-String -Width 400 } else { 'MISSING' }

$f='C:\Dev\worktrees\task-260414-191537\pages\StaffOrdersMobile\staffordersmobile.jsx'; if (Test-Path $f) { (Get-Item $f | Select-Object FullName,Length,LastWriteTime | Format-List | Out-String -Width 400) + "`nLINES=" + ((Get-Content $f | Measure-Object -Line).Lines) } else { 'MISSING' }

$f='C:\Dev\worktrees\task-260414-191537\pages\StaffOrdersMobile\README.md'; if (Test-Path $f) { (Get-Item $f | Select-Object FullName,Length,LastWriteTime | Format-List | Out-String -Width 400) + "`nLINES=" + ((Get-Content $f | Measure-Object -Line).Lines) } else { 'README_MISSING' }

$f='C:\Dev\worktrees\task-260414-191537\pages\StaffOrdersMobile\BUGS.md'; if (Test-Path $f) { (Get-Item $f | Select-Object FullName,Length,LastWriteTime | Format-List | Out-String -Width 400) + "`nLINES=" + ((Get-Content $f | Measure-Object -Line).Lines) } else { 'BUGS_MISSING' }

Get-Location | Select-Object -ExpandProperty Path

Test-Path 'C:\Dev\worktrees\task-260414-191537\pages\StaffOrdersMobile\staffordersmobile.jsx'

Get-ChildItem 'C:\Dev\worktrees' | Select-Object -First 5 Name | Format-Table -HideTableHeaders | Out-String -Width 200

$page='C:\Dev\worktrees\task-260414-191537\pages\StaffOrdersMobile'; '==DIR=='; Get-ChildItem $page -Force | Select-Object Name,Length,LastWriteTime,Mode | Format-Table -AutoSize | Out-String -Width 400; '==COUNTS=='; $files=@('staffordersmobile.jsx','README.md','BUGS.md'); foreach($name in $files){ $f=Join-Path $page $name; if(Test-Path $f){ $lines=(Get-Content $f | Measure-Object -Line).Lines; "$name`tLINES=$lines"; } else { "$name`tMISSING"; } }

$page='C:\Dev\worktrees\task-260414-191537\pages\StaffOrdersMobile'; $file=Join-Path $page 'staffordersmobile.jsx'; $readme=Join-Path $page 'StaffOrdersMobile README.md'; $bugs=Join-Path $page 'BUGS.md'; '==TOP 220 staffordersmobile.jsx=='; Get-Content $file | Select-Object -First 220; '==PATTERNS=='; $patterns=@('usePartnerAccess','useI18n','dangerouslySetInnerHTML','createObjectURL','revokeObjectURL','console\\.log','console\\.error','toast\\.','\\|\\| \'','\\|\\| \\\"','t\\(','useEffect\\(','useMemo\\(','useQuery\\(','useMutation\\(','return null','if \\(','catch \\('); foreach($p in $patterns){ "-- $p --"; rg -n --no-heading --fixed-strings $p $file 2>$null; } '==README first 220=='; if(Test-Path $readme){ Get-Content $readme | Select-Object -First 220 } else { 'README_MISSING' } '==BUGS first 260=='; if(Test-Path $bugs){ Get-Content $bugs | Select-Object -First 260 } else { 'BUGS_MISSING' }

$page='C:\Dev\worktrees\task-260414-191537\pages\StaffOrdersMobile'; $file=Join-Path $page 'staffordersmobile.jsx'; $readme=Join-Path $page 'StaffOrdersMobile README.md'; $bugs=Join-Path $page 'BUGS.md'; '==TOP 220 staffordersmobile.jsx=='; Get-Content $file | Select-Object -First 220; '==README first 220=='; if(Test-Path $readme){ Get-Content $readme | Select-Object -First 220 } else { 'README_MISSING' } '==BUGS first 260=='; if(Test-Path $bugs){ Get-Content $bugs | Select-Object -First 260 } else { 'BUGS_MISSING' }

$file='C:\Dev\worktrees\task-260414-191537\pages\StaffOrdersMobile\staffordersmobile.jsx'; $patterns=@('export default','usePartnerAccess','PartnerShell','useI18n','dangerouslySetInnerHTML','createObjectURL','revokeObjectURL','console.log','console.error','confirm(','localStorage','Notification','AudioContext','navigator.vibrate','window.','document.','setInterval(','clearInterval(','setTimeout(','clearTimeout(','TODO','FIXME'); foreach($p in $patterns){ "== $p =="; rg -n --no-heading --fixed-strings $p $file 2>$null; }

$page='C:\Dev\worktrees\task-260414-191537\pages\StaffOrdersMobile'; $file=Join-Path $page 'staffordersmobile.jsx'; $readme=Join-Path $page 'StaffOrdersMobile README.md'; $bugs=Join-Path $page 'BUGS.md'; $segments=@( @{Start=220; End=420; Label='STATUS_FLOW and text constants'}, @{Start=880; End=1100; Label='storage + notifications helpers'}, @{Start=2868; End=3035; Label='main component top + session cleanup'}, @{Start=3625; End=3675; Label='guest batch error handling'}, @{Start=3928; End=4205; Label='notification effect + settings + navigation'}, @{Start=4088; End=4160; Label='scroll/highlight + close table dialog'}, @{Start=4210; End=4255; Label='header actions/navigation'}, @{Start=4540; End=4605; Label='banner + dialogs tail'} ); foreach($s in $segments){ "== $($s.Label) [$($s.Start)-$($s.End)] =="; $lines=Get-Content $file; for($i=$s.Start; $i -le $s.End; $i++){ if($i -le $lines.Length){ '{0}:{1}' -f $i,$lines[$i-1] } } }

$file='C:\Dev\worktrees\task-260414-191537\pages\StaffOrdersMobile\staffordersmobile.jsx'; $patterns=@('useMutation(','useQuery(','useQueries(','mutationFn:','onSuccess:','onError:','enabled: canFetch','enabled: !!','throw err','throw new Error'); foreach($p in $patterns){ "== $p =="; rg -n --no-heading --fixed-strings $p $file 2>$null; }

$file='C:\Dev\worktrees\task-260414-191537\pages\StaffOrdersMobile\staffordersmobile.jsx'; $segments=@( @{Start=1568; End=1635; Label='updateStatusMutation'}, @{Start=1886; End=1938; Label='advanceMutation'}, @{Start=3078; End=3110; Label='updateLinkMutation'}, @{Start=3538; End=3575; Label='updateRequestMutation'}, @{Start=3490; End=3535; Label='orders and requests queries'}, @{Start=3348; End=3405; Label='partner/tables/stages queries'}, @{Start=2990; End=3048; Label='token and current user queries'} ); $lines=Get-Content $file; foreach($s in $segments){ "== $($s.Label) [$($s.Start)-$($s.End)] =="; for($i=$s.Start; $i -le $s.End; $i++){ if($i -le $lines.Length){ '{0}:{1}' -f $i,$lines[$i-1] } } }

$file='C:\Dev\worktrees\task-260414-191537\pages\StaffOrdersMobile\staffordersmobile.jsx'; $patterns=@('const tokenState','setTokenState','tokenState ===','partnerId = useMemo','const partnerId','link?.partner','currentUser?.partner','gateView','loadingToken','loadingUser','tokenState'); foreach($p in $patterns){ "== $p =="; rg -n --no-heading --fixed-strings $p $file 2>$null; }

$file='C:\Dev\worktrees\task-260414-191537\pages\StaffOrdersMobile\staffordersmobile.jsx'; $lines=Get-Content $file; $segments=@( @{Start=3150;End=3308;Label='tokenState and gateView'} ); foreach($s in $segments){ "== $($s.Label) =="; for($i=$s.Start;$i -le $s.End;$i++){ if($i -le $lines.Length){ '{0}:{1}' -f $i,$lines[$i-1] } } }

$file='C:\Dev\worktrees\task-260414-191537\pages\StaffOrdersMobile\staffordersmobile.jsx'; $patterns=@('beepRef','audioRef','createBeep(','ctx.close','notifPrefs.sound','pointerdown','notifOpen','setNotifOpen','useState(() => loadNotifPrefs())','showToast(','catch {','catch (err)','queryClient.cancelQueries()'); foreach($p in $patterns){ "== $p =="; rg -n --no-heading --fixed-strings $p $file 2>$null; }

$file='C:\Dev\worktrees\task-260414-191537\pages\StaffOrdersMobile\staffordersmobile.jsx'; $lines=Get-Content $file; for($i=2952;$i -le 2978;$i++){ '{0}:{1}' -f $i,$lines[$i-1] }

$file='C:\Dev\worktrees\task-260414-191537\pages\StaffOrdersMobile\staffordersmobile.jsx'; $lines=Get-Content $file; for($i=2978;$i -le 2993;$i++){ '{0}:{1}' -f $i,$lines[$i-1] }

$file='C:\Dev\worktrees\task-260414-191537\pages\StaffOrdersMobile\staffordersmobile.jsx'; $lines=Get-Content $file; for($i=3638;$i -le 3660;$i++){ '{0}:{1}' -f $i,$lines[$i-1] }

$file='C:\Dev\worktrees\task-260414-191537\pages\StaffOrdersMobile\staffordersmobile.jsx'; $lines=Get-Content $file; for($i=3596;$i -le 3657;$i++){ '{0}:{1}' -f $i,$lines[$i-1] }

$file='C:\Dev\worktrees\task-260414-191537\pages\StaffOrdersMobile\staffordersmobile.jsx'; $patterns=@('updateStatusMutation.mutate','advanceMutation.mutate','updateRequestMutation.mutate','mutateAsync(','isPending','disabled={updateStatusMutation.isPending','disabled={advanceMutation.isPending','disabled={updateRequestMutation.isPending'); foreach($p in $patterns){ "== $p =="; rg -n --no-heading --fixed-strings $p $file 2>$null; }

$bugs='C:\Dev\worktrees\task-260414-191537\pages\StaffOrdersMobile\BUGS.md'; $patterns=@('BUG-SM-003','AudioContext','BUG-SM-004','Logout race','console.log','No Debug Logs','i18n','Status: OPEN','Status: Open','pending test','FIXED','regression'); foreach($p in $patterns){ "== $p =="; rg -n --no-heading --fixed-strings $p $bugs 2>$null; }

$bugs='C:\Dev\worktrees\task-260414-191537\pages\StaffOrdersMobile\BUGS.md'; $lines=Get-Content $bugs; for($i=372;$i -le 385;$i++){ '{0}:{1}' -f $i,$lines[$i-1] } ; for($i=132;$i -le 146;$i++){ '{0}:{1}' -f $i,$lines[$i-1] }

$file='C:\Dev\worktrees\task-260414-191537\pages\StaffOrdersMobile\staffordersmobile.jsx'; $lines=Get-Content $file; for($i=1527;$i -le 1560;$i++){ '{0}:{1}' -f $i,$lines[$i-1] }

$file='C:\Dev\worktrees\task-260414-191537\pages\StaffOrdersMobile\staffordersmobile.jsx'; rg -n --no-heading --fixed-strings 'handleCloseAllOrders' $file 2>$null;

$file='C:\Dev\worktrees\task-260414-191537\pages\StaffOrdersMobile\staffordersmobile.jsx'; $patterns=@('onCloseAllOrders','closeAllOrders','close all'); foreach($p in $patterns){ "== $p =="; rg -n --no-heading --fixed-strings $p $file 2>$null }

$file='C:\Dev\worktrees\task-260414-191537\pages\StaffOrdersMobile\staffordersmobile.jsx'; $lines=Get-Content $file; for($i=2148;$i -le 2172;$i++){ '{0}:{1}' -f $i,$lines[$i-1] }

$file='C:\Dev\worktrees\task-260414-191537\pages\StaffOrdersMobile\staffordersmobile.jsx'; $lines=Get-Content $file; for($i=4418;$i -le 4444;$i++){ '{0}:{1}' -f $i,$lines[$i-1] }

$file='C:\Dev\worktrees\task-260414-191537\pages\StaffOrdersMobile\staffordersmobile.jsx'; rg -n --no-heading --fixed-strings 'tableData.name' $file 2>$null;

$file='C:\Dev\worktrees\task-260414-191537\pages\StaffOrdersMobile\staffordersmobile.jsx'; $lines=Get-Content $file; for($i=1878;$i -le 1886;$i++){ '{0}:{1}' -f $i,$lines[$i-1] }

$p='C:\Dev\menuapp-code-review\pages\StaffOrdersMobile'; if (Test-Path $p) { Get-ChildItem $p -Force | Select-Object Name,Length,LastWriteTime,Mode | Format-Table -AutoSize | Out-String -Width 300 } else { 'MISSING' }

$target='C:\Dev\worktrees\task-260414-191537\pages\StaffOrdersMobile\__codex_write_test.tmp'; try { Set-Content -LiteralPath $target -Value 'test' -NoNewline; 'WRITE_OK'; Remove-Item -LiteralPath $target -Force } catch { 'WRITE_FAIL'; $_.Exception.Message }

$bugs='C:\Dev\worktrees\task-260414-191537\pages\StaffOrdersMobile\BUGS.md'; $patterns=@('partnerId','global','list()','Table.list','Order.list','ServiceRequest.list','all restaurants','tenant'); foreach($p in $patterns){ "== $p =="; rg -n --no-heading --fixed-strings $p $bugs 2>$null }
