1. Get-ChildItem -Force
2. rg --files pages/StaffOrdersMobile
3. Get-ChildItem -Force pages\StaffOrdersMobile
4. Get-ChildItem -Recurse -File -Filter BUGS.md
5. rg -n "SOM-BUG-S270-01|rate limit|fan-out|runBatchSequential|invalidate-once|120ms|onCloseRequest|mutateAsync" pages\StaffOrdersMobile\BUGS.md
6. rg -n "runBatchSequential|mutateAsync|invalidateQueries|onCloseRequest|Promise\.all|Order\.update|OrderItem\.update|batch|rate" "pages\StaffOrdersMobile\260414-01 StaffOrdersMobile RELEASE.jsx"
7. $p='pages\StaffOrdersMobile\BUGS.md';$c=Get-Content $p; $start=20; $end=90; for($i=$start;$i -le $end;$i++){ if($i -le $c.Length){ '{0,4}: {1}' -f $i,$c[$i-1] } }
8. $p='pages\StaffOrdersMobile\260414-01 StaffOrdersMobile RELEASE.jsx';$c=Get-Content $p; $ranges=@(@(4000,4180),@(4360,4410),@(3488,3530),@(1568,1605),@(1880,1905),@(620,670),@(1240,1280),@(2328,2340)); foreach($r in $ranges){ $start=$r[0]; $end=$r[1]; '--- lines {0}-{1} ---' -f $start,$end; for($i=$start;$i -le $end;$i++){ if($i -le $c.Length){ '{0,4}: {1}' -f $i,$c[$i-1] } } }
9. rg -n "SOM-BUG-S270-01|runBatchSequential|invalidate-once|mutate->mutateAsync|mutateAsync|120ms delay|fan-out" pages\StaffOrdersMobile
10. rg -n "S270|rate limit|runBatchSequential|invalidate once|mutateAsync|120ms" "pages\StaffOrdersMobile\review_2026-04-14*.md"
11. Get-ChildItem pages\StaffOrdersMobile\*.md | Select-Object -ExpandProperty FullName
12. rg -n "KS prompt|prompt|S270|runBatchSequential|invalidate-once|120ms|mutateAsync|fan-out" pages\StaffOrdersMobile\*.md
13. rg -n "KS prompt|prompt|S270|runBatchSequential|invalidate-once|120ms|mutateAsync|fan-out" pages\StaffOrdersMobile -g "*.md"
14. $p='pages\StaffOrdersMobile\review_2026-04-14_som-batch-a-v3.md';$c=Get-Content $p; for($i=1;$i -le [Math]::Min(220,$c.Length);$i++){ '{0,4}: {1}' -f $i,$c[$i-1] }
15. $p='pages\StaffOrdersMobile\review_2026-04-14_task-260414-065351.md';$c=Get-Content $p; for($i=1;$i -le [Math]::Min(260,$c.Length);$i++){ '{0,4}: {1}' -f $i,$c[$i-1] }
16. rg -n "fan-out|runBatchSequential|invalidate-once|mutate->mutateAsync|120ms delay|onCloseRequest.*mutateAsync|5 fan-out|five fan-out|invalidate once|sequential helper" pages\StaffOrdersMobile -g "*"
17. rg -n "S270|runBatchSequential|invalidate once|120ms|mutateAsync|fan-out" pages\StaffOrdersMobile\commands_*.log
18. rg -n "120ms|mutateAsync|runBatchSequential|invalidate once|invalidate-once|fan-out|S270" pages\StaffOrdersMobile -g "*.md" -g "*.log" -g "*.txt"
19. rg -n "120ms|mutateAsync|runBatchSequential|invalidate once|invalidate-once|fan-out|S270" . -g "*.md" -g "*.log" -g "*.txt"
20. rg -n "forEach\(|Promise\.all\(|invalidateQueries\(|mutate\(|mutateAsync\(|base44\.entities\.(Order|ServiceRequest)\.update\(" "pages\StaffOrdersMobile\260414-01 StaffOrdersMobile RELEASE.jsx"
21. $p='pages\StaffOrdersMobile\260414-01 StaffOrdersMobile RELEASE.jsx';$c=Get-Content $p; $ranges=@(@(1680,1945),@(2180,2360),@(4300,4410)); foreach($r in $ranges){ $start=$r[0]; $end=$r[1]; '--- lines {0}-{1} ---' -f $start,$end; for($i=$start;$i -le $end;$i++){ if($i -le $c.Length){ '{0,4}: {1}' -f $i,$c[$i-1] } } }
22. $p='pages\StaffOrdersMobile\260414-01 StaffOrdersMobile RELEASE.jsx';$c=Get-Content $p; $ranges=@(@(1588,1660),@(1920,1995),@(1470,1535),@(3488,3525)); foreach($r in $ranges){ $start=$r[0]; $end=$r[1]; '--- lines {0}-{1} ---' -f $start,$end; for($i=$start;$i -le $end;$i++){ if($i -le $c.Length){ '{0,4}: {1}' -f $i,$c[$i-1] } } }
23. $p='pages\StaffOrdersMobile\260414-01 StaffOrdersMobile RELEASE.jsx';$c=Get-Content $p; $ranges=@(@(530,550),@(780,800),@(1135,1155),@(1410,1425)); foreach($r in $ranges){ $start=$r[0]; $end=$r[1]; '--- lines {0}-{1} ---' -f $start,$end; for($i=$start;$i -le $end;$i++){ if($i -le $c.Length){ '{0,4}: {1}' -f $i,$c[$i-1] } } }
24. rg -n "handleOrdersAction\(|onCloseAllOrders\(|onCloseRequest\(|Promise\.all\(|tableRequests\.forEach\(|advanceMutation\.mutate\(|updateRequestMutation\.mutate\(" "pages\StaffOrdersMobile\260414-01 StaffOrdersMobile RELEASE.jsx"
25. $p='pages\StaffOrdersMobile\260414-01 StaffOrdersMobile RELEASE.jsx';$c=Get-Content $p; for($i=2100;$i -le 2140;$i++){ if($i -le $c.Length){ '{0,4}: {1}' -f $i,$c[$i-1] } }
26. $p='pages\StaffOrdersMobile\260414-01 StaffOrdersMobile RELEASE.jsx';$c=Get-Content $p; $ranges=@(@(3320,3488),@(2840,2895),@(3895,4035)); foreach($r in $ranges){ $start=$r[0]; $end=$r[1]; '--- lines {0}-{1} ---' -f $start,$end; for($i=$start;$i -le $end;$i++){ if($i -le $c.Length){ '{0,4}: {1}' -f $i,$c[$i-1] } } }
27. rg -n "trackOwnMutation|recentMutationsRef|pollingInterval|refetchInterval|ordersUpdatedAt|requestsUpdatedAt|rateLimitHit|invalidateQueries\(\{ queryKey: \[\"orders\"\]|invalidateQueries\(\{ queryKey: \[\"serviceRequests\"\]" "pages\StaffOrdersMobile\260414-01 StaffOrdersMobile RELEASE.jsx"
28. rg -n "ownMutationRef|trackOwnMutation" "pages\StaffOrdersMobile\260414-01 StaffOrdersMobile RELEASE.jsx"
29. rg -n "function loadPollingInterval|loadPollingInterval\(|savePollingInterval|pollingInterval" "pages\StaffOrdersMobile\260414-01 StaffOrdersMobile RELEASE.jsx"
30. $p='pages\StaffOrdersMobile\260414-01 StaffOrdersMobile RELEASE.jsx';$c=Get-Content $p; for($i=936;$i -le 960;$i++){ if($i -le $c.Length){ '{0,4}: {1}' -f $i,$c[$i-1] } }
31. rg -n "DEFAULT_POLLING_INTERVAL|POLLING_OPTIONS" "pages\StaffOrdersMobile\260414-01 StaffOrdersMobile RELEASE.jsx"
32. rg -n "shouldRetry|isRateLimitError" "pages\StaffOrdersMobile\260414-01 StaffOrdersMobile RELEASE.jsx"
33. (Get-Content 'pages\StaffOrdersMobile\260414-01 StaffOrdersMobile RELEASE.jsx').Length
34. rg -n "SOM-BUG-S270-01|runBatchSequential|invalidate-once|120ms delay|mutateAsync|fan-out locations|fan-out" . -g "*.md" -g "*.txt" -g "*.log"
35. rg -n "S270|rate limit|runBatchSequential|invalidate once|120ms|onCloseRequest" pipeline\chain-state -g "*.md"
