Get-Content -LiteralPath 'C:\Users\ASUS\Dev\Menu AI Cowork\pipeline\task-260416-214227-020.prompt' -Raw
rg -n "openSessions|orderGroups|filteredGroups|tabCounts|handleBannerNavigate|buildBannerInfo|onNavigate\(banner\.groupId\)|data-group-id|useQueryClient|useRef|orphanInvalidateSigRef|tableGroups\[|from 'react'" "pages/StaffOrdersMobile/staffordersmobile.jsx"
@'
$path = 'pages/StaffOrdersMobile/staffordersmobile.jsx'
$lines = Get-Content -LiteralPath $path
function Show-Range($start, $end) {
  for ($i = $start; $i -le $end; $i++) {
    if ($i -le $lines.Length) { '{0}: {1}' -f $i, $lines[$i-1] }
  }
}
Show-Range 3538 3910
'@ | powershell -NoProfile -Command -
$path = 'pages/StaffOrdersMobile/staffordersmobile.jsx'; $lines = Get-Content -LiteralPath $path; for ($i = 3538; $i -le 3910; $i++) { if ($i -le $lines.Length) { '{0}: {1}' -f $i, $lines[$i-1] } }
$path = 'pages/StaffOrdersMobile/staffordersmobile.jsx'; $lines = Get-Content -LiteralPath $path; foreach ($range in @(@{s=2288;e=2296}, @{s=4139;e=4168}, @{s=4568;e=4615}, @{s=3835;e=3859})) { for ($i = $range.s; $i -le $range.e; $i++) { if ($i -le $lines.Length) { '{0}: {1}' -f $i, $lines[$i-1] } }; '' }
rg -n "expandedGroupId|expandedGroups|setExpandedGroupId|setExpandedGroups|OrderGroupCard|toggleGroupExpand" "pages/StaffOrdersMobile/staffordersmobile.jsx"
$path = 'pages/StaffOrdersMobile/staffordersmobile.jsx'; $lines = Get-Content -LiteralPath $path; foreach ($range in @(@{s=4128;e=4148}, @{s=4448;e=4466}, @{s=3058;e=3070})) { for ($i = $range.s; $i -le $range.e; $i++) { if ($i -le $lines.Length) { '{0}: {1}' -f $i, $lines[$i-1] } }; '' }
rg -n "^## |^### |Fix A|Fix B|Fix C|B\.1|B\.2|B\.3|B\.4|B\.5|B\.6|orphan|staleTime|orderGroups|filteredGroups|tabCounts|handleBannerNavigate|data-group-id" "C:\Users\ASUS\Dev\Menu AI Cowork\pipeline\task-260416-214227-020.prompt"
$path = 'C:\Users\ASUS\Dev\Menu AI Cowork\pipeline\task-260416-214227-020.prompt'; $lines = Get-Content -LiteralPath $path; foreach ($range in @(@{s=402;e=460}, @{s=492;e=746}, @{s=749;e=930}, @{s=994;e=1095})) { for ($i = $range.s; $i -le $range.e; $i++) { if ($i -le $lines.Length) { '{0}: {1}' -f $i, $lines[$i-1] } }; '' }
$path = 'pages/StaffOrdersMobile/staffordersmobile.jsx'; $lines = Get-Content -LiteralPath $path; for ($i = 4054; $i -le 4102; $i++) { if ($i -le $lines.Length) { '{0}: {1}' -f $i, $lines[$i-1] } }
rg -n "function getLinkId|const getLinkId|export function getLinkId|=> getLinkId|getLinkId =" "pages/StaffOrdersMobile/staffordersmobile.jsx" "components/sessionHelpers.js"
$path = 'pages/StaffOrdersMobile/staffordersmobile.jsx'; $lines = Get-Content -LiteralPath $path; for ($i = 536; $i -le 556; $i++) { if ($i -le $lines.Length) { '{0}: {1}' -f $i, $lines[$i-1] } }
$path = 'components/sessionHelpers.js'; $lines = Get-Content -LiteralPath $path; for ($i = 60; $i -le 190; $i++) { if ($i -le $lines.Length) { '{0}: {1}' -f $i, $lines[$i-1] } }
rg -n "effectivePollingInterval|refetchInterval:" "pages/StaffOrdersMobile/staffordersmobile.jsx"
$path = 'pages/StaffOrdersMobile/staffordersmobile.jsx'; $lines = Get-Content -LiteralPath $path; for ($i = 3478; $i -le 3510; $i++) { if ($i -le $lines.Length) { '{0}: {1}' -f $i, $lines[$i-1] } }
rg -n "pollingInterval|setPollingInterval" "pages/StaffOrdersMobile/staffordersmobile.jsx"
$path = 'pages/StaffOrdersMobile/staffordersmobile.jsx'; $lines = Get-Content -LiteralPath $path; foreach ($range in @(@{s=2608;e=2642}, @{s=2908;e=2920}, @{s=4238;e=4248})) { for ($i = $range.s; $i -le $range.e; $i++) { if ($i -le $lines.Length) { '{0}: {1}' -f $i, $lines[$i-1] } }; '' }
rg -n "function loadPollingInterval|const loadPollingInterval|loadPollingInterval\(" "pages/StaffOrdersMobile/staffordersmobile.jsx"
$path = 'pages/StaffOrdersMobile/staffordersmobile.jsx'; $lines = Get-Content -LiteralPath $path; for ($i = 962; $i -le 980; $i++) { if ($i -le $lines.Length) { '{0}: {1}' -f $i, $lines[$i-1] } }
rg -n "DEFAULT_POLLING_INTERVAL|POLLING_OPTIONS" "pages/StaffOrdersMobile/staffordersmobile.jsx"
$path = 'pages/StaffOrdersMobile/staffordersmobile.jsx'; $lines = Get-Content -LiteralPath $path; for ($i = 498; $i -le 510; $i++) { if ($i -le $lines.Length) { '{0}: {1}' -f $i, $lines[$i-1] } }
