Get-ChildItem -Recurse -File -Path .\pages\StaffOrdersMobile, .\components | Where-Object { $_.Name -like '*StaffOrdersMobile*' -or $_.Name -eq 'sessionHelpers.js' } | Select-Object FullName
Get-ChildItem -Path .\pages\StaffOrdersMobile | Select-Object Name
rg --files . | rg "StaffOrdersMobile|sessionHelpers\.js$"
Get-ChildItem -Name .\pages\StaffOrdersMobile
Get-ChildItem -LiteralPath '.\pages\StaffOrdersMobile' -Name
Select-String -Path '.\components\sessionHelpers.js' -Pattern 'async function closeSession|export async function closeSession|const closeSession|closeSession' -Context 0,20
Select-String -Path '.\pages\StaffOrdersMobile\260414-02 StaffOrdersMobile RELEASE.jsx' -Pattern 'closeSession\(' -Context 2,2
rg -n -C 2 'completed|Completed|archived|status === "closed"|status == "closed"|status: "closed"|tab.*completed|completedTab|closedTab|activeTab' '.\pages\StaffOrdersMobile\260414-02 StaffOrdersMobile RELEASE.jsx'
rg -n -C 2 '__batch|useMutation\(|invalidateQueries|base44\.entities\.[A-Za-z]+\.(update|create|delete)\(' '.\pages\StaffOrdersMobile\260414-02 StaffOrdersMobile RELEASE.jsx'
rg -n -C 2 'table\.status|Table\.status|status field|status\s*:\s*"closed"' '.\pages\StaffOrdersMobile\260414-02 StaffOrdersMobile RELEASE.jsx' '.\components\sessionHelpers.js'
rg -n -C 2 'base44\.entities\.Table\.(update|create|delete)|base44\.entities\.TableSession\.(update|create|delete)' '.\pages\StaffOrdersMobile\260414-02 StaffOrdersMobile RELEASE.jsx' '.\components\sessionHelpers.js'
rg -n -C 2 'orderGroups|tableMap|Table\.filter|useQuery\(|queryKey: \["tables"|queryKey: \["table"|base44\.entities\.Table\.filter|base44\.entities\.Table\.list|base44\.entities\.TableSession\.filter|sessions' '.\pages\StaffOrdersMobile\260414-02 StaffOrdersMobile RELEASE.jsx'
$p='.\pages\StaffOrdersMobile\260414-02 StaffOrdersMobile RELEASE.jsx'; $start=3818; $end=3868; $i=0; Get-Content -LiteralPath $p | ForEach-Object { $i++; if($i -ge $start -and $i -le $end){ '{0}:{1}' -f $i, $_ } }
rg -n -C 2 'visibleOrders|roleFilteredOrders|filteredOrders|status !== ''closed''|status === ''closed''|cancelled' '.\pages\StaffOrdersMobile\260414-02 StaffOrdersMobile RELEASE.jsx'
$p='.\pages\StaffOrdersMobile\260414-02 StaffOrdersMobile RELEASE.jsx'; $start=3488; $end=3790; $i=0; Get-Content -LiteralPath $p | ForEach-Object { $i++; if($i -ge $start -and $i -le $end){ '{0}:{1}' -f $i, $_ } }
rg -n -C 2 '\.mutateAsync\(|\.mutate\(|base44\.entities\.[A-Za-z]+\.(update|create|delete)\(' '.\pages\StaffOrdersMobile\260414-02 StaffOrdersMobile RELEASE.jsx'
rg -n -C 2 '__batch' '.\pages\StaffOrdersMobile\260414-02 StaffOrdersMobile RELEASE.jsx'
rg -n -C 2 'advanceMutation\.mutate\(|updateStatusMutation\.mutate\(|updateRequestMutation\.mutate\(' '.\pages\StaffOrdersMobile\260414-02 StaffOrdersMobile RELEASE.jsx'
rg -n -C 3 'advanceMutation' '.\pages\StaffOrdersMobile\260414-02 StaffOrdersMobile RELEASE.jsx'
$p='.\pages\StaffOrdersMobile\260414-02 StaffOrdersMobile RELEASE.jsx'; $start=1568; $end=1635; $i=0; Get-Content -LiteralPath $p | ForEach-Object { $i++; if($i -ge $start -and $i -le $end){ '{0}:{1}' -f $i, $_ } }
rg -n -C 2 'OrderCard|<Order|renderLegacyOrderCard|handleAction' '.\pages\StaffOrdersMobile\260414-02 StaffOrdersMobile RELEASE.jsx'
$p='.\pages\StaffOrdersMobile\260414-02 StaffOrdersMobile RELEASE.jsx'; $start=4388; $end=4422; $i=0; Get-Content -LiteralPath $p | ForEach-Object { $i++; if($i -ge $start -and $i -le $end){ '{0}:{1}' -f $i, $_ } }
$p='.\pages\StaffOrdersMobile\260414-02 StaffOrdersMobile RELEASE.jsx'; $start=3108; $end=3270; $i=0; Get-Content -LiteralPath $p | ForEach-Object { $i++; if($i -ge $start -and $i -le $end){ '{0}:{1}' -f $i, $_ } }
rg -n -C 1 'const .*Mutation = useMutation\(' '.\pages\StaffOrdersMobile\260414-02 StaffOrdersMobile RELEASE.jsx'
$p='.\pages\StaffOrdersMobile\260414-02 StaffOrdersMobile RELEASE.jsx'; $start=3086; $end=3107; $i=0; Get-Content -LiteralPath $p | ForEach-Object { $i++; if($i -ge $start -and $i -le $end){ '{0}:{1}' -f $i, $_ } }
$p='.\pages\StaffOrdersMobile\260414-02 StaffOrdersMobile RELEASE.jsx'; $start=4138; $end=4156; $i=0; Get-Content -LiteralPath $p | ForEach-Object { $i++; if($i -ge $start -and $i -le $end){ '{0}:{1}' -f $i, $_ } }
$p='.\pages\StaffOrdersMobile\260414-02 StaffOrdersMobile RELEASE.jsx'; $start=4128; $end=4143; $i=0; Get-Content -LiteralPath $p | ForEach-Object { $i++; if($i -ge $start -and $i -le $end){ '{0}:{1}' -f $i, $_ } }
rg -n -C 2 'onCloseTable|handleCloseTable\(' '.\pages\StaffOrdersMobile\260414-02 StaffOrdersMobile RELEASE.jsx'
$p='.\components\sessionHelpers.js'; $start=1; $end=120; $i=0; Get-Content -LiteralPath $p | ForEach-Object { $i++; if($i -ge $start -and $i -le $end){ '{0}:{1}' -f $i, $_ } }
rg -n -C 2 'Table.*status|status.*Table|Table\s*entity|Table:' '.\**\B44_Entity_Schemas.md' '.\**\*Entity*'
Get-ChildItem -Recurse -File -Filter 'B44_Entity_Schemas.md' | Select-Object -ExpandProperty FullName
rg -n -C 2 'handleLogout|clearAllFavorites|toggleFavorite|confirmCloseTable|handleCloseTable|onAction=\{|onCloseRequest=\{' '.\pages\StaffOrdersMobile\260414-02 StaffOrdersMobile RELEASE.jsx'
rg -n -C 2 'queryClient\.invalidateQueries\(\)|console\.(log|error)|showToast\(|setInterval\(tick, 60000\)|refetchOrders\(\);|refetchRequests\(\);' '.\pages\StaffOrdersMobile\260414-02 StaffOrdersMobile RELEASE.jsx'
$p='.\pages\StaffOrdersMobile\260414-02 StaffOrdersMobile RELEASE.jsx'; $start=3278; $end=3288; $i=0; Get-Content -LiteralPath $p | ForEach-Object { $i++; if($i -ge $start -and $i -le $end){ '{0}:{1}' -f $i, $_ } }
rg -n 'Table\.status|table\.status|base44\.entities\.Table\.update\(' '.\pages\StaffOrdersMobile\260414-02 StaffOrdersMobile RELEASE.jsx' '.\components\sessionHelpers.js'
rg -n -C 2 'showToast\(|console\.(log|error)|useI18n|t\(' '.\pages\StaffOrdersMobile\260414-02 StaffOrdersMobile RELEASE.jsx'
$p='.\pages\StaffOrdersMobile\260414-02 StaffOrdersMobile RELEASE.jsx'; $start=600; $end=705; $i=0; Get-Content -LiteralPath $p | ForEach-Object { $i++; if($i -ge $start -and $i -le $end){ '{0}:{1}' -f $i, $_ } }
$p='.\pages\StaffOrdersMobile\260414-02 StaffOrdersMobile RELEASE.jsx'; $start=1200; $end=1305; $i=0; Get-Content -LiteralPath $p | ForEach-Object { $i++; if($i -ge $start -and $i -le $end){ '{0}:{1}' -f $i, $_ } }
$p='.\pages\StaffOrdersMobile\260414-02 StaffOrdersMobile RELEASE.jsx'; $start=480; $end=560; $i=0; Get-Content -LiteralPath $p | ForEach-Object { $i++; if($i -ge $start -and $i -le $end){ '{0}:{1}' -f $i, $_ } }
rg -n '^function ' '.\pages\StaffOrdersMobile\260414-02 StaffOrdersMobile RELEASE.jsx'
rg -n '\*/' '.\pages\StaffOrdersMobile\260414-02 StaffOrdersMobile RELEASE.jsx'
$p='.\pages\StaffOrdersMobile\260414-02 StaffOrdersMobile RELEASE.jsx'; $start=4156; $end=4177; $i=0; Get-Content -LiteralPath $p | ForEach-Object { $i++; if($i -ge $start -and $i -le $end){ '{0}:{1}' -f $i, $_ } }
$p='.\pages\StaffOrdersMobile\260414-02 StaffOrdersMobile RELEASE.jsx'; $start=560; $end=640; $i=0; Get-Content -LiteralPath $p | ForEach-Object { $i++; if($i -ge $start -and $i -le $end){ '{0}:{1}' -f $i, $_ } }
$p='.\pages\StaffOrdersMobile\260414-02 StaffOrdersMobile RELEASE.jsx'; $start=1981; $end=2003; $i=0; Get-Content -LiteralPath $p | ForEach-Object { $i++; if($i -ge $start -and $i -le $end){ '{0}:{1}' -f $i, $_ } }
$p='.\pages\StaffOrdersMobile\260414-02 StaffOrdersMobile RELEASE.jsx'; $start=4356; $end=4363; $i=0; Get-Content -LiteralPath $p | ForEach-Object { $i++; if($i -ge $start -and $i -le $end){ '{0}:{1}' -f $i, $_ } }
$p='.\pages\StaffOrdersMobile\260414-02 StaffOrdersMobile RELEASE.jsx'; $start=4433; $end=4437; $i=0; Get-Content -LiteralPath $p | ForEach-Object { $i++; if($i -ge $start -and $i -le $end){ '{0}:{1}' -f $i, $_ } }
$p='.\components\sessionHelpers.js'; $start=158; $end=171; $i=0; Get-Content -LiteralPath $p | ForEach-Object { $i++; if($i -ge $start -and $i -le $end){ '{0}:{1}' -f $i, $_ } }
$p='.\pages\StaffOrdersMobile\260414-02 StaffOrdersMobile RELEASE.jsx'; $start=3369; $end=3377; $i=0; Get-Content -LiteralPath $p | ForEach-Object { $i++; if($i -ge $start -and $i -le $end){ '{0}:{1}' -f $i, $_ } }
