# Command log for SOM Batch A v3 KS prompt review
# Workspace: C:\Dev\menuapp-code-review
# Date: 2026-04-14

[1] TIMEOUT
Get-Item 'C:\Dev\worktrees\task-260414-064018\pages\StaffOrdersMobile\staffordersmobile.jsx' | Select-Object FullName,Length

[2] TIMEOUT
(Get-Content 'C:\Dev\worktrees\task-260414-064018\pages\StaffOrdersMobile\staffordersmobile.jsx').Count

[3] TIMEOUT
Get-Item 'C:\Dev\worktrees\task-260414-064018\components\sessionHelpers.js' | Select-Object FullName,Length

[4]
Get-Item 'C:\Dev\worktrees\task-260414-064018\pages\StaffOrdersMobile\staffordersmobile.jsx' | Select-Object FullName,Length

[5]
(Get-Content 'C:\Dev\worktrees\task-260414-064018\pages\StaffOrdersMobile\staffordersmobile.jsx' -TotalCount 1 | Measure-Object).Count; (Get-Content 'C:\Dev\worktrees\task-260414-064018\pages\StaffOrdersMobile\staffordersmobile.jsx').Count

[6]
Get-Item 'C:\Dev\worktrees\task-260414-064018\components\sessionHelpers.js' | Select-Object FullName,Length

[7] TIMEOUT
@'
$path = 'C:\Dev\worktrees\task-260414-064018\pages\StaffOrdersMobile\staffordersmobile.jsx'
$ranges = @(
  @{Start=540;End=790},
  @{Start=1138;End=1420},
  @{Start=2238;End=2272},
  @{Start=2324;End=2340},
  @{Start=3528;End=3550},
  @{Start=3780;End=3822}
)
$lines = Get-Content $path
foreach ($r in $ranges) {
  "--- RANGE $($r.Start)-$($r.End) ---"
  for ($i = $r.Start; $i -le $r.End; $i++) {
    if ($i -le $lines.Count) { "{0,5}: {1}" -f $i, $lines[$i-1] }
  }
}
'@ | powershell -NoProfile -Command -

[8]
rg -n "closeSession|activeOrders|filteredGroups|tabCounts|stopPropagation|star|empty-star|guest.*length|\.(length)" "C:\Dev\worktrees\task-260414-064018\pages\StaffOrdersMobile\staffordersmobile.jsx"

[9]
rg -n "closeSession" "C:\Dev\worktrees\task-260414-064018\components\sessionHelpers.js"

[10]
$p='C:\Dev\worktrees\task-260414-064018\pages\StaffOrdersMobile\staffordersmobile.jsx'; $lines=Get-Content $p; 540..790 | ForEach-Object { if($_ -le $lines.Count){ '{0,5}: {1}' -f $_, $lines[$_-1] } }

[11]
$p='C:\Dev\worktrees\task-260414-064018\pages\StaffOrdersMobile\staffordersmobile.jsx'; $lines=Get-Content $p; 1138..1420 | ForEach-Object { if($_ -le $lines.Count){ '{0,5}: {1}' -f $_, $lines[$_-1] } }

[12]
$p='C:\Dev\worktrees\task-260414-064018\pages\StaffOrdersMobile\staffordersmobile.jsx'; $lines=Get-Content $p; 2238..2272 | ForEach-Object { if($_ -le $lines.Count){ '{0,5}: {1}' -f $_, $lines[$_-1] } }

[13]
$p='C:\Dev\worktrees\task-260414-064018\pages\StaffOrdersMobile\staffordersmobile.jsx'; $lines=Get-Content $p; 2326..2340 | ForEach-Object { if($_ -le $lines.Count){ '{0,5}: {1}' -f $_, $lines[$_-1] } }

[14]
$p='C:\Dev\worktrees\task-260414-064018\pages\StaffOrdersMobile\staffordersmobile.jsx'; $lines=Get-Content $p; 3518..3566 | ForEach-Object { if($_ -le $lines.Count){ '{0,5}: {1}' -f $_, $lines[$_-1] } }

[15]
$p='C:\Dev\worktrees\task-260414-064018\pages\StaffOrdersMobile\staffordersmobile.jsx'; $lines=Get-Content $p; 3784..3822 | ForEach-Object { if($_ -le $lines.Count){ '{0,5}: {1}' -f $_, $lines[$_-1] } }

[16]
$p='C:\Dev\worktrees\task-260414-064018\components\sessionHelpers.js'; $lines=Get-Content $p; 145..190 | ForEach-Object { if($_ -le $lines.Count){ '{0,5}: {1}' -f $_, $lines[$_-1] } }

[17]
Get-ChildItem 'C:\Dev\menuapp-code-review\pages' | Select-Object Name

[18]
rg -n "export async function closeSession|import \{ getGuestDisplayName, closeSession \}|await closeSession\(" "C:\Dev\worktrees\task-260414-064018\pages\StaffOrdersMobile\staffordersmobile.jsx" "C:\Dev\worktrees\task-260414-064018\components\sessionHelpers.js"

[19]
Get-ChildItem 'C:\Dev\menuapp-code-review\pages\StaffOrdersMobile' | Select-Object Name,Length
