# Review command log
# Working repo: C:\Users\ASUS\Dev\Menu AI Cowork\menuapp-code-review

[1] workdir=C:\Users\ASUS\Dev\Menu AI Cowork\menuapp-code-review\pages\PublicMenu
Get-ChildItem -Name

[2] workdir=C:\Users\ASUS\Dev\Menu AI Cowork\menuapp-code-review\pages\PublicMenu
Get-Content -Path x.jsx -TotalCount 220

[3] workdir=C:\Users\ASUS\Dev\Menu AI Cowork\menuapp-code-review\pages\PublicMenu
if (Test-Path README.md) { Get-Content -Path README.md -TotalCount 220 }

[4] workdir=C:\Users\ASUS\Dev\Menu AI Cowork\menuapp-code-review\pages\PublicMenu
if (Test-Path BUGS.md) { Get-Content -Path BUGS.md -TotalCount 220 }

[5] workdir=C:\Users\ASUS\Dev\Menu AI Cowork\menuapp-code-review\pages\PublicMenu
Get-ChildItem -Name

[6] workdir=C:\Users\ASUS\Dev\Menu AI Cowork\menuapp-code-review\pages\PublicMenu
$p='x.jsx'; (Get-Content $p | Select-Object -Index (1288..1320))

[7] workdir=C:\Users\ASUS\Dev\Menu AI Cowork\menuapp-code-review\pages\PublicMenu
if (Test-Path README.md) { Get-Content README.md -TotalCount 220 }

[8] workdir=C:\Users\ASUS\Dev\Menu AI Cowork\menuapp-code-review\pages\PublicMenu
if (Test-Path BUGS.md) { Get-Content BUGS.md -TotalCount 220 }

[9] workdir=C:\Users\ASUS\Dev\Menu AI Cowork\menuapp-code-review\pages\PublicMenu
$p='x.jsx'; (Get-Content $p | Select-Object -Index (1598..1675))

[10] workdir=C:\Users\ASUS\Dev\Menu AI Cowork\menuapp-code-review\pages\PublicMenu
$p='x.jsx'; (Get-Content $p | Select-Object -Index (2398..2445))

[11] workdir=C:\Users\ASUS\Dev\Menu AI Cowork\menuapp-code-review\pages\PublicMenu
$p='x.jsx'; (Get-Content $p | Select-Object -Index (2738..2765))

[12] workdir=C:\Users\ASUS\Dev\Menu AI Cowork\menuapp-code-review\pages\PublicMenu
$p='CartView.jsx'; (Get-Content $p | Select-Object -Index (0..220))

[13] workdir=C:\Users\ASUS\Dev\Menu AI Cowork\menuapp-code-review\pages\PublicMenu
$p='x.jsx'; (Get-Content $p | Select-Object -Index (3438..3528))

[14] workdir=C:\Users\ASUS\Dev\Menu AI Cowork\menuapp-code-review\pages\PublicMenu
$p='x.jsx'; (Get-Content $p | Select-Object -Index (3528..3642))

[15] workdir=C:\Users\ASUS\Dev\Menu AI Cowork\menuapp-code-review\pages\PublicMenu
$p='x.jsx'; (Get-Content $p | Select-Object -Index (3642..3728))

[16] workdir=C:\Users\ASUS\Dev\Menu AI Cowork\menuapp-code-review\pages\PublicMenu
$p='x.jsx'; (Get-Content $p | Select-Object -Index (3828..3852))

[17] workdir=C:\Users\ASUS\Dev\Menu AI Cowork\menuapp-code-review\pages\PublicMenu
Select-String -Path x.jsx -Pattern "showTableConfirmSheet|tableConfirm|openHelpDrawer|orderMode === \"hall\" && isTableVerified && currentTableId|ChevronDown className=\"w-6 h-6\""

[18] workdir=C:\Users\ASUS\Dev\Menu AI Cowork\menuapp-code-review\pages\PublicMenu
Select-String -Path x.jsx -Pattern "useEffect\(|showTableConfirmSheet" -Context 0,3

[19] workdir=C:\Users\ASUS\Dev\Menu AI Cowork\menuapp-code-review\pages\PublicMenu
Select-String -Path x.jsx -Pattern "<Drawer open=\{isHelpModalOpen\}|<DrawerContent className=\"max-h-\[85vh\] rounded-t-2xl\"|closeHelpDrawer" -Context 0,6

[20] workdir=C:\Users\ASUS\Dev\Menu AI Cowork\menuapp-code-review\pages\PublicMenu
Select-String -Path x.jsx -Pattern @('openHelpDrawer','closeHelpDrawer','<Drawer open={isHelpModalOpen}','<DrawerContent className="max-h-[85vh] rounded-t-2xl">','view === "menu" && orderMode === "hall" && isTableVerified && currentTableId && drawerMode !== ''cart''') -SimpleMatch

[21] workdir=C:\Users\ASUS\Dev\Menu AI Cowork\menuapp-code-review\pages\PublicMenu
$p='x.jsx'; (Get-Content $p | Select-Object -Index (2168..2182))

[22] workdir=C:\Users\ASUS\Dev\Menu AI Cowork\menuapp-code-review\pages\PublicMenu
Get-ChildItem -Name review_*.md,commands_*.log

[23] workdir=C:\Users\ASUS\Dev\Menu AI Cowork\menuapp-code-review
Test-Path "C:\Users\ASUS\Dev\Menu AI Cowork\menuapp-code-review\pipeline\chain-state"
