# PublicMenu review command log — 2026-03-28

1. [timed out] Get-ChildItem -Force 'pages/PublicMenu' | Select-Object Name,Length,Mode
2. [timed out] $i=1; Get-Content 'pages/PublicMenu/CartView.jsx' | ForEach-Object { '{0,5}: {1}' -f $i, $_; $i++ }
3. [timed out] $i=1; Get-Content 'pages/PublicMenu/x.jsx' | ForEach-Object { '{0,5}: {1}' -f $i, $_; $i++ }
4. [timed out] $i=1; Get-Content 'pages/PublicMenu/README.md' | ForEach-Object { '{0,5}: {1}' -f $i, $_; $i++ }
5. [timed out] $i=1; Get-Content 'pages/PublicMenu/BUGS.md' | ForEach-Object { '{0,5}: {1}' -f $i, $_; $i++ }
6. [ok] (Get-Content 'pages/PublicMenu/CartView.jsx').Count
7. [ok] (Get-Content 'pages/PublicMenu/x.jsx').Count
8. [timed out] Get-ChildItem -Force 'pages/PublicMenu' | Select-Object Name,Length,Mode
9. [timed out] Get-Content 'pages/PublicMenu/README.md' -Raw
10. [timed out] Get-Content 'pages/PublicMenu/BUGS.md' -Raw
11. [ok] cmd /c dir /b "pages\PublicMenu"
12. [ok] Select-String -Path 'pages/PublicMenu/CartView.jsx' -Pattern 'Заказано','ИТОГО','rating','Rating','Star','Для кого','Только мне','createdAt','created_date','DrawerContent','Отправить официанту','Добавить ещё','Попросить счёт','Выдан гостю','Подано' | ForEach-Object { "{0}:{1}: {2}" -f $_.Filename, $_.LineNumber, $_.Line.Trim() }
13. [ok] Select-String -Path 'pages/PublicMenu/x.jsx' -Pattern 'guestName','localStorage','tableCode','formatPrice','totalAmount','confirmation.total','Заказ принят' | ForEach-Object { "{0}:{1}: {2}" -f $_.Filename, $_.LineNumber, $_.Line.Trim() }
14. [ok] Get-Content 'pages/PublicMenu/README.md' -TotalCount 200
15. [ok] Get-Content 'pages/PublicMenu/BUGS.md' -TotalCount 200
16. [ok] $path='pages/PublicMenu/CartView.jsx'; $start=330; $end=390; $i=1; Get-Content $path | Select-Object -Skip ($start-1) -First ($end-$start+1) | ForEach-Object { '{0,5}: {1}' -f ($start++), $_ }
17. [ok] $path='pages/PublicMenu/CartView.jsx'; $start=450; $end=620; Get-Content $path | Select-Object -Skip ($start-1) -First ($end-$start+1) | ForEach-Object { '{0,5}: {1}' -f $start, $_; $start++ }
18. [ok] $path='pages/PublicMenu/CartView.jsx'; $start=780; $end=1010; Get-Content $path | Select-Object -Skip ($start-1) -First ($end-$start+1) | ForEach-Object { '{0,5}: {1}' -f $start, $_; $start++ }
19. [ok] $path='pages/PublicMenu/x.jsx'; $start=700; $end=735; Get-Content $path | Select-Object -Skip ($start-1) -First ($end-$start+1) | ForEach-Object { '{0,5}: {1}' -f $start, $_; $start++ }
20. [ok] $path='pages/PublicMenu/x.jsx'; $start=1348; $end=1370; Get-Content $path | Select-Object -Skip ($start-1) -First ($end-$start+1) | ForEach-Object { '{0,5}: {1}' -f $start, $_; $start++ }
21. [ok] $path='pages/PublicMenu/x.jsx'; $start=1550; $end=1610; Get-Content $path | Select-Object -Skip ($start-1) -First ($end-$start+1) | ForEach-Object { '{0,5}: {1}' -f $start, $_; $start++ }
22. [ok] $path='pages/PublicMenu/x.jsx'; $start=3138; $end=3170; Get-Content $path | Select-Object -Skip ($start-1) -First ($end-$start+1) | ForEach-Object { '{0,5}: {1}' -f $start, $_; $start++ }
23. [ok] $path='pages/PublicMenu/CartView.jsx'; $start=80; $end=105; Get-Content $path | Select-Object -Skip ($start-1) -First ($end-$start+1) | ForEach-Object { '{0,5}: {1}' -f $start, $_; $start++ }
24. [ok] $path='pages/PublicMenu/CartView.jsx'; $start=230; $end=285; Get-Content $path | Select-Object -Skip ($start-1) -First ($end-$start+1) | ForEach-Object { '{0,5}: {1}' -f $start, $_; $start++ }
25. [ok] $path='pages/PublicMenu/CartView.jsx'; $start=740; $end=805; Get-Content $path | Select-Object -Skip ($start-1) -First ($end-$start+1) | ForEach-Object { '{0,5}: {1}' -f $start, $_; $start++ }
26. [ok] $path='pages/PublicMenu/CartView.jsx'; $start=1007; $end=1045; Get-Content $path | Select-Object -Skip ($start-1) -First ($end-$start+1) | ForEach-Object { '{0,5}: {1}' -f $start, $_; $start++ }
27. [ok] Select-String -Path 'pages/PublicMenu/x.jsx' -Pattern 'menuapp_guest_name','removeItem\(' | ForEach-Object { "x.jsx:{0}: {1}" -f $_.LineNumber, $_.Line.Trim() }
28. [ok] Select-String -Path 'pages/PublicMenu/x.jsx' -Pattern 'verifiedTableId','verifiedTable','resolvedTable','currentTableId','tableCodeParam','useEffect\(' | ForEach-Object { "x.jsx:{0}: {1}" -f $_.LineNumber, $_.Line.Trim() }
29. [ok] Select-String -Path 'pages/PublicMenu/CartView.jsx' -Pattern 'Все блюда поданы','Дозаказать','Попросить счёт','bill','servedOrders.length','activeOrders.length','cart.length === 0 && todayMyOrders.length > 0' | ForEach-Object { "CartView.jsx:{0}: {1}" -f $_.LineNumber, $_.Line.Trim() }
30. [ok] $path='pages/PublicMenu/x.jsx'; $start=2288; $end=2330; Get-Content $path | Select-Object -Skip ($start-1) -First ($end-$start+1) | ForEach-Object { '{0,5}: {1}' -f $start, $_; $start++ }
31. [ok] $path='pages/PublicMenu/x.jsx'; $start=2448; $end=2466; Get-Content $path | Select-Object -Skip ($start-1) -First ($end-$start+1) | ForEach-Object { '{0,5}: {1}' -f $start, $_; $start++ }
32. [ok] $path='pages/PublicMenu/x.jsx'; $start=3298; $end=3310; Get-Content $path | Select-Object -Skip ($start-1) -First ($end-$start+1) | ForEach-Object { '{0,5}: {1}' -f $start, $_; $start++ }
33. [ok] Select-String -Path 'pages/PublicMenu/x.jsx' -Pattern 'setGuestNameInput\(','currentGuest\?\.name','setCurrentGuest\(' | ForEach-Object { "x.jsx:{0}: {1}" -f $_.LineNumber, $_.Line.Trim() }
34. [ok] Select-String -Path 'pages/PublicMenu/CartView.jsx' -Pattern 'showTableOrdersSection','reviewableItems','otherGuestsReviewableItems','openReviewDialog','servedExpanded','activeExpanded' | ForEach-Object { "CartView.jsx:{0}: {1}" -f $_.LineNumber, $_.Line.Trim() }
35. [ok] $path='pages/PublicMenu/x.jsx'; $start=1620; $end=1636; Get-Content $path | Select-Object -Skip ($start-1) -First ($end-$start+1) | ForEach-Object { '{0,5}: {1}' -f $start, $_; $start++ }
36. [ok] Select-String -Path 'pages/PublicMenu/x.jsx' -Pattern 'menuapp_guest_name','currentTableId','tableCodeParam','resolvedTable\?\.id','verifiedTableId' | ForEach-Object { "x.jsx:{0}: {1}" -f $_.LineNumber, $_.Line.Trim() }
37. [ok] Test-Path 'pipeline/chain-state'
38. [ok] Test-Path 'pages/PublicMenu'
