Get-ChildItem -Name pages/PublicMenu/base/*.jsx  # timed out (10s)
Get-Content -Raw pages/PublicMenu/README.md  # timed out (10s)
Get-Content -Raw pages/PublicMenu/BUGS.md  # timed out (10s)
Get-ChildItem -Name pages/PublicMenu/base/*.jsx
Get-Content -Raw pages/PublicMenu/README.md
Get-Content -Raw pages/PublicMenu/BUGS.md
Get-Content -Raw pages/PublicMenu/base/x.jsx
Select-String -Path pages/PublicMenu/base/x.jsx -Pattern 'useQuery\(|partner_not_found|catch \{|console\.|dangerouslySetInnerHTML|createObjectURL|CategoryChips|activeColor|bg-indigo|aria-label|placeholder=|useEffect\(|useMemo\(' -Context 3,6
$lines = Get-Content pages/PublicMenu/base/x.jsx; $patterns = 'useQuery\(','partner_not_found','catch {','console\\\\.','dangerouslySetInnerHTML','createObjectURL','CategoryChips','activeColor','bg-indigo','aria-label','placeholder=','useEffect\\(','useMemo\\('; for ($i=0; $i -lt $lines.Length; $i++) { foreach ($p in $patterns) { if ($lines[$i] -match $p) { '{0}:{1}' -f ($i+1), $lines[$i]; break } } }
$lines = Get-Content pages/PublicMenu/base/x.jsx; $start=1322; $end=1347; for($i=$start;$i -le $end;$i++){ '{0}:{1}' -f $i,$lines[$i-1] }
$lines = Get-Content pages/PublicMenu/base/x.jsx; $start=3034; $end=3056; for($i=$start;$i -le $end;$i++){ '{0}:{1}' -f $i,$lines[$i-1] }
$lines = Get-Content pages/PublicMenu/base/x.jsx; $start=3178; $end=3189; for($i=$start;$i -le $end;$i++){ '{0}:{1}' -f $i,$lines[$i-1] }
$lines = Get-Content pages/PublicMenu/base/x.jsx; $start=1519; $end=1532; for($i=$start;$i -le $end;$i++){ '{0}:{1}' -f $i,$lines[$i-1] }
$lines = Get-Content pages/PublicMenu/base/x.jsx; $start=2060; $end=2068; for($i=$start;$i -le $end;$i++){ '{0}:{1}' -f $i,$lines[$i-1] }
$lines = Get-Content pages/PublicMenu/base/x.jsx; $start=2310; $end=2316; for($i=$start;$i -le $end;$i++){ '{0}:{1}' -f $i,$lines[$i-1] }
$lines = Get-Content pages/PublicMenu/base/x.jsx; $start=892; $end=907; for($i=$start;$i -le $end;$i++){ '{0}:{1}' -f $i,$lines[$i-1] }
Select-String -Path pages/PublicMenu/base/x.jsx -Pattern 'orderError|not_found|check_link|ErrorState|invalid_link' -Context 2,4
$lines = Get-Content pages/PublicMenu/base/x.jsx; $start=980; $end=1065; for($i=$start;$i -le $end;$i++){ '{0}:{1}' -f $i,$lines[$i-1] }
Select-String -Path pages/PublicMenu/base/x.jsx -Pattern 'toast\.(success|error|info)\(' -Context 0,2
Select-String -Path pages/PublicMenu/base/x.jsx -Pattern '"toast\.error"|"toast\.saved"|guest\.name_saved|cart\.items_removed_mode_switch|cart\.confirm_table\.|common\.loading' -Context 0,0
Select-String -Path pages/PublicMenu/base/x.jsx -Pattern '"cart\.confirm_table\.dismissed"'
$lines = Get-Content pages/PublicMenu/base/x.jsx; $start=1490; $end=1505; for($i=$start;$i -le $end;$i++){ '{0}:{1}' -f $i,$lines[$i-1] }
$lines = Get-Content pages/PublicMenu/base/x.jsx; $start=2089; $end=2098; for($i=$start;$i -le $end;$i++){ '{0}:{1}' -f $i,$lines[$i-1] }
Select-String -Path pages/PublicMenu/base/x.jsx -Pattern 'setTimeout\(' -Context 2,2
Select-String -Path pages/PublicMenu/BUGS.md -Pattern 'BUG-PM-062|Partner lookup hides backend failures|BUG-PM-070|CategoryChips ignores activeColor prop' -Context 1,4
Select-String -Path pages/PublicMenu/README.md -Pattern 'BUG-PM-040|BUG-PM-041|BUG-PM-042|BUG-PM-043|BUG-PM-044|BUG-PM-045|BUG-PM-046|BUG-PM-047|active' -Context 0,2
Select-String -Path pages/PublicMenu/base/x.jsx -Pattern 'console\.error\(' | ForEach-Object { '{0}:{1}' -f $_.LineNumber, $_.Line.Trim() }
Select-String -Path pages/PublicMenu/base/x.jsx -Pattern 'console\.(log|warn)\(' | ForEach-Object { '{0}:{1}' -f $_.LineNumber, $_.Line.Trim() }
New-Item -ItemType Directory -Force -Path pipeline/chain-state | Out-Null
