# StaffOrdersMobile review command log

# Timed out
Get-ChildItem -Force "pages/StaffOrdersMobile" | Select-Object Name,Length,LastWriteTime
Get-Content "pages/StaffOrdersMobile/staffordersmobile.jsx" -TotalCount 260
if (Test-Path "pages/StaffOrdersMobile/README.md") { Get-Content "pages/StaffOrdersMobile/README.md" }
if (Test-Path "pages/StaffOrdersMobile/BUGS.md") { Get-Content "pages/StaffOrdersMobile/BUGS.md" }

# Successful
Get-ChildItem -Force "pages/StaffOrdersMobile" | Select-Object Name,Length,LastWriteTime | Format-Table -AutoSize
Get-Content "pages/StaffOrdersMobile/staffordersmobile.jsx" -TotalCount 260
if (Test-Path "pages/StaffOrdersMobile/README.md") { Get-Content "pages/StaffOrdersMobile/README.md" } else { Write-Output "__MISSING__" }
if (Test-Path "pages/StaffOrdersMobile/BUGS.md") { Get-Content "pages/StaffOrdersMobile/BUGS.md" } else { Write-Output "__MISSING__" }
Get-Content "pages/StaffOrdersMobile/StaffOrdersMobile README.md"
$path = "pages/StaffOrdersMobile/staffordersmobile.jsx"; $start=200; $end=260; $lines = Get-Content $path; for($i=$start; $i -le $end; $i++){ if($i -le $lines.Length){ Write-Output (("{0,5}: " -f $i) + $lines[$i-1]) } }
$path = "pages/StaffOrdersMobile/staffordersmobile.jsx"; $start=960; $end=1290; $lines = Get-Content $path; for($i=$start; $i -le $end; $i++){ if($i -le $lines.Length){ Write-Output (("{0,5}: " -f $i) + $lines[$i-1]) } }
$path = "pages/StaffOrdersMobile/staffordersmobile.jsx"; $start=1388; $end=1410; $lines = Get-Content $path; for($i=$start; $i -le $end; $i++){ if($i -le $lines.Length){ Write-Output (("{0,5}: " -f $i) + $lines[$i-1]) } }
$path = "pages/StaffOrdersMobile/staffordersmobile.jsx"; $start=1884; $end=1902; $lines = Get-Content $path; for($i=$start; $i -le $end; $i++){ if($i -le $lines.Length){ Write-Output (("{0,5}: " -f $i) + $lines[$i-1]) } }
Select-String -Path "pages/StaffOrdersMobile/staffordersmobile.jsx" -Pattern "isTerminal|showActionButton|actionLabel|nextStageId|nextStatus" | ForEach-Object { "{0}: {1}" -f $_.LineNumber, $_.Line.Trim() }
$path = "pages/StaffOrdersMobile/staffordersmobile.jsx"; $start=320; $end=520; $lines = Get-Content $path; for($i=$start; $i -le $end; $i++){ if($i -le $lines.Length){ Write-Output (("{0,5}: " -f $i) + $lines[$i-1]) } }
$path = "pages/StaffOrdersMobile/staffordersmobile.jsx"; $start=3000; $end=3075; $lines = Get-Content $path; for($i=$start; $i -le $end; $i++){ if($i -le $lines.Length){ Write-Output (("{0,5}: " -f $i) + $lines[$i-1]) } }
Select-String -Path "pages/StaffOrdersMobile/staffordersmobile.jsx" -Pattern "served|completed|isFinishStage|isFirstStage" | ForEach-Object { "{0}: {1}" -f $_.LineNumber, $_.Line.Trim() }
$path = "pages/StaffOrdersMobile/staffordersmobile.jsx"; $start=1458; $end=1530; $lines = Get-Content $path; for($i=$start; $i -le $end; $i++){ if($i -le $lines.Length){ Write-Output (("{0,5}: " -f $i) + $lines[$i-1]) } }
Select-String -Path "pages/StaffOrdersMobile/staffordersmobile.jsx" -Pattern "withTablePrefix" | ForEach-Object { "{0}: {1}" -f $_.LineNumber, $_.Line.Trim() }
if (Test-Path "pipeline/chain-state") { Write-Output "__EXISTS__" } else { Write-Output "__MISSING__" }
if (Test-Path "pages/StaffOrdersMobile") { Write-Output "__PAGE_EXISTS__" }
