^CTerminate batch job (Y/N)? IMPORTANT: Your VERY FIRST action must be: echo "started $(date -Iseconds)" > "C:/Users/ASUS/Dev/Menu AI Cowork/pipeline/started-task-260421-153155-001.md"
Terminate batch job (Y/N)? 
Terminate batch job (Y/N)? === TASK SETUP ===
Terminate batch job (Y/N)? Progress file: C:/Users/ASUS/Dev/Menu AI Cowork/pipeline/progress-task-260421-153155-001.txt
Terminate batch job (Y/N)? Task ID: task-260421-153155-001
Terminate batch job (Y/N)? === END TASK SETUP ===
Terminate batch job (Y/N)? 
Terminate batch job (Y/N)? === PROGRESS UPDATES ===
Terminate batch job (Y/N)? Update progress file after each major step:
Terminate batch job (Y/N)?   echo "[CC] $(date +%H:%M) <status>" >> "C:/Users/ASUS/Dev/Menu AI Cowork/pipeline/progress-task-260421-153155-001.txt"
Terminate batch job (Y/N)? === END PROGRESS ===
Terminate batch job (Y/N)? 
Terminate batch job (Y/N)? === GIT RULES ===
Terminate batch job (Y/N)? - Capture pre-task commit: PRE=$(git rev-parse HEAD)
Terminate batch job (Y/N)? - After ALL fixes: git add <specific files only> && git commit -m 'fix: <description>'
Terminate batch job (Y/N)? - Push with retry: git push || (git pull --rebase && git push)
Terminate batch job (Y/N)? - NEVER use git add . or git add -A
Terminate batch job (Y/N)? - Update BUGS.md in the page folder
Terminate batch job (Y/N)? === END GIT RULES ===
Terminate batch job (Y/N)? 
Terminate batch job (Y/N)? ---
Terminate batch job (Y/N)? chain: pssk-cv-b2-b-260421-v2-260421-153155-eb67
Terminate batch job (Y/N)? chain_step: 1
Terminate batch job (Y/N)? chain_total: 4
Terminate batch job (Y/N)? chain_step_name: cc-writer
Terminate batch job (Y/N)? chain_group: writers
Terminate batch job (Y/N)? chain_group_size: 2
Terminate batch job (Y/N)? page: Unknown
Terminate batch job (Y/N)? budget: 10.00
Terminate batch job (Y/N)? runner: cc
Terminate batch job (Y/N)? type: chain-step
Terminate batch job (Y/N)? ---
Terminate batch job (Y/N)? === CHAIN STEP: CC Writer (1/4) ===
Terminate batch job (Y/N)? Chain: pssk-cv-b2-b-260421-v2-260421-153155-eb67
Terminate batch job (Y/N)? Page: Unknown
Terminate batch job (Y/N)? 
Terminate batch job (Y/N)? You are the CC Writer in a modular consensus pipeline.
