[workdir: C:/Users/ASUS/Dev/Menu AI Cowork/menuapp-code-review/pages/StaffOrdersMobile]
Get-ChildItem -Name
Get-Content -Raw staffordersmobile.jsx
if (Test-Path README.md) { Get-Content -Raw README.md }
if (Test-Path BUGS.md) { Get-Content -Raw BUGS.md }

[workdir: C:/Users/ASUS/Dev/Menu AI Cowork/menuapp-code-review/pages/StaffOrdersMobile]
Get-ChildItem -Name
if (Test-Path README.md) { Get-Content -Raw README.md } else { '' }
if (Test-Path BUGS.md) { Get-Content -Raw BUGS.md } else { '' }

[workdir: C:/Users/ASUS/Dev/Menu AI Cowork/menuapp-code-review/pages/StaffOrdersMobile]
Get-Content -Raw 'StaffOrdersMobile README.md'
$c = Get-Content staffordersmobile.jsx; $c[1240..2025]
Select-String -Path staffordersmobile.jsx -Pattern 'setUndoToast|handleBatchAction|servedOrders|OrderGroupCard|guestName\(|safeParseDate\(|base44\.entities\.Order\.filter|useQuery\(' -Context 3,6

[workdir: C:/Users/ASUS/Dev/Menu AI Cowork/menuapp-code-review/pages/StaffOrdersMobile]
$c = Get-Content staffordersmobile.jsx; $c[2180..2315]
Select-String -Path staffordersmobile.jsx -Pattern 'servedExpanded|servedOrders|\u0412\u042b\u0414\u0410\u041d\u041e|\u041f\u043e\u043a\u0430\u0437\u0430\u0442\u044c|\u0421\u043a\u0440\u044b\u0442\u044c' -Context 2,4

[workdir: C:/Users/ASUS/Dev/Menu AI Cowork/menuapp-code-review/pages/StaffOrdersMobile]
$c = Get-Content staffordersmobile.jsx; for ($i=1300; $i -le 1565; $i++) { '{0,5}: {1}' -f ($i + 1), $c[$i] }
$c = Get-Content staffordersmobile.jsx; for ($i=1898; $i -le 2235; $i++) { '{0,5}: {1}' -f ($i + 1), $c[$i] }
Select-String -Path staffordersmobile.jsx -Pattern 'servedOrders|servedExpanded'
