Get-ChildItem -Force 'C:/Users/ASUS/Dev/Menu AI Cowork/menuapp-code-review/pages/PublicMenu' | Select-Object Name,Length,LastWriteTime
Get-Location
Select-String -Path 'C:/Users/ASUS/Dev/Menu AI Cowork/menuapp-code-review/pages/PublicMenu/MenuView.jsx' -Pattern 'onClick|discount_percent|Math\.round|tile|grid|list|setSelected|onDish|selectedDish|stopPropagation' -CaseSensitive:$false | Select-Object LineNumber,Line
Select-String -Path 'C:/Users/ASUS/Dev/Menu AI Cowork/menuapp-code-review/pages/PublicMenu/x.jsx' -Pattern 'toast|Toaster|sonner|Добавлено|added_to_cart|cart\.added|ChevronDown|chevron|border-t|border-b|drag' -CaseSensitive:$false | Select-Object LineNumber,Line
Select-String -Path 'C:/Users/ASUS/Dev/Menu AI Cowork/menuapp-code-review/pages/PublicMenu/BUGS.md' -Pattern 'PM-102|PM-103|PM-104|PM-106|toast|chevron|tile|dish card' -CaseSensitive:$false | Select-Object LineNumber,Line
Get-Content 'C:/Users/ASUS/Dev/Menu AI Cowork/menuapp-code-review/pages/PublicMenu/README.md' -TotalCount 200
$p='C:/Users/ASUS/Dev/Menu AI Cowork/menuapp-code-review/pages/PublicMenu/MenuView.jsx'; $c=Get-Content $p; $c[78..185]
$p='C:/Users/ASUS/Dev/Menu AI Cowork/menuapp-code-review/pages/PublicMenu/MenuView.jsx'; $c=Get-Content $p; $c[186..299]
$p='C:/Users/ASUS/Dev/Menu AI Cowork/menuapp-code-review/pages/PublicMenu/x.jsx'; $c=Get-Content $p; $c[2314..2332]
$p='C:/Users/ASUS/Dev/Menu AI Cowork/menuapp-code-review/pages/PublicMenu/x.jsx'; Select-String -Path $p -Pattern 'Toaster|toastOptions|classNames|position=.*toast|richColors|theme=' -CaseSensitive:$false | Select-Object LineNumber,Line
$p='C:/Users/ASUS/Dev/Menu AI Cowork/menuapp-code-review/pages/PublicMenu/MenuView.jsx'; $c=Get-Content $p; $c[0..77]
Select-String -Path 'C:/Users/ASUS/Dev/Menu AI Cowork/menuapp-code-review/pages/PublicMenu/x.jsx' -Pattern 'selectedDish|setSelectedDish|onDishClick|onSelectDish|MenuView|DishDetail|dish detail|openDetail|reviewsOpen|setReviewDish|setSelectedReviewDish' -CaseSensitive:$false | Select-Object LineNumber,Line
Select-String -Path 'C:/Users/ASUS/Dev/Menu AI Cowork/menuapp-code-review/pages/PublicMenu/x.jsx' -Pattern 'Drawer|snapPoint|handle|ChevronDown|ChevronUp|border-t|border-b' -CaseSensitive:$false | Select-Object LineNumber,Line
$p='C:/Users/ASUS/Dev/Menu AI Cowork/menuapp-code-review/pages/PublicMenu/BUGS.md'; $c=Get-Content $p; $c[380..410]
$p='C:/Users/ASUS/Dev/Menu AI Cowork/menuapp-code-review/pages/PublicMenu/x.jsx'; $c=Get-Content $p; $c[3248..3285]
$p='C:/Users/ASUS/Dev/Menu AI Cowork/menuapp-code-review/pages/PublicMenu/x.jsx'; $c=Get-Content $p; $c[3368..3460]
$p='C:/Users/ASUS/Dev/Menu AI Cowork/menuapp-code-review/pages/PublicMenu/x.jsx'; $c=Get-Content $p; $c[3598..3630]
$p='C:/Users/ASUS/Dev/Menu AI Cowork/menuapp-code-review/pages/PublicMenu/x.jsx'; $c=Get-Content $p; $c[0..120]
Select-String -Path 'C:/Users/ASUS/Dev/Menu AI Cowork/menuapp-code-review/pages/PublicMenu/MenuView.jsx' -Pattern 'toastVisible|toastTimerRef|Добавлено|toast' -CaseSensitive:$false | Select-Object LineNumber,Line
$p='C:/Users/ASUS/Dev/Menu AI Cowork/menuapp-code-review/pages/PublicMenu/MenuView.jsx'; $c=Get-Content $p; $c[360..390]
$p='C:/Users/ASUS/Dev/Menu AI Cowork/menuapp-code-review/pages/PublicMenu/x.jsx'; $c=Get-Content $p; $c[2307..2338]
$p='C:/Users/ASUS/Dev/Menu AI Cowork/menuapp-code-review/pages/PublicMenu/x.jsx'; $c=Get-Content $p; $c[3278..3295]
Select-String -Path 'C:/Users/ASUS/Dev/Menu AI Cowork/menuapp-code-review/pages/PublicMenu/x.jsx' -Pattern 'MenuView[\s\S]*addToCart|addToCart=|updateQuantity=' -CaseSensitive:$false | Select-Object LineNumber,Line
Select-String -Path 'C:/Users/ASUS/Dev/Menu AI Cowork/menuapp-code-review/pages/PublicMenu/MenuView.jsx' -Pattern 'addToCart\(|handleAddToCart\(|toastVisible' -CaseSensitive:$false | Select-Object LineNumber,Line
$p='C:/Users/ASUS/Dev/Menu AI Cowork/menuapp-code-review/pages/PublicMenu/MenuView.jsx'; $lines=Get-Content $p; for($i=80;$i -le 180;$i++){ '{0,5}: {1}' -f ($i+1), $lines[$i] }
$p='C:/Users/ASUS/Dev/Menu AI Cowork/menuapp-code-review/pages/PublicMenu/MenuView.jsx'; $lines=Get-Content $p; for($i=188;$i -le 290;$i++){ '{0,5}: {1}' -f ($i+1), $lines[$i] }
$p='C:/Users/ASUS/Dev/Menu AI Cowork/menuapp-code-review/pages/PublicMenu/x.jsx'; $lines=Get-Content $p; foreach($range in @(@(1313,1319),@(1855,1859),@(2315,2325),@(3268,3289),@(3611,3618))){ for($i=$range[0];$i -le $range[1];$i++){ '{0,5}: {1}' -f ($i+1), $lines[$i] }; ''; }
$p='C:/Users/ASUS/Dev/Menu AI Cowork/menuapp-code-review/pages/PublicMenu/MenuView.jsx'; $lines=Get-Content $p; for($i=48;$i -le 68;$i++){ '{0,5}: {1}' -f ($i+1), $lines[$i] }
$p='C:/Users/ASUS/Dev/Menu AI Cowork/menuapp-code-review/pages/PublicMenu/MenuView.jsx'; $lines=Get-Content $p; for($i=369;$i -le 375;$i++){ '{0,5}: {1}' -f ($i+1), $lines[$i] }
Select-String -Path 'C:/Users/ASUS/Dev/Menu AI Cowork/menuapp-code-review/pages/PublicMenu/x.jsx' -Pattern '<Toaster|Toaster' -CaseSensitive:$false | Select-Object LineNumber,Line
Select-String -Path 'C:/Users/ASUS/Dev/Menu AI Cowork/menuapp-code-review/pages/PublicMenu/MenuView.jsx' -Pattern 'onOpenReviews' -CaseSensitive:$false | Select-Object LineNumber,Line
$p='C:/Users/ASUS/Dev/Menu AI Cowork/menuapp-code-review/pages/PublicMenu/x.jsx'; $lines=Get-Content $p; for($i=1766;$i -le 1776;$i++){ '{0,5}: {1}' -f ($i+1), $lines[$i] }
Get-ChildItem -Force 'C:/Users/ASUS/Dev/Menu AI Cowork/menuapp-code-review/pipeline/chain-state' | Select-Object Name,Length,LastWriteTime
Get-ChildItem -Force 'C:/Users/ASUS/Dev/Menu AI Cowork/menuapp-code-review/pages/PublicMenu' | Select-Object Name
