Get-ChildItem -File pages/PublicMenu/base/*.jsx | Select-Object -ExpandProperty FullName
Get-Content pages/PublicMenu/README.md
Get-Content pages/PublicMenu/BUGS.md
[Console]::OutputEncoding=[System.Text.Encoding]::UTF8; Get-Content -Raw -Encoding UTF8 'pages/PublicMenu/base/CartView.jsx'
[Console]::OutputEncoding=[System.Text.Encoding]::UTF8; Get-Content -Raw -Encoding UTF8 'pages/PublicMenu/base/CheckoutView.jsx'
[Console]::OutputEncoding=[System.Text.Encoding]::UTF8; Get-Content -Raw -Encoding UTF8 'pages/PublicMenu/base/MenuView.jsx'
[Console]::OutputEncoding=[System.Text.Encoding]::UTF8; Get-Content -Raw -Encoding UTF8 'pages/PublicMenu/base/ModeTabs.jsx'
[Console]::OutputEncoding=[System.Text.Encoding]::UTF8; Get-Content -Raw -Encoding UTF8 'pages/PublicMenu/base/useTableSession.jsx'
[Console]::OutputEncoding=[System.Text.Encoding]::UTF8; Get-Content -Raw -Encoding UTF8 'pages/PublicMenu/base/x.jsx'
[Console]::OutputEncoding=[System.Text.Encoding]::UTF8; Select-String -Path 'pages/PublicMenu/base/x.jsx' -Pattern 'hallSticky|showCartButton|drawerMode|handleModeChange|function PublicMenu|const \[view|setDrawerMode|StickyCartBar|cart.length > 0|isTableVerified|billRequested|showLoyaltySection|I18N_FALLBACKS|console\.' -Encoding UTF8 | ForEach-Object { "{0}:{1}" -f $_.LineNumber, $_.Line }
[Console]::OutputEncoding=[System.Text.Encoding]::UTF8; Select-String -Path 'pages/PublicMenu/base/CartView.jsx' -Pattern 'myOrdersExpanded|tableTotal|myBill|otherGuests|cart.length > 0|isTableVerified|bg-indigo|bg-green|green-600|hardcoded|Новый|МОИ|СЧЁТ|sticky|review|t\(|tr\(' -Encoding UTF8 | ForEach-Object { "{0}:{1}" -f $_.LineNumber, $_.Line }
[Console]::OutputEncoding=[System.Text.Encoding]::UTF8; Select-String -Path 'pages/PublicMenu/base/CheckoutView.jsx','pages/PublicMenu/base/MenuView.jsx','pages/PublicMenu/base/ModeTabs.jsx' -Pattern 'indigo|green-600|t\(|aria-label|w-10 h-10|w-8 h-8|min-w\[44px\]|min-h\[44px\]|sticky|button' -Encoding UTF8 | ForEach-Object { "{0}:{1}:{2}" -f $_.Path, $_.LineNumber, $_.Line }
$p='pages/PublicMenu/base/x.jsx'; $lines=Get-Content -Encoding UTF8 $p; for($i=2035;$i -le 2118;$i++){ if($i -le $lines.Length){ '{0}:{1}' -f $i,$lines[$i-1] } }
$p='pages/PublicMenu/base/x.jsx'; $lines=Get-Content -Encoding UTF8 $p; for($i=2195;$i -le 2265;$i++){ if($i -le $lines.Length){ '{0}:{1}' -f $i,$lines[$i-1] } }
$p='pages/PublicMenu/base/x.jsx'; $lines=Get-Content -Encoding UTF8 $p; for($i=1388;$i -le 1455;$i++){ if($i -le $lines.Length){ '{0}:{1}' -f $i,$lines[$i-1] } }
$p='pages/PublicMenu/base/CartView.jsx'; $lines=Get-Content -Encoding UTF8 $p; for($i=550;$i -le 830;$i++){ if($i -le $lines.Length){ '{0}:{1}' -f $i,$lines[$i-1] } }
$p='pages/PublicMenu/base/CartView.jsx'; $lines=Get-Content -Encoding UTF8 $p; for($i=830;$i -le 1035;$i++){ if($i -le $lines.Length){ '{0}:{1}' -f $i,$lines[$i-1] } }
$p='pages/PublicMenu/base/CartView.jsx'; $lines=Get-Content -Encoding UTF8 $p; for($i=1035;$i -le 1280;$i++){ if($i -le $lines.Length){ '{0}:{1}' -f $i,$lines[$i-1] } }
$p='pages/PublicMenu/base/useTableSession.jsx'; $lines=Get-Content -Encoding UTF8 $p; for($i=612;$i -le 640;$i++){ if($i -le $lines.Length){ '{0}:{1}' -f $i,$lines[$i-1] } }
$p='pages/PublicMenu/base/useTableSession.jsx'; $lines=Get-Content -Encoding UTF8 $p; for($i=700;$i -le 760;$i++){ if($i -le $lines.Length){ '{0}:{1}' -f $i,$lines[$i-1] } }
$p='pages/PublicMenu/base/useTableSession.jsx'; $lines=Get-Content -Encoding UTF8 $p; for($i=780;$i -le 812;$i++){ if($i -le $lines.Length){ '{0}:{1}' -f $i,$lines[$i-1] } }
[Console]::OutputEncoding=[System.Text.Encoding]::UTF8; Select-String -Path 'pages/PublicMenu/base/x.jsx' -Pattern 'const cartTotalAmount|const discountAmount|const pointsDiscountAmount|const finalTotal|const earnedPoints|const maxRedeemPoints|const showLoyaltySection|const discountEnabled|const loyaltyEnabled' -Encoding UTF8 | ForEach-Object { "{0}:{1}" -f $_.LineNumber, $_.Line }
$p='pages/PublicMenu/base/x.jsx'; $lines=Get-Content -Encoding UTF8 $p; for($i=1900;$i -le 1988;$i++){ if($i -le $lines.Length){ '{0}:{1}' -f $i,$lines[$i-1] } }
[Console]::OutputEncoding=[System.Text.Encoding]::UTF8; Select-String -Path 'pages/PublicMenu/base/x.jsx' -Pattern 'showConfirmation\(|finalTotal|confirmedTotal|processHallOrder|processDelivery|processPickup|pointsDiscountAmount|discountAmount' -Encoding UTF8 | ForEach-Object { "{0}:{1}" -f $_.LineNumber, $_.Line }
$p='pages/PublicMenu/base/x.jsx'; $lines=Get-Content -Encoding UTF8 $p; for($i=2380;$i -le 2915;$i++){ if($i -le $lines.Length -and ($i -ge 2380 -and $i -le 2915)){ '{0}:{1}' -f $i,$lines[$i-1] } }
$p='pages/PublicMenu/base/x.jsx'; $lines=Get-Content -Encoding UTF8 $p; for($i=3160;$i -le 3210;$i++){ if($i -le $lines.Length){ '{0}:{1}' -f $i,$lines[$i-1] } }
$p='pages/PublicMenu/base/CheckoutView.jsx'; $lines=Get-Content -Encoding UTF8 $p; for($i=1;$i -le 190;$i++){ if($i -le $lines.Length){ '{0}:{1}' -f $i,$lines[$i-1] } }
[Console]::OutputEncoding=[System.Text.Encoding]::UTF8; Select-String -Path 'pages/PublicMenu/base/x.jsx' -Pattern 'const validate =|function validate|validate\(' -Encoding UTF8 | ForEach-Object { "{0}:{1}" -f $_.LineNumber, $_.Line }
$p='pages/PublicMenu/base/x.jsx'; $lines=Get-Content -Encoding UTF8 $p; for($i=2280;$i -le 2378;$i++){ if($i -le $lines.Length){ '{0}:{1}' -f $i,$lines[$i-1] } }
[Console]::OutputEncoding=[System.Text.Encoding]::UTF8; Select-String -Path 'pages/PublicMenu/base/x.jsx' -Pattern 'x\.hall\.verified|hall\.invalid_code|hall\.invalid_code_desc|cart\.view|cart\.checkout|cart\.my_bill|cart\.table_orders|loyalty\.review_reward_hint|loyalty\.review_reward_prefix|help\.call_waiter' -Encoding UTF8 | ForEach-Object { "{0}:{1}" -f $_.LineNumber, $_.Line }
[Console]::OutputEncoding=[System.Text.Encoding]::UTF8; Select-String -Path 'pages/PublicMenu/base/CartView.jsx','pages/PublicMenu/base/CheckoutView.jsx','pages/PublicMenu/base/MenuView.jsx','pages/PublicMenu/base/ModeTabs.jsx','pages/PublicMenu/base/useTableSession.jsx' -Pattern 'console\.|createObjectURL|dangerouslySetInnerHTML|toLocaleString\(|ru-RU|window\.location|localStorage|setTimeout\(|setInterval\(|clearTimeout\(|clearInterval\(' -Encoding UTF8 | ForEach-Object { "{0}:{1}:{2}" -f $_.Path, $_.LineNumber, $_.Line }
[Console]::OutputEncoding=[System.Text.Encoding]::UTF8; Select-String -Path 'pages/PublicMenu/base/x.jsx' -Pattern 'billCooldown|setBillCooldown|billRequested|setBillRequested' -Encoding UTF8 | ForEach-Object { "{0}:{1}" -f $_.LineNumber, $_.Line }
$p='pages/PublicMenu/base/x.jsx'; $lines=Get-Content -Encoding UTF8 $p; for($i=2263;$i -le 2290;$i++){ if($i -le $lines.Length){ '{0}:{1}' -f $i,$lines[$i-1] } }
