# Commands Log — 2026-03-29

1. `Get-ChildItem -Name`

2. `$p='C:/Users/ASUS/Dev/Menu AI Cowork/menuapp-code-review/pages/PublicMenu/BUGS.md'; Select-String -Path $p -Pattern 'CV-UX|PM-159|PM-162|CV-05|CartView|MenuView|x.jsx' -Context 2,4 | ForEach-Object { $_.Context.PreContext; $_.Line; $_.Context.PostContext; '---' }`
   Status: timed out

3. `$p='C:/Users/ASUS/Dev/Menu AI Cowork/menuapp-code-review/pages/PublicMenu/README.md'; Select-String -Path $p -Pattern 'CV-UX|PM-159|PM-162|CV-05|CartView|MenuView|x.jsx|discount|served|review' -Context 2,4 | ForEach-Object { $_.Context.PreContext; $_.Line; $_.Context.PostContext; '---' }`
   Status: timed out

4. `$p='C:/Users/ASUS/Dev/Menu AI Cowork/menuapp-code-review/pages/PublicMenu/CartView.jsx'; $lines=Get-Content $p; for($i=640;$i -le 990;$i++){ if($i -le $lines.Length){ '{0,5}: {1}' -f $i,$lines[$i-1] } }`
   Status: timed out

5. `$p='C:/Users/ASUS/Dev/Menu AI Cowork/menuapp-code-review/pages/PublicMenu/MenuView.jsx'; $lines=Get-Content $p; for($i=80;$i -le 320;$i++){ if($i -le $lines.Length){ '{0,5}: {1}' -f $i,$lines[$i-1] } }`
   Status: timed out

6. `rg -n -C 3 "shouldShowReviewRewardHint|shouldShowReviewRewardNudge|key === 'served'|allServedRated|CardContent className=|renderBucketOrders\(|cart.send_hint|Новый заказ" pages/PublicMenu/CartView.jsx`
   Status: exit 1

7. `rg -n -C 3 "discount_percent|formatPrice|discountedPrice|dish.price" pages/PublicMenu/MenuView.jsx`

8. `rg -n -a -C 3 "discount_percent|formatPrice|discountedPrice|parseFloat|dish.price" pages/PublicMenu/x.jsx`

9. `rg -n -C 2 "CV-UX|PM-159|PM-162|CV-05|discount|served|review|CartView|MenuView|x.jsx" pages/PublicMenu/BUGS.md pages/PublicMenu/README.md`

10. `rg -n -a -C 4 "shouldShowReviewRewardHint|shouldShowReviewRewardNudge|allServedRated|expandedStatuses|renderBucketOrders|cart\.send_hint|CardContent className=\"p-3\"|CardContent className=\"px-3 py-2\"|Оценено|✅|Новый заказ|served" pages/PublicMenu/CartView.jsx`
    Status: failed due to quoting/path parsing

11. `$p='C:/Users/ASUS/Dev/Menu AI Cowork/menuapp-code-review/pages/PublicMenu/CartView.jsx'; $lines=Get-Content $p; foreach($start in @(660,680,850,880,900,940)){ $end=$start+70; "--- $start..$end ---"; for($i=$start;$i -le $end;$i++){ if($i -le $lines.Length){ '{0,5}: {1}' -f $i,$lines[$i-1] } } }`

12. `$p='C:/Users/ASUS/Dev/Menu AI Cowork/menuapp-code-review/pages/PublicMenu/CartView.jsx'; $lines=Get-Content $p; foreach($start in @(500,520,540,1040,1060,1080,1100,1120)){ $end=$start+45; "--- $start..$end ---"; for($i=$start;$i -le $end;$i++){ if($i -le $lines.Length){ '{0,5}: {1}' -f $i,$lines[$i-1] } } }`

13. `rg -n -a -C 3 "renderBucketOrders|cart\.send_hint|Отправьте заказ|sticky footer|footer" pages/PublicMenu/CartView.jsx`

14. `$p='C:/Users/ASUS/Dev/Menu AI Cowork/menuapp-code-review/pages/PublicMenu/CartView.jsx'; $lines=Get-Content $p; for($i=1013;$i -le 1040;$i++){ if($i -le $lines.Length){ '{0,5}: {1}' -f $i,$lines[$i-1] } }`

15. `$p='C:/Users/ASUS/Dev/Menu AI Cowork/menuapp-code-review/pages/PublicMenu/MenuView.jsx'; $lines=Get-Content $p; foreach($start in @(92,270)){ $end=$start+18; "--- $start..$end ---"; for($i=$start;$i -le $end;$i++){ if($i -le $lines.Length){ '{0,5}: {1}' -f $i,$lines[$i-1] } } }`

16. `$p='C:/Users/ASUS/Dev/Menu AI Cowork/menuapp-code-review/pages/PublicMenu/x.jsx'; $lines=Get-Content -Encoding UTF8 $p; for($i=3896;$i -le 3906;$i++){ if($i -le $lines.Length){ '{0,5}: {1}' -f $i,$lines[$i-1] } }`

17. `Get-ChildItem -Name pipeline; Get-ChildItem -Name pipeline/chain-state`
