Get-Location

Get-ChildItem -Force

Get-Content -Path staffordersmobile.jsx -TotalCount 220

if (Test-Path README.md) { Get-Content -Path README.md }

if (Test-Path BUGS.md) { Get-Content -Path BUGS.md }

Get-ChildItem -Name

Get-Content -Path README.md

Get-Content -Path BUGS.md

Get-Location

cmd /c dir /b

Get-Item -Path "C:/Users/ASUS/Dev/Menu AI Cowork/menuapp-code-review/pages/StaffOrdersMobile/README.md" | Select-Object FullName,Length

@'
from pathlib import Path
p = Path(r'C:/Users/ASUS/Dev/Menu AI Cowork/menuapp-code-review/pages/StaffOrdersMobile')
print('\n'.join(sorted(x.name for x in p.iterdir())))
'@ | python -

@'
from pathlib import Path
p = Path(r'C:/Users/ASUS/Dev/Menu AI Cowork/menuapp-code-review/pages/StaffOrdersMobile/README.md')
print(p.read_text(encoding='utf-8') if p.exists() else '')
'@ | python -

@'
from pathlib import Path
p = Path(r'C:/Users/ASUS/Dev/Menu AI Cowork/menuapp-code-review/pages/StaffOrdersMobile/BUGS.md')
print(p.read_text(encoding='utf-8') if p.exists() else '')
'@ | python -

@'
import sys
from pathlib import Path
sys.stdout.reconfigure(encoding='utf-8')
p = Path(r'C:/Users/ASUS/Dev/Menu AI Cowork/menuapp-code-review/pages/StaffOrdersMobile/StaffOrdersMobile README.md')
print(p.read_text(encoding='utf-8') if p.exists() else '')
'@ | python -

@'
import sys
from pathlib import Path
sys.stdout.reconfigure(encoding='utf-8')
p = Path(r'C:/Users/ASUS/Dev/Menu AI Cowork/menuapp-code-review/pages/StaffOrdersMobile/BUGS.md')
print(p.read_text(encoding='utf-8') if p.exists() else '')
'@ | python -

@'
import sys
from pathlib import Path
sys.stdout.reconfigure(encoding='utf-8')
path = Path(r'C:/Users/ASUS/Dev/Menu AI Cowork/menuapp-code-review/pages/StaffOrdersMobile/staffordersmobile.jsx')
lines = path.read_text(encoding='utf-8').splitlines()
for start,end in [(1300,1525),(1600,1825),(440,550),(150,190)]:
    print(f'--- LINES {start}-{end} ---')
    for i in range(start-1, min(end, len(lines))):
        print(f'{i+1}: {lines[i]}')
'@ | python -

@'
import sys
from pathlib import Path
sys.stdout.reconfigure(encoding='utf-8')
path = Path(r'C:/Users/ASUS/Dev/Menu AI Cowork/menuapp-code-review/pages/StaffOrdersMobile/staffordersmobile.jsx')
lines = path.read_text(encoding='utf-8').splitlines()
for start,end in [(1825,1885),(190,240)]:
    print(f'--- LINES {start}-{end} ---')
    for i in range(start-1, min(end, len(lines))):
        print(f'{i+1}: {lines[i]}')
'@ | python -

@'
import sys
from pathlib import Path
sys.stdout.reconfigure(encoding='utf-8')
path = Path(r'C:/Users/ASUS/Dev/Menu AI Cowork/menuapp-code-review/pages/StaffOrdersMobile/staffordersmobile.jsx')
lines = path.read_text(encoding='utf-8').splitlines()
terms = ['onCloseAllOrders', 'completedExpanded', 'inProgressExpanded', 'itemsPreview', 'requestBadges', 'getShiftStartTime(', 'Receipt', 'FileText']
for term in terms:
    print(f'--- {term} ---')
    for i, line in enumerate(lines, 1):
        if term in line:
            print(f'{i}: {line}')
'@ | python -

@'
import sys
from pathlib import Path
sys.stdout.reconfigure(encoding='utf-8')
path = Path(r'C:/Users/ASUS/Dev/Menu AI Cowork/menuapp-code-review/pages/StaffOrdersMobile/staffordersmobile.jsx')
lines = path.read_text(encoding='utf-8').splitlines()
for start,end in [(1528,1545)]:
    for i in range(start-1, min(end, len(lines))):
        print(f'{i+1}: {lines[i]}')
'@ | python -

Test-Path "C:/Users/ASUS/Dev/Menu AI Cowork/menuapp-code-review/pipeline/chain-state"

Test-Path "C:/Users/ASUS/Dev/Menu AI Cowork/menuapp-code-review/pages/StaffOrdersMobile/review_2026-03-30.md"

Test-Path "C:/Users/ASUS/Dev/Menu AI Cowork/menuapp-code-review/pages/StaffOrdersMobile/commands_2026-03-30.log"
