# Commands executed on 2026-03-30

[timed out] Get-ChildItem -Name pages/StaffOrdersMobile
[timed out] Get-Content -Path pages/StaffOrdersMobile/staffordersmobile.jsx
[timed out] Get-ChildItem -Name pages/StaffOrdersMobile
[timed out] @'
$patterns = @(
  'const FALLBACK_HOURS',
  'FALLBACK_HOURS \\* 60',
  'const completedOrders = useMemo',
  'const itemsPreview = useMemo',
  'const requestBadges = useMemo',
  'completedExpanded',
  'Row 3: items preview',
  'Row 4: request badges',
  'Block A',
  'Block C',
  'Block F',
  'badge.type === ''bill''',
  'Receipt',
  'В работе',
  'Выполнено'
)
foreach ($p in $patterns) {
  Select-String -Path 'pages/StaffOrdersMobile/staffordersmobile.jsx' -Pattern $p | ForEach-Object {
    '{0}:{1}' -f $_.LineNumber, $_.Line.Trim()
  }
}
'@ | powershell -NoProfile -Command -

Get-ChildItem -Name pages/StaffOrdersMobile
Get-Content -Path pages/StaffOrdersMobile/BUGS.md
Get-Content -Path 'pages/StaffOrdersMobile/StaffOrdersMobile README.md'
$path = 'pages/StaffOrdersMobile/staffordersmobile.jsx'; $lines = Get-Content -Path $path; for ($i = 1; $i -le 240; $i++) { if ($i -le $lines.Length) { '{0,5}: {1}' -f $i, $lines[$i-1] } }
$path = 'pages/StaffOrdersMobile/staffordersmobile.jsx'; $lines = Get-Content -Path $path; for ($i = 450; $i -le 560; $i++) { if ($i -le $lines.Length) { '{0,5}: {1}' -f $i, $lines[$i-1] } }
$path = 'pages/StaffOrdersMobile/staffordersmobile.jsx'; $lines = Get-Content -Path $path; for ($i = 1280; $i -le 1535; $i++) { if ($i -le $lines.Length) { '{0,5}: {1}' -f $i, $lines[$i-1] } }
$path = 'pages/StaffOrdersMobile/staffordersmobile.jsx'; $lines = Get-Content -Path $path; for ($i = 1600; $i -le 1865; $i++) { if ($i -le $lines.Length) { '{0,5}: {1}' -f $i, $lines[$i-1] } }
Select-String -Path pages/StaffOrdersMobile/staffordersmobile.jsx -Pattern 'СЕЙЧАС|ЕЩЁ|Принять все|Выдать все|Готово к выдаче|Выполнено|Receipt|FileText|inProgressExpanded' | ForEach-Object { '{0}:{1}' -f $_.LineNumber, $_.Line.Trim() }
Select-String -Path pages/StaffOrdersMobile/staffordersmobile.jsx -Pattern 'onCloseAllOrders|handleAdvance|onCloseRequest\\(' | ForEach-Object { '{0}:{1}' -f $_.LineNumber, $_.Line.Trim() }
$path = 'pages/StaffOrdersMobile/staffordersmobile.jsx'; $lines = Get-Content -Path $path; for ($i = 1530; $i -le 1550; $i++) { if ($i -le $lines.Length) { '{0,5}: {1}' -f $i, $lines[$i-1] } }
Select-String -Path pages/StaffOrdersMobile/staffordersmobile.jsx -Pattern 'handleCloseRequest|onCloseRequest|ServiceRequest.update|request.status' | ForEach-Object { '{0}:{1}' -f $_.LineNumber, $_.Line.Trim() }
$path = 'pages/StaffOrdersMobile/staffordersmobile.jsx'; $lines = Get-Content -Path $path; for ($i = 3300; $i -le 3445; $i++) { if ($i -le $lines.Length) { '{0,5}: {1}' -f $i, $lines[$i-1] } }
$path = 'pages/StaffOrdersMobile/staffordersmobile.jsx'; $lines = Get-Content -Path $path; for ($i = 3028; $i -le 3042; $i++) { if ($i -le $lines.Length) { '{0,5}: {1}' -f $i, $lines[$i-1] } }
$path = 'pages/StaffOrdersMobile/staffordersmobile.jsx'; $lines = Get-Content -Path $path; for ($i = 3886; $i -le 3896; $i++) { if ($i -le $lines.Length) { '{0,5}: {1}' -f $i, $lines[$i-1] } }
Test-Path pipeline/chain-state
