# PublicMenu review command log
# Repository: C:/Users/ASUS/Dev/Menu AI Cowork/menuapp-code-review
# Date: 2026-03-22

# Timed out reads (initial 10s timeout)
Get-ChildItem -Name pages/PublicMenu
Get-Content -Raw pages/PublicMenu/x.jsx
Get-Content -Raw pages/PublicMenu/CartView.jsx
Get-Content -Raw pages/PublicMenu/README.md
Get-Content -Raw pages/PublicMenu/BUGS.md

# Successful reads and targeted inspection
Get-ChildItem -Name pages/PublicMenu
Get-Content -Raw pages/PublicMenu/README.md
Get-Content -Raw pages/PublicMenu/BUGS.md
(Get-Content pages/PublicMenu/x.jsx | Measure-Object -Line).Lines
(Get-Content pages/PublicMenu/CartView.jsx | Measure-Object -Line).Lines
Get-Content pages/PublicMenu/x.jsx -TotalCount 220
Get-Content pages/PublicMenu/CartView.jsx -TotalCount 260
Select-String -Path pages/PublicMenu/x.jsx -Pattern 'console\.|dangerouslySetInnerHTML|createObjectURL|localStorage|useI18n|Drawer|DrawerContent|ChevronDown|XIcon|X '
Select-String -Path pages/PublicMenu/CartView.jsx -Pattern 'console\.|dangerouslySetInnerHTML|createObjectURL|localStorage|Drawer|ChevronDown|XIcon|\bX\b|aria-label|placeholder|t\(|tr\('
$c = Get-Content pages/PublicMenu/CartView.jsx; $c[430..510]
$c = Get-Content pages/PublicMenu/x.jsx; $c[3390..3492]
$c = Get-Content pages/PublicMenu/x.jsx; $c[3304..3388]
Select-String -Path pages/PublicMenu/x.jsx -Pattern 'useQuery\('
Select-String -Path pages/PublicMenu/x.jsx -Pattern 'console\.error|console\.log'
Select-String -Path pages/PublicMenu/x.jsx -Pattern 'placeholder='
Select-String -Path pages/PublicMenu/x.jsx -Pattern 'aria-label='
$c = Get-Content pages/PublicMenu/x.jsx; $c[1310..1355]
$c = Get-Content pages/PublicMenu/x.jsx; $c[3018..3047]
Select-String -Path pages/PublicMenu/x.jsx -Pattern 'XIcon|<X|<ChevronDown|ChevronDown className'
$c = Get-Content pages/PublicMenu/CartView.jsx; $c[520..565]
$c = Get-Content pages/PublicMenu/CartView.jsx; $c[1060..1105]
$c = Get-Content pages/PublicMenu/x.jsx; $c[2398..2420]
$c = Get-Content pages/PublicMenu/x.jsx; $c[2940..2965]
$c = Get-Content pages/PublicMenu/x.jsx; $c[2370..2425]
Select-String -Path pages/PublicMenu/x.jsx -Pattern 'checkRateLimit\(' -Context 2,6

# One failed search due to PowerShell quoting
Select-String -Path pages/PublicMenu/x.jsx -Pattern 'useQuery\(|queryKey|queryFn|catch \{|catch \(|toast\(|placeholder=|aria-label=|\?\? \'|\|\| \'|console\.error|console\.log|XIcon|ChevronDown|onOpenChange|setTimeout\(|window\.|document\.'

# Follow-up targeted checks
Select-String -Path pages/PublicMenu/x.jsx -Pattern 'const verifyTableCode|function verifyTableCode|verifyTableCode =' -Context 0,40
Select-String -Path pages/PublicMenu/CartView.jsx -Pattern 'codeAttempts|codeSecondsLeft|isCodeLocked|tableCodeInput|verifyTableCode\(' -Context 0,3
Select-String -Path pages/PublicMenu/x.jsx -Pattern 'verifyTableCode' -Context 2,6
Select-String -Path pages/PublicMenu/x.jsx -Pattern 'showTableConfirmSheet|setShowTableConfirmSheet\(' -Context 2,4
$c = Get-Content pages/PublicMenu/x.jsx; $c[2088..2105]
Select-String -Path pages/PublicMenu/CartView.jsx -Pattern 'sticky top|position: sticky|className=.*sticky'
Select-String -Path pages/PublicMenu/CartView.jsx -Pattern 'showLoyaltySection' -Context 1,2
Select-String -Path pages/PublicMenu/CartView.jsx -Pattern 'visit|drawerLayout|bill|myBill|billRequested|sessionOrders|myOrders|cart.length > 0|cart.length === 0' -Context 0,3
$c = Get-Content pages/PublicMenu/CartView.jsx; $c[560..910]
Select-String -Path pages/PublicMenu/CartView.jsx -Pattern 'handleRequestBill|billRequested|billCooldown|otherGuestsBills|othersTotal'
Select-String -Path pages/PublicMenu/x.jsx -Pattern 'const myBill|myBill =' -Context 0,6
Select-String -Path pages/PublicMenu/x.jsx -Pattern '\bmyBill\b' -Context 0,2
$c = Get-Content pages/PublicMenu/x.jsx; $c[1968..1990]
$c = Get-Content pages/PublicMenu/x.jsx; $c[2104..2150]
Select-String -Path pages/PublicMenu/CartView.jsx -Pattern 'placeholder='

# Line-numbered extracts used for final report
$i=1; Get-Content pages/PublicMenu/x.jsx | ForEach-Object { if($i -ge 1325 -and $i -le 1345){ '{0,5}: {1}' -f $i, $_ }; $i++ }
$i=1; Get-Content pages/PublicMenu/x.jsx | ForEach-Object { if($i -ge 3031 -and $i -le 3047){ '{0,5}: {1}' -f $i, $_ }; $i++ }
$i=1; Get-Content pages/PublicMenu/CartView.jsx | ForEach-Object { if($i -ge 190 -and $i -le 225){ '{0,5}: {1}' -f $i, $_ }; $i++ }
$i=1; Get-Content pages/PublicMenu/x.jsx | ForEach-Object { if($i -ge 3440 -and $i -le 3479){ '{0,5}: {1}' -f $i, $_ }; $i++ }
$i=1; Get-Content pages/PublicMenu/x.jsx | ForEach-Object { if($i -ge 3356 -and $i -le 3368){ '{0,5}: {1}' -f $i, $_ }; $i++ }
$i=1; Get-Content pages/PublicMenu/CartView.jsx | ForEach-Object { if($i -ge 52 -and $i -le 82){ '{0,5}: {1}' -f $i, $_ }; $i++ }
$i=1; Get-Content pages/PublicMenu/CartView.jsx | ForEach-Object { if($i -ge 438 -and $i -le 497){ '{0,5}: {1}' -f $i, $_ }; $i++ }
$i=1; Get-Content pages/PublicMenu/CartView.jsx | ForEach-Object { if($i -ge 528 -and $i -le 537){ '{0,5}: {1}' -f $i, $_ }; $i++ }
$i=1; Get-Content pages/PublicMenu/x.jsx | ForEach-Object { if($i -ge 3306 -and $i -le 3316){ '{0,5}: {1}' -f $i, $_ }; $i++ }
$i=1; Get-Content pages/PublicMenu/x.jsx | ForEach-Object { if($i -ge 3393 -and $i -le 3414){ '{0,5}: {1}' -f $i, $_ }; $i++ }
$i=1; Get-Content pages/PublicMenu/x.jsx | ForEach-Object { if($i -ge 2387 -and $i -le 2415){ '{0,5}: {1}' -f $i, $_ }; $i++ }
Test-Path pipeline/chain-state
Test-Path pages/PublicMenu
