2026-03-29 review command log

1. STATUS: timed out
   WORKDIR: C:/Users/ASUS/Dev/Menu AI Cowork/menuapp-code-review/pages/PartnerSettings
   COMMAND: Get-ChildItem -Name

2. STATUS: timed out
   WORKDIR: C:/Users/ASUS/Dev/Menu AI Cowork/menuapp-code-review
   COMMAND: Get-Content -Path pages/PartnerSettings/partnersettings.jsx | Select-Object -First 220

3. STATUS: timed out
   WORKDIR: C:/Users/ASUS/Dev/Menu AI Cowork/menuapp-code-review
   COMMAND: Get-Content -Path pages/PartnerSettings/partnersettings.jsx | Select-Object -Skip 470 -First 280

4. STATUS: success
   WORKDIR: C:/Users/ASUS/Dev/Menu AI Cowork/menuapp-code-review/pages/PartnerSettings
   COMMAND: Get-ChildItem -Name

5. STATUS: success
   WORKDIR: C:/Users/ASUS/Dev/Menu AI Cowork/menuapp-code-review
   COMMAND: $i=1; Get-Content -Path pages/PartnerSettings/partnersettings.jsx | Select-Object -First 220 | ForEach-Object { '{0,5}: {1}' -f $i, $_; $i++ }

6. STATUS: success
   WORKDIR: C:/Users/ASUS/Dev/Menu AI Cowork/menuapp-code-review
   COMMAND: $start=471; $i=$start; Get-Content -Path pages/PartnerSettings/partnersettings.jsx | Select-Object -Skip ($start-1) -First 280 | ForEach-Object { '{0,5}: {1}' -f $i, $_; $i++ }

7. STATUS: success
   WORKDIR: C:/Users/ASUS/Dev/Menu AI Cowork/menuapp-code-review
   COMMAND: $start=1036; $i=$start; Get-Content -Path pages/PartnerSettings/partnersettings.jsx | Select-Object -Skip ($start-1) -First 40 | ForEach-Object { '{0,5}: {1}' -f $i, $_; $i++ }

8. STATUS: success
   WORKDIR: C:/Users/ASUS/Dev/Menu AI Cowork/menuapp-code-review
   COMMAND: Select-String -Path pages/PartnerSettings/partnersettings.jsx -Pattern 'useDebouncedCallback' | ForEach-Object { '{0}: {1}' -f $_.LineNumber, $_.Line.Trim() }

9. STATUS: success
   WORKDIR: C:/Users/ASUS/Dev/Menu AI Cowork/menuapp-code-review
   COMMAND: Get-Content -Path pages/PartnerSettings/BUGS.md

10. STATUS: success
    WORKDIR: C:/Users/ASUS/Dev/Menu AI Cowork/menuapp-code-review
    COMMAND: Get-Content -Path 'pages/PartnerSettings/PartnerSettings README.md'

11. STATUS: success
    WORKDIR: C:/Users/ASUS/Dev/Menu AI Cowork/menuapp-code-review
    COMMAND: @('pipeline/chain-state','pages/PartnerSettings/review_2026-03-29.md','pages/PartnerSettings/commands_2026-03-29.log') | ForEach-Object { '{0} {1}' -f $_, (Test-Path $_) }
