# Command Log — 2026-03-31

1. `Get-ChildItem -Force "pages/StaffOrdersMobile" | Select-Object Name,Length,LastWriteTime`
2. `Get-ChildItem -Force 'pages/StaffOrdersMobile' | Format-Table -Auto Name,Length,LastWriteTime`
3. `Get-Content -Raw 'pages/StaffOrdersMobile/README.md'`
4. `Get-Content -Raw 'pages/StaffOrdersMobile/BUGS.md'`
5. `Get-Content -Raw 'pages/StaffOrdersMobile/StaffOrdersMobile README.md'`
6. `$path='pages/StaffOrdersMobile/staffordersmobile.jsx'; $start=1490; $end=1595; $lines=Get-Content $path; for($i=$start;$i -le $end;$i++){ if($i -le $lines.Length){ '{0,5}: {1}' -f $i,$lines[$i-1] } }`
7. `$path='pages/StaffOrdersMobile/staffordersmobile.jsx'; $ranges=@(@{s=1770;e=1835},@{s=1860;e=1908},@{s=1940;e=1988},@{s=2030;e=2085}); $lines=Get-Content $path; foreach($r in $ranges){ "--- RANGE $($r.s)-$($r.e) ---"; for($i=$r.s;$i -le $r.e;$i++){ if($i -le $lines.Length){ '{0,5}: {1}' -f $i,$lines[$i-1] } } }`
8. `Select-String -Path 'pages/StaffOrdersMobile/staffordersmobile.jsx' -Pattern 'undoToast|handleUndo|dishWord|Выдан гостю|Отменить|actionLabel \|\||Выдать всё|Принять всё' | ForEach-Object { '{0}:{1}' -f $_.LineNumber,$_.Line.Trim() }`
9. `Select-String -Path 'pages/StaffOrdersMobile/staffordersmobile.jsx' -Pattern 'undoToast|handleUndo|Выдан гостю|Отменить' | ForEach-Object { '{0}:{1}' -f $_.LineNumber,$_.Line.Trim() }`
10. `Select-String -Path 'pages/StaffOrdersMobile/staffordersmobile.jsx' -Pattern 'function OrderGroupCard|const OrderGroupCard|function TableCard|const TableCard' | ForEach-Object { '{0}:{1}' -f $_.LineNumber,$_.Line.Trim() }`
11. `$path='pages/StaffOrdersMobile/staffordersmobile.jsx'; $start=1310; $end=1395; $lines=Get-Content $path; for($i=$start;$i -le $end;$i++){ if($i -le $lines.Length){ '{0,5}: {1}' -f $i,$lines[$i-1] } }`
12. `$path='pages/StaffOrdersMobile/staffordersmobile.jsx'; $start=2080; $end=2175; $lines=Get-Content $path; for($i=$start;$i -le $end;$i++){ if($i -le $lines.Length){ '{0,5}: {1}' -f $i,$lines[$i-1] } }`
13. `$path='pages/StaffOrdersMobile/staffordersmobile.jsx'; $lines=[System.IO.File]::ReadAllLines((Resolve-Path $path)); for($i=1301;$i -le 1375;$i++){ '{0,5}: {1}' -f $i,$lines[$i-1] }`
14. `cmd /c findstr /N /C:"undoToast" /C:"handleUndo" /C:"Выдан гостю" /C:"Отменить" "pages\StaffOrdersMobile\staffordersmobile.jsx"`
15. `cmd /c findstr /N /C:"Всё " /C:"Выдать всё" /C:"Принять всё" "pages\StaffOrdersMobile\staffordersmobile.jsx"`
16. `$path='pages/StaffOrdersMobile/staffordersmobile.jsx'; $lines=[System.IO.File]::ReadAllLines((Resolve-Path $path)); for($i=1376;$i -le 1465;$i++){ '{0,5}: {1}' -f $i,$lines[$i-1] }`
17. `cmd /c findstr /N /C:"useState(" "pages\StaffOrdersMobile\staffordersmobile.jsx" | powershell -Command "$input | Select-String 'OrderGroupCard|130|131|132|133|134|135|136|137|138|139|140|141|142|143|144|145|146|147|148|149|150'"`
18. `$path='pages/StaffOrdersMobile/staffordersmobile.jsx'; $lines=[System.IO.File]::ReadAllLines((Resolve-Path $path)); for($i=1466;$i -le 1495;$i++){ '{0,5}: {1}' -f $i,$lines[$i-1] }`
19. `Test-Path 'pipeline/chain-state'`
