Get-ChildItem -Name pages/PublicMenu
Get-Content pages/PublicMenu/README.md -TotalCount 250
Get-Content pages/PublicMenu/BUGS.md -TotalCount 250
Select-String -Path pages/PublicMenu/x.jsx -Pattern 'queryKey: \["publicPartner"|partner_not_found|queryKey: \["orderByToken"|orderError \|\| !order|currentGuestIdRef\.current = gid|showTableCodeSheet|Введите код стола|codeAttempts|codeLockedUntil|pendingSubmitRef\.current && isTableVerified|setTimeout\(\(\) => handleSubmitOrder\(\), 100\)|const normalizeId' | ForEach-Object { "{0}:{1}" -f $_.LineNumber, $_.Line.Trim() }
Select-String -Path pages/PublicMenu/useTableSession.jsx -Pattern 'normalizeGuestId|codeAttempts|codeLockedUntil' | ForEach-Object { "{0}:{1}" -f $_.LineNumber, $_.Line.Trim() }
rg -n "publicPartner|partner_not_found|orderByToken|orderError \|\| !order|currentGuestIdRef\.current = gid|showTableCodeSheet|Введите код стола|codeAttempts|codeLockedUntil|pendingSubmitRef\.current && isTableVerified|handleSubmitOrder\(\), 100|const normalizeId" pages/PublicMenu/x.jsx
rg -n "normalizeGuestId|codeAttempts|codeLockedUntil" pages/PublicMenu/useTableSession.jsx
Get-Content pages/PublicMenu/README.md -First 120
Get-Content pages/PublicMenu/BUGS.md -First 160
rg -n -C 25 "queryKey: \[\"publicPartner\"|partner_not_found|!partner && !loadingPartner" pages/PublicMenu/x.jsx
rg -n -C 25 "queryKey: \[\"orderByToken\"|orderError \|\| !order|expired" pages/PublicMenu/x.jsx
rg -n -C 20 "const normalizeId|currentGuestIdRef\.current = gid|saveGuestId\(|guest\?\._id" pages/PublicMenu/x.jsx
rg -n -C 25 "pendingSubmitRef\.current && isTableVerified|setTimeout\(\(\) => handleSubmitOrder\(\), 100\)" pages/PublicMenu/x.jsx
rg -n -C 30 "Введите код стола|showTableCodeSheet|codeVerificationError|codeAttempts|codeLockedUntil|table code|verify" pages/PublicMenu/x.jsx
rg -n -C 15 "normalizeGuestId|codeAttempts|codeLockedUntil|verifyTableCode|table code|locked" pages/PublicMenu/useTableSession.jsx
rg -n -C 10 "table code|codeAttempts|codeLockedUntil|codeVerificationError|verify" pages/PublicMenu/CartView.jsx
rg -n -C 10 "order status|track|token|retry|partner_not_found|table code" pages/PublicMenu/MenuView.jsx
$p='pages/PublicMenu/x.jsx'; $c=Get-Content $p; for($i=1318; $i -le 1356; $i++){ if($i -le $c.Length){ '{0}:{1}' -f $i,$c[$i-1] } }
$p='pages/PublicMenu/x.jsx'; $c=Get-Content $p; for($i=3026; $i -le 3056; $i++){ if($i -le $c.Length){ '{0}:{1}' -f $i,$c[$i-1] } }
$p='pages/PublicMenu/x.jsx'; $c=Get-Content $p; for($i=890; $i -le 1062; $i++){ if($i -le $c.Length){ '{0}:{1}' -f $i,$c[$i-1] } }
$p='pages/PublicMenu/CartView.jsx'; $c=Get-Content $p; for($i=95; $i -le 230; $i++){ if($i -le $c.Length){ '{0}:{1}' -f $i,$c[$i-1] } }
rg -n -C 8 "codeSecondsLeft|isCodeLocked|setTableCodeInput\(|codeVerificationError|cart.verify.locked|cart.verify.attempts|lastVerifyCodeRef|Неверный код" pages/PublicMenu/CartView.jsx
rg -n -C 8 "codeVerificationError|verifyTableCode|tableCodeInput|setTableCodeInput|cart.verify.locked|codeSecondsLeft|isCodeLocked" pages/PublicMenu/MenuView.jsx
rg -n "setTableCodeInput\(" pages/PublicMenu/x.jsx
rg -n "setTableCodeInput\(" pages/PublicMenu/CartView.jsx
rg -n -C 20 "cart.verify.enter_table_code|tableCodeLength|Array\.from\(\{ length: tableCodeLength \}\)|verifyTableCode|codeVerificationError|codeLockedUntil|codeAttempts" pages/PublicMenu/CartView.jsx
rg -n -C 8 "tableCodeInput|codeVerificationError|verifyTableCode|codeLockedUntil|codeAttempts" pages/PublicMenu/useTableSession.jsx
rg -n -C 12 "cart.verify.locked|cart.verify.attempts|codeSecondsLeft|isCodeLocked|codeVerificationError" pages/PublicMenu/CartView.jsx
rg -n -C 14 "codeSecondsLeft|isCodeLocked|codeAttempts|codeVerificationError|verifyTableCode\(" pages/PublicMenu/CartView.jsx
Test-Path pipeline/chain-state
