Get-ChildItem -Force pages/PublicMenu | Select-Object Name,Length,LastWriteTime
Get-ChildItem pages/PublicMenu -File | Select-Object Name,Length
Get-Content pages/PublicMenu/README.md
Get-Content pages/PublicMenu/BUGS.md
Get-Content pages/PublicMenu/x.jsx
Select-String -Path pages/PublicMenu/x.jsx -Pattern '#B5543A|#9A4530|#F5E6E0|ru-RU|console\.log|console\.error|setTimeout|setInterval|dangerouslySetInnerHTML|createObjectURL|aria-label' | ForEach-Object { "{0}:{1}" -f $_.LineNumber, $_.Line.Trim() }
Select-String -Path pages/PublicMenu/x.jsx -Pattern 'partner_not_found|Partner\.list|base44|showTableConfirmSheet|verifyTableCode|handleSubmitOrder|hallStickyMode|hallStickyButtonLabel|hallStickyModeLabel|activeColor=' | ForEach-Object { "{0}:{1}" -f $_.LineNumber, $_.Line.Trim() }
$path='pages/PublicMenu/x.jsx';$start=1318;$end=1346;$i=0;Get-Content $path | ForEach-Object { $i++; if($i -ge $start -and $i -le $end){ '{0}:{1}' -f $i, $_ } }
$path='pages/PublicMenu/x.jsx';$start=1888;$end=1904;$i=0;Get-Content $path | ForEach-Object { $i++; if($i -ge $start -and $i -le $end){ '{0}:{1}' -f $i, $_ } }
$path='pages/PublicMenu/x.jsx';$start=2088;$end=2145;$i=0;Get-Content $path | ForEach-Object { $i++; if($i -ge $start -and $i -le $end){ '{0}:{1}' -f $i, $_ } }
Select-String -Path pages/PublicMenu/x.jsx -Pattern 'toLocale|Intl\.DateTimeFormat|Date\.parse|new Date\(' | ForEach-Object { "{0}:{1}" -f $_.LineNumber, $_.Line.Trim() }
Select-String -Path pages/PublicMenu/x.jsx -Pattern 'useEffect\(|useMemo\(|useCallback\(' | ForEach-Object { "{0}:{1}" -f $_.LineNumber, $_.Line.Trim() } | Select-Object -First 120
Select-String -Path pages/PublicMenu/x.jsx -Pattern 'common.loading|common.error|tr\(|t\(' | ForEach-Object { "{0}:{1}" -f $_.LineNumber, $_.Line.Trim() } | Select-Object -First 220
Select-String -Path pages/PublicMenu/x.jsx -Pattern '"toast\.error"|"toast\.saved"|toast\.error\(t\(|toast\.success\(t\(' | ForEach-Object { "{0}:{1}" -f $_.LineNumber, $_.Line.Trim() }
Select-String -Path pages/PublicMenu/x.jsx -Pattern '"guest\.name_saved"' | ForEach-Object { "{0}:{1}" -f $_.LineNumber, $_.Line.Trim() }
$path='pages/PublicMenu/x.jsx';$start=2608;$end=2688;$i=0;Get-Content $path | ForEach-Object { $i++; if($i -ge $start -and $i -le $end){ '{0}:{1}' -f $i, $_ } }
$path='pages/PublicMenu/x.jsx';$start=2688;$end=2798;$i=0;Get-Content $path | ForEach-Object { $i++; if($i -ge $start -and $i -le $end){ '{0}:{1}' -f $i, $_ } }
$path='pages/PublicMenu/x.jsx';$start=2798;$end=2960;$i=0;Get-Content $path | ForEach-Object { $i++; if($i -ge $start -and $i -le $end){ '{0}:{1}' -f $i, $_ } }
$path='pages/PublicMenu/x.jsx';$start=3000;$end=3045;$i=0;Get-Content $path | ForEach-Object { $i++; if($i -ge $start -and $i -le $end){ '{0}:{1}' -f $i, $_ } }
$path='pages/PublicMenu/x.jsx';$start=2144;$end=2235;$i=0;Get-Content $path | ForEach-Object { $i++; if($i -ge $start -and $i -le $end){ '{0}:{1}' -f $i, $_ } }
$path='pages/PublicMenu/x.jsx';$start=1428;$end=1472;$i=0;Get-Content $path | ForEach-Object { $i++; if($i -ge $start -and $i -le $end){ '{0}:{1}' -f $i, $_ } }
$path='pages/PublicMenu/x.jsx';$start=880;$end=980;$i=0;Get-Content $path | ForEach-Object { $i++; if($i -ge $start -and $i -le $end){ '{0}:{1}' -f $i, $_ } }
$path='pages/PublicMenu/x.jsx';$start=980;$end=1188;$i=0;Get-Content $path | ForEach-Object { $i++; if($i -ge $start -and $i -le $end){ '{0}:{1}' -f $i, $_ } }
Select-String -Path pages/PublicMenu/x.jsx -Pattern 'primaryColor|darkenColor|lightenColor' | ForEach-Object { "{0}:{1}" -f $_.LineNumber, $_.Line.Trim() }
Select-String -Path pages/PublicMenu/x.jsx -Pattern '"cart\.confirm_table\.|"cart\.verify\.' | ForEach-Object { "{0}:{1}" -f $_.LineNumber, $_.Line.Trim() }
Select-String -Path pages/PublicMenu/x.jsx -Pattern '\bguestCode\b' | ForEach-Object { "{0}:{1}" -f $_.LineNumber, $_.Line.Trim() }
Select-String -Path pages/PublicMenu/x.jsx -Pattern 'OS_SAFE_TEL_RE|OS_TOKEN_RE|OS_POLL_INTERVAL_MS|OS_TERMINAL_STATUSES|OS_MAX_AGE_HOURS' | ForEach-Object { "{0}:{1}" -f $_.LineNumber, $_.Line.Trim() }
$path='pages/PublicMenu/x.jsx';$start=736;$end=778;$i=0;Get-Content $path | ForEach-Object { $i++; if($i -ge $start -and $i -le $end){ '{0}:{1}' -f $i, $_ } }
