Get-ChildItem -Name pages/PublicMenu
Get-Content pages/PublicMenu/README.md
Get-Content pages/PublicMenu/BUGS.md
Get-ChildItem pages/PublicMenu | Select-Object -ExpandProperty Name
Get-Content pages/PublicMenu/README.md -Raw
Get-Content pages/PublicMenu/BUGS.md -Raw
Get-Content pages/PublicMenu/x.jsx -Raw
(Get-Content pages/PublicMenu/x.jsx | Measure-Object -Line).Lines
Select-String -Path pages/PublicMenu/x.jsx -Pattern '#B5543A','#9A4530','#F5E6E0','primary_color','partner_not_found','common.loading','restaurant not found','catch','aria-label','setTimeout','console.log','console.error' | ForEach-Object { "{0}:{1}" -f $_.LineNumber, $_.Line.Trim() }
Select-String -Path pages/PublicMenu/x.jsx -Pattern 'Partner.findById|Partner\\.|partnerId|useQuery\\(|queryFn|error\\.partner_not_found|return null' | ForEach-Object { "{0}:{1}" -f $_.LineNumber, $_.Line.Trim() }
$lines = Get-Content pages/PublicMenu/x.jsx; $start=1318; $end=1346; for($i=$start;$i -le $end;$i++){ if($i -le $lines.Length){ "{0}:{1}" -f $i,$lines[$i-1] } }
$lines = Get-Content pages/PublicMenu/x.jsx; $start=3034; $end=3043; for($i=$start;$i -le $end;$i++){ if($i -le $lines.Length){ "{0}:{1}" -f $i,$lines[$i-1] } }
$lines = Get-Content pages/PublicMenu/x.jsx; $start=3184; $end=3193; for($i=$start;$i -le $end;$i++){ if($i -le $lines.Length){ "{0}:{1}" -f $i,$lines[$i-1] } }
$lines = Get-Content pages/PublicMenu/x.jsx; $ranges=@(@(742,774),@(1018,1026),@(1149,1159),@(3418,3472)); foreach($r in $ranges){ $start=$r[0]; $end=$r[1]; for($i=$start;$i -le $end;$i++){ if($i -le $lines.Length){ "{0}:{1}" -f $i,$lines[$i-1] } }; '---' }
$lines = Get-Content pages/PublicMenu/x.jsx; $start=1536; $end=1572; for($i=$start;$i -le $end;$i++){ if($i -le $lines.Length){ "{0}:{1}" -f $i,$lines[$i-1] } }
Select-String -Path pages/PublicMenu/x.jsx -Pattern 'const \\{ t, lang, setLang \\}|const tr =|useI18n\\(' | ForEach-Object { "{0}:{1}" -f $_.LineNumber, $_.Line.Trim() }
$lines = Get-Content pages/PublicMenu/x.jsx; $start=1218; $end=1236; for($i=$start;$i -le $end;$i++){ if($i -le $lines.Length){ "{0}:{1}" -f $i,$lines[$i-1] } }
$lines = Get-Content pages/PublicMenu/x.jsx; $start=612; $end=626; for($i=$start;$i -le $end;$i++){ if($i -le $lines.Length){ "{0}:{1}" -f $i,$lines[$i-1] } }
Select-String -Path pages/PublicMenu/x.jsx -Pattern 'function makeSafeT|const makeSafeT' | ForEach-Object { "{0}:{1}" -f $_.LineNumber, $_.Line.Trim() }
$lines = Get-Content pages/PublicMenu/x.jsx; $start=523; $end=560; for($i=$start;$i -le $end;$i++){ if($i -le $lines.Length){ "{0}:{1}" -f $i,$lines[$i-1] } }
$lines = Get-Content pages/PublicMenu/x.jsx; $start=1128; $end=1158; for($i=$start;$i -le $end;$i++){ if($i -le $lines.Length){ "{0}:{1}" -f $i,$lines[$i-1] } }
Select-String -Path pages/PublicMenu/x.jsx -Pattern 'phoneLink' | ForEach-Object { "{0}:{1}" -f $_.LineNumber, $_.Line.Trim() }
$lines = Get-Content pages/PublicMenu/x.jsx; $start=944; $end=956; for($i=$start;$i -le $end;$i++){ if($i -le $lines.Length){ "{0}:{1}" -f $i,$lines[$i-1] } }
$lines = Get-Content pages/PublicMenu/x.jsx; $ranges=@(@(2078,2104),@(2218,2245),@(2600,2632)); foreach($r in $ranges){ $start=$r[0]; $end=$r[1]; for($i=$start;$i -le $end;$i++){ if($i -le $lines.Length){ "{0}:{1}" -f $i,$lines[$i-1] } }; '---' }
$lines = Get-Content pages/PublicMenu/x.jsx; $start=2100; $end=2146; for($i=$start;$i -le $end;$i++){ if($i -le $lines.Length){ "{0}:{1}" -f $i,$lines[$i-1] } }
$lines = Get-Content pages/PublicMenu/x.jsx; $start=1888; $end=1902; for($i=$start;$i -le $end;$i++){ if($i -le $lines.Length){ "{0}:{1}" -f $i,$lines[$i-1] } }
Select-String -Path pages/PublicMenu/x.jsx -Pattern 'toast\\.(success|error|info|warning)\\(' | ForEach-Object { "{0}:{1}" -f $_.LineNumber, $_.Line.Trim() }
Select-String -Path pages/PublicMenu/x.jsx -Pattern 'guest.name_saved|cart.items_removed_mode_switch|toast.error' | ForEach-Object { "{0}:{1}" -f $_.LineNumber, $_.Line.Trim() }
Select-String -Path pages/PublicMenu/x.jsx -Pattern '<button|<Button' | ForEach-Object { "{0}:{1}" -f $_.LineNumber, $_.Line.Trim() }
$lines = Get-Content pages/PublicMenu/x.jsx; $ranges=@(@(1068,1079),@(1168,1178),@(3472,3480)); foreach($r in $ranges){ $start=$r[0]; $end=$r[1]; for($i=$start;$i -le $end;$i++){ if($i -le $lines.Length){ "{0}:{1}" -f $i,$lines[$i-1] } }; '---' }
$lines = Get-Content pages/PublicMenu/x.jsx; $start=1173; $end=1184; for($i=$start;$i -le $end;$i++){ if($i -le $lines.Length){ "{0}:{1}" -f $i,$lines[$i-1] } }
Select-String -Path pages/PublicMenu/x.jsx -Pattern 'dishesError|categoriesError|loadingPartner|loadingDishes|error:' | ForEach-Object { "{0}:{1}" -f $_.LineNumber, $_.Line.Trim() }
$lines = Get-Content pages/PublicMenu/x.jsx; $start=3044; $end=3060; for($i=$start;$i -le $end;$i++){ if($i -le $lines.Length){ "{0}:{1}" -f $i,$lines[$i-1] } }
$lines = Get-Content pages/PublicMenu/x.jsx; $start=886; $end=906; for($i=$start;$i -le $end;$i++){ if($i -le $lines.Length){ "{0}:{1}" -f $i,$lines[$i-1] } }
Select-String -Path pages/PublicMenu/x.jsx -Pattern 'orderError|not_found|expired|order_status.no_token' | ForEach-Object { "{0}:{1}" -f $_.LineNumber, $_.Line.Trim() }
$lines = Get-Content pages/PublicMenu/x.jsx; $start=1028; $end=1042; for($i=$start;$i -le $end;$i++){ if($i -le $lines.Length){ "{0}:{1}" -f $i,$lines[$i-1] } }
$lines = Get-Content pages/PublicMenu/x.jsx; $start=2938; $end=2956; for($i=$start;$i -le $end;$i++){ if($i -le $lines.Length){ "{0}:{1}" -f $i,$lines[$i-1] } }
