# Command log for PublicMenu review on 2026-03-26
# Timed out:
Get-ChildItem -Name pages/PublicMenu
Get-Content pages/PublicMenu/x.jsx
if (Test-Path pages/PublicMenu/README.md) { Get-Content pages/PublicMenu/README.md }
if (Test-Path pages/PublicMenu/BUGS.md) { Get-Content pages/PublicMenu/BUGS.md }
Get-ChildItem pages/PublicMenu | Select-Object Name,Length
Select-String -Path pages/PublicMenu/x.jsx -Pattern 'подтверждён|tableConfirmed|showTableConfirmSheet|showSuccessBanner|currentGuest\?\.name|guestName|#\$\{|guestNumber|Вы:' -CaseSensitive:$false
if (Test-Path pages/PublicMenu/README.md) { Get-Content pages/PublicMenu/README.md } else { 'README.md not found' }
if (Test-Path pages/PublicMenu/BUGS.md) { Get-Content pages/PublicMenu/BUGS.md } else { 'BUGS.md not found' }

# Completed:
Get-Location
Get-Date -Format o
Get-ChildItem pages/PublicMenu | Select-Object Name,Length
if (Test-Path pages/PublicMenu/README.md) { Get-Content pages/PublicMenu/README.md } else { 'README.md not found' }
if (Test-Path pages/PublicMenu/BUGS.md) { Get-Content pages/PublicMenu/BUGS.md } else { 'BUGS.md not found' }
Select-String -Path pages/PublicMenu/x.jsx -Pattern 'tableConfirmed|подтвержд|showTableConfirmSheet|showSuccessBanner' -CaseSensitive:$false -Context 6,10
Select-String -Path pages/PublicMenu/x.jsx -Pattern 'currentGuest\?\.name|guestName|guestNumber|#\$\{|Вы:|currentGuestDisplay|displayGuest' -CaseSensitive:$false -Context 6,10
Select-String -Path pages/PublicMenu/x.jsx -Pattern 'getGuestDisplayName|displayName|guestDisplay|guestCode|guestNumber|currentGuest' -CaseSensitive:$false -Context 8,16
$m = Select-String -Path pages/PublicMenu/x.jsx -Pattern 'cart.verify.table_verified' -CaseSensitive:$false; if ($m) { $line=$m.LineNumber; Get-Content pages/PublicMenu/x.jsx | Select-Object -Skip ($line-8) -First 20 }
Select-String -Path pages/PublicMenu/x.jsx -Pattern 'table_verified|confirmed|tableConfirm|success banner|showSuccess' -CaseSensitive:$false -Context 6,12
Select-String -Path pages/PublicMenu/x.jsx -Pattern 'guestCode|hallGuestCodeEnabled|getGuestDisplayName\(' -CaseSensitive:$false -Context 3,8
Select-String -Path pages/PublicMenu/x.jsx -Pattern 'bg-green|text-green|border-green|green-|table_verified|подтвержд' -CaseSensitive:$false -Context 4,10
Select-String -Path pages/PublicMenu/x.jsx -Pattern 'Banner|banner|success|verified|currentTableId' -CaseSensitive:$false -Context 4,10
$lines = Get-Content pages/PublicMenu/x.jsx; $start=3348; $count=38; for($i=$start; $i -lt ($start+$count); $i++){ '{0}: {1}' -f ($i+1), $lines[$i] }
$lines = Get-Content pages/PublicMenu/x.jsx; $start=3516; $count=24; for($i=$start; $i -lt ($start+$count); $i++){ '{0}: {1}' -f ($i+1), $lines[$i] }
$lines = Get-Content pages/PublicMenu/x.jsx; $start=2768; $count=10; for($i=$start; $i -lt ($start+$count); $i++){ '{0}: {1}' -f ($i+1), $lines[$i] }
Select-String -Path pages/PublicMenu/x.jsx -Pattern '\bverifiedByCode\b' -CaseSensitive:$false
Select-String -Path pages/PublicMenu/x.jsx -Pattern '\bcurrentTable\b|\bcurrentTableId\b|\bisTableVerified\b' -CaseSensitive:$false | Select-Object -First 80
Select-String -Path pages/PublicMenu/x.jsx -Pattern 'replace\(|split\(|#\d|guestLabel|guest.name|getGuestDisplayName|menuapp_guest_name' -CaseSensitive:$false -Context 3,6
$lines = Get-Content pages/PublicMenu/x.jsx; $start=3140; $count=28; for($i=$start; $i -lt ($start+$count); $i++){ '{0}: {1}' -f ($i+1), $lines[$i] }
$lines = Get-Content pages/PublicMenu/x.jsx; $start=3340; $count=20; for($i=$start; $i -lt ($start+$count); $i++){ '{0}: {1}' -f ($i+1), $lines[$i] }
Test-Path pipeline/chain-state
Test-Path pages/PublicMenu/review_2026-03-26.md
Test-Path pages/PublicMenu/commands_2026-03-26.log
