Get-Content -Raw 'C:\Users\ASUS\Dev\Menu AI Cowork\pipeline\task-260416-203030-010.prompt'
Get-Content -Raw 'C:\Users\ASUS\Dev\Menu AI Cowork\pipeline\task-260416-203030-010.prompt'
(Get-Item 'C:\Users\ASUS\Dev\Menu AI Cowork\menuapp-code-review\pages\PublicMenu\CartView.jsx').Length
rg -n "^" 'pages/PublicMenu/CartView.jsx' | Measure-Object | Select-Object -ExpandProperty Count
@'
$path = 'C:\Users\ASUS\Dev\Menu AI Cowork\menuapp-code-review\pages\PublicMenu\CartView.jsx'
$lines = [System.IO.File]::ReadAllLines($path)
$ranges = @(
  @{Start=270; End=320},
  @{Start=375; End=390},
  @{Start=490; End=545},
  @{Start=780; End=920},
  @{Start=920; End=940}
)
foreach ($r in $ranges) {
  "=== L$($r.Start)-L$($r.End) ==="
  for ($i = $r.Start; $i -le $r.End; $i++) {
    if ($i -le $lines.Length) { '{0,4}: {1}' -f $i, $lines[$i-1] }
  }
}
'@ | powershell -NoProfile -Command -
$path = 'C:\Users\ASUS\Dev\Menu AI Cowork\menuapp-code-review\pages\PublicMenu\CartView.jsx'; $lines = [System.IO.File]::ReadAllLines($path); $ranges = @(@{Start=270; End=320}, @{Start=375; End=390}, @{Start=490; End=545}, @{Start=780; End=920}, @{Start=920; End=940}); foreach ($r in $ranges) { Write-Output "=== L$($r.Start)-L$($r.End) ==="; for ($i = $r.Start; $i -le $r.End; $i++) { if ($i -le $lines.Length) { '{0,4}: {1}' -f $i, $lines[$i-1] } } }
rg -n "itemsByOrder|getOrderStatus|bucketDisplayNames|bucketOrder|groupLabels|currentTableKey|cv_terminal_dismissed|terminalDismissed|showTerminal|statusBuckets|currentTable\?\.status|currentTable\.status|cart\.group\.pending|cart\.order\.pending_badge|cart\.table\.you|cart\.header\.table_label|cart\.header\.you_label|cart\.terminal\.title" 'pages/PublicMenu/CartView.jsx'
rg -a -n "itemsByOrder|getOrderStatus|bucketDisplayNames|bucketOrder|groupLabels|currentTableKey|cv_terminal_dismissed|terminalDismissed|showTerminal|statusBuckets|currentTable\?\.status|currentTable\.status|cart\.group\.pending|cart\.order\.pending_badge|cart\.table\.you|cart\.header\.table_label|cart\.header\.you_label|cart\.terminal\.title" 'pages/PublicMenu/CartView.jsx'
$path = 'C:\Users\ASUS\Dev\Menu AI Cowork\menuapp-code-review\pages\PublicMenu\CartView.jsx'; $lines = [System.IO.File]::ReadAllLines($path); $ranges = @(@{Start=430; End=470}, @{Start=560; End=590}, @{Start=995; End=1035}, @{Start=1035; End=1105}); foreach ($r in $ranges) { Write-Output "=== L$($r.Start)-L$($r.End) ==="; for ($i = $r.Start; $i -le $r.End; $i++) { if ($i -le $lines.Length) { '{0,4}: {1}' -f $i, $lines[$i-1] } } }
([System.IO.File]::ReadAllLines('C:\Users\ASUS\Dev\Menu AI Cowork\menuapp-code-review\pages\PublicMenu\CartView.jsx')).Length
rg -n "^## Fix|^### Fix|^\*\*Шаг|^### Acceptance Criteria|^## MANUAL QA|^## Regression Check|^## Review Instructions|^### ⚠️ i18n Exception|^## FROZEN UX Grep Verification" 'C:\Users\ASUS\Dev\Menu AI Cowork\pipeline\task-260416-203030-010.prompt'
$path = 'C:\Users\ASUS\Dev\Menu AI Cowork\pipeline\task-260416-203030-010.prompt'; $lines = [System.IO.File]::ReadAllLines($path); $ranges = @(@{Start=1; End=120}, @{Start=183; End=420}, @{Start=421; End=721}, @{Start=722; End=1055}, @{Start=1115; End=1175}); foreach ($r in $ranges) { Write-Output "=== L$($r.Start)-L$($r.End) ==="; for ($i = $r.Start; $i -le $r.End; $i++) { if ($i -le $lines.Length) { '{0,4}: {1}' -f $i, $lines[$i-1] } } }
$path = 'C:\Users\ASUS\Dev\Menu AI Cowork\pipeline\task-260416-203030-010.prompt'; $lines = [System.IO.File]::ReadAllLines($path); $ranges = @(@{Start=340; End=430}, @{Start=421; End=721}, @{Start=722; End=920}); foreach ($r in $ranges) { Write-Output "=== L$($r.Start)-L$($r.End) ==="; for ($i = $r.Start; $i -le $r.End; $i++) { if ($i -le $lines.Length) { '{0,4}: {1}' -f $i, $lines[$i-1] } } }
$path = 'C:\Users\ASUS\Dev\Menu AI Cowork\pipeline\task-260416-203030-010.prompt'; $lines = [System.IO.File]::ReadAllLines($path); for ($i = 629; $i -le 700; $i++) { if ($i -le $lines.Length) { '{0,4}: {1}' -f $i, $lines[$i-1] } }
rg -a -n "^  return \(" 'pages/PublicMenu/CartView.jsx'
$path = 'C:\Users\ASUS\Dev\Menu AI Cowork\menuapp-code-review\pages\PublicMenu\CartView.jsx'; $lines = [System.IO.File]::ReadAllLines($path); for ($i = 469; $i -le 489; $i++) { if ($i -le $lines.Length) { '{0,4}: {1}' -f $i, $lines[$i-1] } }
rg -a -n "text-amber-600" 'pages/PublicMenu/CartView.jsx'
$iso = (Get-Date).ToString('s'); $hm = (Get-Date).ToString('HH:mm'); $progress = 'C:\Users\ASUS\Dev\Menu AI Cowork\pipeline\progress-task-260416-203030-010.txt'; Write-Output "ISO=$iso"; Write-Output "HM=$hm"; if (Test-Path $progress) { Write-Output 'PROGRESS_EXISTS=1'; Get-Content $progress -Tail 20 } else { Write-Output 'PROGRESS_EXISTS=0' }
rg -n "Scope lock|Only `pages/PublicMenu/CartView.jsx`|No changes to other files" 'C:\Users\ASUS\Dev\Menu AI Cowork\pipeline\task-260416-203030-010.prompt'
