1. Get-Content -Raw 'C:/Users/ASUS/Dev/Menu AI Cowork/pipeline/task-260421-211207-002.prompt'
2. Get-ChildItem -Force 'pages/PublicMenu' | Select-Object Name,Length,LastWriteTime
3. if (Test-Path 'pages/PublicMenu/README.md') { Get-Content -Raw 'pages/PublicMenu/README.md' }
4. if (Test-Path 'pages/PublicMenu/BUGS.md') { Get-Content -Raw 'pages/PublicMenu/BUGS.md' }
5. rg -n "isCancelledOrder|tableOrdersTotal|'submitted'|terminalStateShownForVersion|otherGuestsExpanded|table_orders|back_to_menu|need_help_or_bill|SECTION 5|guestTotal|bucketOrder|renderedTableTotal|submitPhase|Bell" 'pages/PublicMenu/CartView.jsx'
6. (Get-Content 'pages/PublicMenu/CartView.jsx' | Measure-Object -Line).Lines
7. rg -a -n "isCancelledOrder|tableOrdersTotal|'submitted'|terminalStateShownForVersion|otherGuestsExpanded|table_orders|back_to_menu|need_help_or_bill|SECTION 5|guestTotal|bucketOrder|renderedTableTotal|submitPhase|Bell" 'pages/PublicMenu/CartView.jsx'
8. Get-Content -Path 'pages/PublicMenu/CartView.jsx' -TotalCount 80
9. $lines = Get-Content 'pages/PublicMenu/CartView.jsx'; for($i=110;$i -le 170;$i++){ if($i -le $lines.Length){ '{0}:{1}' -f $i,$lines[$i-1] } }
10. $lines = Get-Content 'pages/PublicMenu/CartView.jsx'; for($i=425;$i -le 570;$i++){ if($i -le $lines.Length){ '{0}:{1}' -f $i,$lines[$i-1] } }
11. $lines = Get-Content 'pages/PublicMenu/CartView.jsx'; for($i=890;$i -le 1010;$i++){ if($i -le $lines.Length){ '{0}:{1}' -f $i,$lines[$i-1] } }
12. $lines = Get-Content 'pages/PublicMenu/CartView.jsx'; for($i=1088;$i -le 1105;$i++){ if($i -le $lines.Length){ '{0}:{1}' -f $i,$lines[$i-1] } }
13. $lines = Get-Content 'pages/PublicMenu/CartView.jsx'; for($i=1302;$i -le 1320;$i++){ if($i -le $lines.Length){ '{0}:{1}' -f $i,$lines[$i-1] } }
14. rg -a -n "terminalStateShownForVersion|terminalVersion|isV8|nothing_waiting|can_order_or_rate" 'pages/PublicMenu/CartView.jsx'
15. $lines = Get-Content 'pages/PublicMenu/CartView.jsx'; for($i=1040;$i -le 1095;$i++){ if($i -le $lines.Length){ '{0}:{1}' -f $i,$lines[$i-1] } }
16. $lines = Get-Content 'pages/PublicMenu/CartView.jsx'; for($i=1012;$i -le 1038;$i++){ if($i -le $lines.Length){ '{0}:{1}' -f $i,$lines[$i-1] } }
17. $lines = Get-Content 'C:/Users/ASUS/Dev/Menu AI Cowork/pipeline/task-260421-211207-002.prompt'; for($i=240;$i -le 420;$i++){ if($i -le $lines.Length){ '{0}:{1}' -f $i,$lines[$i-1] } }
18. rg -a -n "terminalStateShownForVersion|terminalVersion|isV8|nothing_waiting|can_order_or_rate" 'pages/PublicMenu/260419-00 CartView RELEASE.jsx'
19. $lines = Get-Content 'C:/Users/ASUS/Dev/Menu AI Cowork/pipeline/task-260421-211207-002.prompt'; for($i=420;$i -le 520;$i++){ if($i -le $lines.Length){ '{0}:{1}' -f $i,$lines[$i-1] } }
20. rg -a -n "'submitted'|=== 'new'|bucketOrder|terminalStateShownForVersion|terminalVersion|tableOrdersTotal|otherGuestsExpanded|cart\\.table_orders|need_help_or_bill|variant=\"outline\"|style=\\{\\{backgroundColor: primaryColor\\}\\}|isCancelledOrder\\(o\\) \\? sum : sum \\+" 'pages/PublicMenu/CartView.jsx'
21. rg -a -n "CV-BUG-06|CV-BUG-15|CV-BUG-16|R4|V4 LOCKED|pending_unconfirmed" 'pages/PublicMenu/BUGS.md' 'pages/PublicMenu/README.md'
22. Select-String -Path 'pages/PublicMenu/CartView.jsx' -Pattern "'submitted'","=== 'new'","bucketOrder","terminalStateShownForVersion","terminalVersion","tableOrdersTotal","otherGuestsExpanded","cart.table_orders","need_help_or_bill","variant=\"outline\"","backgroundColor: primaryColor","isCancelledOrder(o) ? sum : sum +" | ForEach-Object { '{0}:{1}' -f $_.LineNumber, $_.Line.Trim() }
23. Select-String -Path 'pages/PublicMenu/CartView.jsx' -Pattern 'Заказы стола','terminalStateShownForVersion','tableOrdersTotal','otherGuestsExpanded' | ForEach-Object { '{0}:{1}' -f $_.LineNumber, $_.Line.Trim() }
24. Select-String -Path 'pages/PublicMenu/BUGS.md','pages/PublicMenu/README.md' -Pattern 'CV-BUG-06','CV-BUG-15','CV-BUG-16','R4','V4' | ForEach-Object { '{0}:{1}:{2}' -f $_.Path, $_.LineNumber, $_.Line.Trim() }
25. Select-String -Path 'pages/PublicMenu/CartView.jsx' -Pattern "'submitted'" | ForEach-Object { '{0}:{1}' -f $_.LineNumber, $_.Line.Trim() }
26. Select-String -Path 'pages/PublicMenu/CartView.jsx' -Pattern "=== 'new'","bucketOrder","terminalVersion","need_help_or_bill","variant=\"outline\"","backgroundColor: primaryColor" | ForEach-Object { '{0}:{1}' -f $_.LineNumber, $_.Line.Trim() }
27. Select-String -Path 'pages/PublicMenu/CartView.jsx' -Pattern "isCancelledOrder(o) ? sum : sum +","Заказы стола" | ForEach-Object { '{0}:{1}' -f $_.LineNumber, $_.Line.Trim() }
28. $patterns = @("=== 'new'","bucketOrder","terminalVersion","need_help_or_bill","variant=\"outline\"","backgroundColor: primaryColor","cart.table_orders"); Select-String -Path 'pages/PublicMenu/CartView.jsx' -Pattern $patterns | ForEach-Object { '{0}:{1}' -f $_.LineNumber, $_.Line.Trim() }
29. $patterns = @('terminalStateShownForVersion','tableOrdersTotal','otherGuestsExpanded','Заказы стола','isCancelledOrder(o) ? sum : sum +'); Select-String -Path 'pages/PublicMenu/CartView.jsx' -Pattern $patterns | ForEach-Object { '{0}:{1}' -f $_.LineNumber, $_.Line.Trim() }
30. git diff --no-index -- 'pages/PublicMenu/260419-00 CartView RELEASE.jsx' 'pages/PublicMenu/CartView.jsx'
31. Select-String -Path 'pages/PublicMenu/CartView.jsx' -Pattern "=== 'new'" | ForEach-Object { '{0}:{1}' -f $_.LineNumber, $_.Line.Trim() }
32. Select-String -Path 'pages/PublicMenu/CartView.jsx' -Pattern 'bucketOrder' | ForEach-Object { '{0}:{1}' -f $_.LineNumber, $_.Line.Trim() }
33. Select-String -Path 'pages/PublicMenu/CartView.jsx' -Pattern 'terminalVersion' | ForEach-Object { '{0}:{1}' -f $_.LineNumber, $_.Line.Trim() }
34. Select-String -Path 'pages/PublicMenu/CartView.jsx' -Pattern 'need_help_or_bill' | ForEach-Object { '{0}:{1}' -f $_.LineNumber, $_.Line.Trim() }
35. Select-String -Path 'pages/PublicMenu/CartView.jsx' -Pattern 'variant="outline"' | ForEach-Object { '{0}:{1}' -f $_.LineNumber, $_.Line.Trim() }
36. Select-String -Path 'pages/PublicMenu/CartView.jsx' -Pattern 'isCancelledOrder\\(o\\) \\? sum : sum \\+' | ForEach-Object { '{0}:{1}' -f $_.LineNumber, $_.Line.Trim() }
37. Select-String -Path 'pages/PublicMenu/CartView.jsx' -Pattern 'tableOrdersTotal' | ForEach-Object { '{0}:{1}' -f $_.LineNumber, $_.Line.Trim() }
38. Select-String -Path 'pages/PublicMenu/CartView.jsx' -Pattern 'otherGuestsExpanded' | ForEach-Object { '{0}:{1}' -f $_.LineNumber, $_.Line.Trim() }
39. Select-String -Path 'pages/PublicMenu/CartView.jsx' -Pattern 'Заказы стола','cart.table_orders' | ForEach-Object { '{0}:{1}' -f $_.LineNumber, $_.Line.Trim() }
40. Select-String -Path 'pages/PublicMenu/CartView.jsx' -Pattern 'backgroundColor: primaryColor' | ForEach-Object { '{0}:{1}' -f $_.LineNumber, $_.Line.Trim() }
41. Get-Date -Format "yyyy-MM-ddTHH:mm:ssK"
42. New-Item -ItemType Directory -Force 'pages/Unknown' | Out-Null
