@'
$ts = Get-Date -Format "yyyy-MM-ddTHH:mm:ssK"
"started $ts" | Set-Content -LiteralPath "C:/Users/ASUS/Dev/Menu AI Cowork/pipeline/started-task-260415-092849.md"
'@ | powershell -NoProfile -Command -
git fetch origin 2>$null; git reset --hard origin/main
Get-Process | Where-Object { $_.ProcessName -match '^git' } | Select-Object ProcessName,Id,Path
Get-Item -LiteralPath .git/index.lock | Select-Object FullName,Length,LastWriteTime
Get-Process git -ErrorAction SilentlyContinue | Select-Object ProcessName,Id,Path
Remove-Item -LiteralPath .git/index.lock -Force; git fetch origin 2>$null; git reset --hard origin/main
Remove-Item -LiteralPath .git/index.lock -Force
git fetch origin 2>$null
Get-ChildItem -LiteralPath pages/PublicMenu | Select-Object Name,Length,LastWriteTime
(Get-Content -LiteralPath pages/PublicMenu/CartView.jsx | Measure-Object -Line).Lines
Get-Content -LiteralPath pages/PublicMenu/README.md
Get-Content -LiteralPath pages/PublicMenu/BUGS.md
$path='pages/PublicMenu/CartView.jsx'; $lines=Get-Content -LiteralPath $path; for($i=380;$i -le 560;$i++){ if($i -le $lines.Length){ '{0,4}: {1}' -f $i,$lines[$i-1] } }
$path='pages/PublicMenu/CartView.jsx'; $lines=Get-Content -LiteralPath $path; for($i=700;$i -le 930;$i++){ if($i -le $lines.Length){ '{0,4}: {1}' -f $i,$lines[$i-1] } }
$path='pages/PublicMenu/useTableSession.jsx'; $lines=Get-Content -LiteralPath $path; for($i=760;$i -le 840;$i++){ if($i -le $lines.Length){ '{0,4}: {1}' -f $i,$lines[$i-1] } }
$path='pages/PublicMenu/CartView.jsx'; $lines=Get-Content -LiteralPath $path; for($i=1;$i -le 120;$i++){ '{0,4}: {1}' -f $i,$lines[$i-1] }
Select-String -LiteralPath pages/PublicMenu/CartView.jsx -Pattern 'showTableOrdersSection|Tabs|SECTION 3|SECTION 4|SECTION 5|tableTotal|getOrderStatus|getSafeStatus' | ForEach-Object { '{0}: {1}' -f $_.LineNumber, $_.Line.Trim() }
$path='pages/PublicMenu/CartView.jsx'; $lines=Get-Content -LiteralPath $path; for($i=260;$i -le 330;$i++){ '{0,4}: {1}' -f $i,$lines[$i-1] }
$path='pages/PublicMenu/CartView.jsx'; $lines=Get-Content -LiteralPath $path; for($i=330;$i -le 360;$i++){ '{0,4}: {1}' -f $i,$lines[$i-1] }
Select-String -LiteralPath pages/PublicMenu/CartView.jsx -Pattern 'SECTION 3|SECTION 4|myBill|ordersSum|cartTotalAmount|table_total|otherGuestsExpanded|otherGuestIdsFromOrders' | ForEach-Object { '{0}: {1}' -f $_.LineNumber, $_.Line.Trim() }
$path='pages/PublicMenu/CartView.jsx'; $lines=Get-Content -LiteralPath $path; for($i=560;$i -le 760;$i++){ if($i -le $lines.Length){ '{0,4}: {1}' -f $i,$lines[$i-1] } }
Select-String -LiteralPath pages/PublicMenu/CartView.jsx -Pattern 'statusBuckets\.served|statusBuckets\.in_progress|todayMyOrders' | ForEach-Object { '{0}: {1}' -f $_.LineNumber, $_.Line.Trim() }
$path='pages/PublicMenu/CartView.jsx'; $lines=Get-Content -LiteralPath $path; for($i=930;$i -le 1087;$i++){ if($i -le $lines.Length){ '{0,4}: {1}' -f $i,$lines[$i-1] } }
Select-String -LiteralPath pages/PublicMenu/CartView.jsx -Pattern 'myBill|Счёт|cart total|Итого|subtotal|guest total' | ForEach-Object { '{0}: {1}' -f $_.LineNumber, $_.Line.Trim() }
