Task: task-260421-182901-002
Workdir: C:\Users\ASUS\Dev\Menu AI Cowork\menuapp-code-review

1. [timeout]
Get-Content -Raw 'C:\Users\ASUS\Dev\Menu AI Cowork\pipeline\task-260421-182901-002.prompt'

2. [ok]
Get-Content -Raw 'C:\Users\ASUS\Dev\Menu AI Cowork\pipeline\task-260421-182901-002.prompt'

3. [ok]
git fetch origin 2>$null; git reset --hard origin/main

4. [timeout]
Get-ChildItem 'pages\PublicMenu' | Select-Object Name,Length

5. [timeout]
@'
from pathlib import Path
p = Path(r'pages/PublicMenu/CartView.jsx')
text = p.read_text(encoding='utf-8')
print(len(text.splitlines()))
'@ | python -

6. [timeout]
rg -n "isCancelledOrder|terminalStateShownForVersion|tableOrdersTotal|'submitted'|back_to_menu|need_help_or_bill|otherGuestsExpanded|SECTION 5|bucketOrder|pending_unconfirmed" pages/PublicMenu/CartView.jsx

7. [timeout]
@'
from pathlib import Path
for name in ['README.md','BUGS.md']:
    p = Path('pages/PublicMenu')/name
    print(f'== {name} ==')
    if p.exists():
        print(p.read_text(encoding='utf-8'))
    else:
        print('[missing]')
'@ | python -

8. [timeout]
Get-ChildItem 'pages\PublicMenu' | Select-Object Name,Length

9. [timeout]
@'
from pathlib import Path
p = Path(r'pages/PublicMenu/CartView.jsx')
print(sum(1 for _ in p.open(encoding='utf-8')))
'@ | python -

10. [timeout]
rg -n "isCancelledOrder|terminalStateShownForVersion|tableOrdersTotal|'submitted'|back_to_menu|need_help_or_bill|otherGuestsExpanded|SECTION 5|bucketOrder|pending_unconfirmed" pages/PublicMenu/CartView.jsx

11. [timeout]
$env:PYTHONIOENCODING='utf-8'; @'
from pathlib import Path
for name in ['README.md','BUGS.md']:
    p = Path('pages/PublicMenu')/name
    print(f'== {name} ==')
    if p.exists():
        print(p.read_text(encoding='utf-8'))
    else:
        print('[missing]')
'@ | python -

12. [ok]
Get-ChildItem 'pages\PublicMenu' | Select-Object Name,Length

13. [ok]
@'
from pathlib import Path
p = Path(r'pages/PublicMenu/CartView.jsx')
print(sum(1 for _ in p.open(encoding='utf-8')))
'@ | python -

14. [ok]
rg -n "isCancelledOrder|terminalStateShownForVersion|tableOrdersTotal|'submitted'|back_to_menu|need_help_or_bill|otherGuestsExpanded|SECTION 5|bucketOrder|pending_unconfirmed" pages/PublicMenu/CartView.jsx

15. [fail: cp1252 output encoding]
$env:PYTHONIOENCODING='utf-8'; @'
from pathlib import Path
p = Path(r'pages/PublicMenu/README.md')
print(p.read_text(encoding='utf-8'))
'@ | python -

16. [fail: cp1252 output encoding]
$env:PYTHONIOENCODING='utf-8'; @'
from pathlib import Path
p = Path(r'pages/PublicMenu/BUGS.md')
text = p.read_text(encoding='utf-8')
for needle in ['CV-BUG-16', 'CV-BUG-15', 'CV-BUG-06', 'Terminal', 'pending_unconfirmed', 'CartView']:
    print(f'== {needle} ==')
    idx = text.find(needle)
    if idx == -1:
        print('[not found]')
        continue
    start = max(0, idx - 400)
    end = min(len(text), idx + 900)
    print(text[start:end])
    print('\n---\n')
'@ | python -

17. [fail: cp1252 output encoding after partial output]
$env:PYTHONIOENCODING='utf-8'; @'
from pathlib import Path
p = Path(r'pages/PublicMenu/CartView.jsx')
text = p.read_text(encoding='utf-8', errors='replace').splitlines()
needles = ['isCancelledOrder', 'terminalStateShownForVersion', 'tableOrdersTotal', "\'submitted\'", 'back_to_menu', 'need_help_or_bill', 'otherGuestsExpanded', 'SECTION 5', 'bucketOrder', 'pending_unconfirmed']
for needle in needles:
    print(f'== {needle} ==')
    found = False
    for i, line in enumerate(text, 1):
        if needle in line:
            found = True
            start = max(1, i-3)
            end = min(len(text), i+6)
            for j in range(start, end+1):
                print(f'{j}: {text[j-1]}')
            print('---')
    if not found:
        print('[not found]')
        print('---')
'@ | python -

18. [ok]
$env:PYTHONIOENCODING='utf-8'; @'
from pathlib import Path
p = Path(r'pages/PublicMenu/CartView.jsx')
lines = p.read_text(encoding='utf-8', errors='replace').splitlines()
ranges = [(1,40),(458,472),(518,541),(868,898),(912,1005),(1088,1102),(1298,1317)]
for start,end in ranges:
    print(f'== {start}-{end} ==')
    for i in range(start,end+1):
        if i <= len(lines):
            print(f'{i}: {lines[i-1]}')
    print('---')
'@ | python -

19. [ok]
$env:PYTHONIOENCODING='utf-8'; @'
from pathlib import Path
p = Path(r'pages/PublicMenu/CartView.jsx')
lines = p.read_text(encoding='utf-8', errors='replace').splitlines()
needles = ['terminalVersion', 'isV8', 'submitPhase', 'localStorage', 'terminal', 'Nothing', 'Ничего не ждёте']
for needle in needles:
    print(f'== {needle} ==')
    found = False
    for i, line in enumerate(lines, 1):
        if needle in line:
            found = True
            start = max(1, i-4)
            end = min(len(lines), i+8)
            for j in range(start, end+1):
                print(f'{j}: {lines[j-1]}')
            print('---')
    if not found:
        print('[not found]')
        print('---')
'@ | python -

20. [ok]
$env:PYTHONIOENCODING='utf-8'; @'
from pathlib import Path
p = Path(r'pages/PublicMenu/CartView.jsx')
lines = p.read_text(encoding='utf-8', errors='replace').splitlines()
for start,end in [(1008,1090)]:
    print(f'== {start}-{end} ==')
    for i in range(start,end+1):
        if i <= len(lines):
            print(f'{i}: {lines[i-1]}')
'@ | python -

21. [ok]
$env:PYTHONIOENCODING='utf-8'; @'
from pathlib import Path
p = Path(r'pages/PublicMenu/CartView.jsx')
lines = p.read_text(encoding='utf-8', errors='replace').splitlines()
for needle in ['expandedStatuses', 'manualOverrideRef', 'otherGuestsExpanded']:
    print(f'== {needle} ==')
    for i,line in enumerate(lines,1):
        if needle in line:
            start=max(1,i-4); end=min(len(lines),i+8)
            for j in range(start,end+1):
                print(f'{j}: {lines[j-1]}')
            print('---')
'@ | python -

22. [ok]
$env:PYTHONIOENCODING='utf-8'; @'
from pathlib import Path
p = Path(r'pages/PublicMenu/README.md')
print(p.read_text(encoding='utf-8', errors='replace'))
'@ | python -

23. [ok]
$env:PYTHONIOENCODING='utf-8'; @'
from pathlib import Path
p = Path(r'pages/PublicMenu/BUGS.md')
text = p.read_text(encoding='utf-8', errors='replace')
for needle in ['CV-BUG-16', 'CV-BUG-15', 'CV-BUG-06', 'pending', 'table orders', 'terminal']:
    print(f'== {needle} ==')
    idx = text.lower().find(needle.lower())
    if idx == -1:
        print('[not found]')
    else:
        start = max(0, idx-300)
        end = min(len(text), idx+900)
        print(text[start:end])
    print('\n---\n')
'@ | python -

24. [ok]
Get-Date -Format "yyyy-MM-ddTHH:mm:sszzz`nHH:mm"
