Task: task-260421-153155-002
Date: 2026-04-21

1. [shell][exit 0]
Get-Content -Raw 'C:/Users/ASUS/Dev/Menu AI Cowork/pipeline/task-260421-153155-002.prompt'

2. [shell][exit 0]
Get-ChildItem -Force 'C:\Users\ASUS\Dev\Menu AI Cowork\menuapp-code-review\pages\PublicMenu' | Select-Object Name,Length,LastWriteTime

3. [shell][exit 0]
git status --short

4. [shell][exit 0]
git rev-parse --show-toplevel

5. [shell][exit 0]
Get-Item 'pipeline' | Format-List FullName,LinkType,Target,Attributes

6. [shell][exit 0]
Get-Item 'C:/Users/ASUS/Dev/Menu AI Cowork/pipeline' | Format-List FullName,LinkType,Target,Attributes

7. [shell][exit 1]
$timestamp = Get-Date -Format o; Set-Content -LiteralPath 'C:/Users/ASUS/Dev/Menu AI Cowork/pipeline/started-task-260421-153155-002.md' -Value ("started $timestamp") -Encoding utf8

8. [apply_patch][exit 0]
Add File: pipeline/started-task-260421-153155-002.md

9. [shell][exit 0]
git fetch origin 2>$null; git reset --hard origin/main

10. [apply_patch][exit 0]
Add File: pipeline/progress-task-260421-153155-002.txt

11. [shell][exit 0]
Get-Content 'pages/PublicMenu/README.md' | Select-Object -First 220

12. [shell][exit 0]
rg -n "CV-BUG-16|CV-BUG-15|CV-BUG-06|terminalStateShownForVersion|tableOrdersTotal|guestTotal|back_to_menu|need_help_or_bill|pending_unconfirmed" 'pages/PublicMenu/BUGS.md'

13. [shell][exit 0]
Get-Content 'pages/PublicMenu/BUGS.md' | Select-Object -Skip 132 -First 40

14. [shell][exit 0]
Copy-Item -LiteralPath 'pages/PublicMenu/260419-00 CartView RELEASE.jsx' -Destination 'pages/PublicMenu/CartView.jsx' -Force

15. [shell][exit 1]
bash -lc "wc -l 'pages/PublicMenu/CartView.jsx'"

16. [shell][exit 0]
(Get-Content 'pages/PublicMenu/CartView.jsx' | Measure-Object -Line).Lines

17. [shell][exit 0]
Get-Content 'pages/PublicMenu/review_2026-04-21_task-260421-144653-003.md' | Select-Object -First 160

18. [shell][exit 0]
Get-Content 'pages/PublicMenu/commands_2026-04-21_task-260421-144653-003.log' | Select-Object -First 200
